TN:
SF:client\sentry.ts
FN:10,(anonymous_0)
FN:24,(anonymous_1)
FN:37,(anonymous_2)
FN:39,(anonymous_3)
FN:40,(anonymous_4)
FN:50,(anonymous_5)
FN:56,(anonymous_6)
FN:57,(anonymous_7)
FN:67,(anonymous_8)
FN:71,(anonymous_9)
FN:76,(anonymous_10)
FN:85,(anonymous_11)
FN:85,(anonymous_12)
FN:85,(anonymous_13)
FN:88,(anonymous_14)
FNF:15
FNH:0
FNDA:0,(anonymous_0)
FNDA:0,(anonymous_1)
FNDA:0,(anonymous_2)
FNDA:0,(anonymous_3)
FNDA:0,(anonymous_4)
FNDA:0,(anonymous_5)
FNDA:0,(anonymous_6)
FNDA:0,(anonymous_7)
FNDA:0,(anonymous_8)
FNDA:0,(anonymous_9)
FNDA:0,(anonymous_10)
FNDA:0,(anonymous_11)
FNDA:0,(anonymous_12)
FNDA:0,(anonymous_13)
FNDA:0,(anonymous_14)
DA:8,0
DA:10,0
DA:11,0
DA:26,0
DA:28,0
DA:29,0
DA:32,0
DA:37,0
DA:38,0
DA:39,0
DA:40,0
DA:41,0
DA:43,0
DA:46,0
DA:50,0
DA:55,0
DA:56,0
DA:57,0
DA:58,0
DA:60,0
DA:63,0
DA:67,0
DA:68,0
DA:71,0
DA:72,0
DA:76,0
DA:77,0
DA:82,0
DA:83,0
DA:85,0
DA:88,0
DA:89,0
LF:32
LH:0
BRDA:8,0,0,0
BRDA:8,0,1,0
BRDA:14,1,0,0
BRDA:14,1,1,0
BRDA:26,2,0,0
BRDA:26,2,1,0
BRDA:28,3,0,0
BRDA:28,3,1,0
BRDA:38,4,0,0
BRDA:38,4,1,0
BRDA:52,5,0,0
BRDA:55,6,0,0
BRDA:55,6,1,0
BRDA:76,7,0,0
BRDA:82,8,0,0
BRDA:82,8,1,0
BRF:16
BRH:0
end_of_record
TN:
SF:client\src\App.tsx
FN:18,App
FNF:1
FNH:0
FNDA:0,App
DA:19,0
LF:1
LH:0
BRF:0
BRH:0
end_of_record
TN:
SF:client\src\constants\theme.ts
FNF:0
FNH:0
DA:3,3
DA:76,3
DA:93,3
DA:106,3
DA:149,3
DA:173,3
LF:6
LH:6
BRF:0
BRH:0
end_of_record
TN:
SF:client\src\core\accessibility\AccessibilityManager.ts
FN:53,(anonymous_0)
FN:57,(anonymous_1)
FN:87,(anonymous_2)
FN:91,(anonymous_3)
FN:95,(anonymous_4)
FN:99,(anonymous_5)
FN:115,(anonymous_6)
FN:124,(anonymous_7)
FN:139,(anonymous_8)
FN:145,(anonymous_9)
FN:146,(anonymous_10)
FN:150,(anonymous_11)
FN:154,(anonymous_12)
FN:158,(anonymous_13)
FN:164,(anonymous_14)
FN:174,(anonymous_15)
FN:184,(anonymous_16)
FN:191,(anonymous_17)
FN:214,(anonymous_18)
FN:219,(anonymous_19)
FN:223,(anonymous_20)
FN:228,(anonymous_21)
FN:237,(anonymous_22)
FN:242,(anonymous_23)
FN:247,(anonymous_24)
FN:263,(anonymous_25)
FN:275,(anonymous_26)
FN:314,(anonymous_27)
FN:326,(anonymous_28)
FN:329,(anonymous_29)
FN:340,(anonymous_30)
FN:348,(anonymous_31)
FNF:32
FNH:0
FNDA:0,(anonymous_0)
FNDA:0,(anonymous_1)
FNDA:0,(anonymous_2)
FNDA:0,(anonymous_3)
FNDA:0,(anonymous_4)
FNDA:0,(anonymous_5)
FNDA:0,(anonymous_6)
FNDA:0,(anonymous_7)
FNDA:0,(anonymous_8)
FNDA:0,(anonymous_9)
FNDA:0,(anonymous_10)
FNDA:0,(anonymous_11)
FNDA:0,(anonymous_12)
FNDA:0,(anonymous_13)
FNDA:0,(anonymous_14)
FNDA:0,(anonymous_15)
FNDA:0,(anonymous_16)
FNDA:0,(anonymous_17)
FNDA:0,(anonymous_18)
FNDA:0,(anonymous_19)
FNDA:0,(anonymous_20)
FNDA:0,(anonymous_21)
FNDA:0,(anonymous_22)
FNDA:0,(anonymous_23)
FNDA:0,(anonymous_24)
FNDA:0,(anonymous_25)
FNDA:0,(anonymous_26)
FNDA:0,(anonymous_27)
FNDA:0,(anonymous_28)
FNDA:0,(anonymous_29)
FNDA:0,(anonymous_30)
FNDA:0,(anonymous_31)
DA:12,0
DA:42,0
DA:51,0
DA:54,0
DA:58,0
DA:60,0
DA:67,0
DA:77,0
DA:78,0
DA:79,0
DA:81,0
DA:83,0
DA:87,0
DA:88,0
DA:91,0
DA:92,0
DA:95,0
DA:96,0
DA:100,0
DA:102,0
DA:103,0
DA:107,0
DA:108,0
DA:110,0
DA:111,0
DA:116,0
DA:117,0
DA:119,0
DA:120,0
DA:125,0
DA:126,0
DA:127,0
DA:128,0
DA:132,0
DA:134,0
DA:135,0
DA:140,0
DA:141,0
DA:142,0
DA:146,0
DA:151,0
DA:155,0
DA:156,0
DA:158,0
DA:159,0
DA:165,0
DA:166,0
DA:168,0
DA:169,0
DA:171,0
DA:176,0
DA:179,0
DA:180,0
DA:181,0
DA:184,0
DA:185,0
DA:188,0
DA:196,0
DA:198,0
DA:215,0
DA:220,0
DA:224,0
DA:229,0
DA:230,0
DA:238,0
DA:243,0
DA:253,0
DA:255,0
DA:256,0
DA:257,0
DA:259,0
DA:264,0
DA:266,0
DA:267,0
DA:269,0
DA:285,0
DA:286,0
DA:289,0
DA:290,0
DA:294,0
DA:295,0
DA:299,0
DA:300,0
DA:301,0
DA:302,0
DA:306,0
DA:315,0
DA:316,0
DA:317,0
DA:318,0
DA:323,0
DA:326,0
DA:327,0
DA:329,0
DA:330,0
DA:331,0
DA:334,0
DA:340,0
DA:346,0
DA:348,0
DA:349,0
LF:101
LH:0
BRDA:63,0,0,0
BRDA:63,0,1,0
BRDA:102,1,0,0
BRDA:102,1,1,0
BRDA:103,2,0,0
BRDA:103,2,1,0
BRDA:108,3,0,0
BRDA:108,3,1,0
BRDA:117,4,0,0
BRDA:117,4,1,0
BRDA:126,5,0,0
BRDA:126,5,1,0
BRDA:127,6,0,0
BRDA:127,6,1,0
BRDA:185,7,0,0
BRDA:185,7,1,0
BRDA:194,8,0,0
BRDA:202,9,0,0
BRDA:202,9,1,0
BRDA:207,10,0,0
BRDA:207,10,1,0
BRDA:215,11,0,0
BRDA:215,11,1,0
BRDA:224,12,0,0
BRDA:224,12,1,0
BRDA:255,13,0,0
BRDA:255,13,1,0
BRDA:256,14,0,0
BRDA:256,14,1,0
BRDA:257,15,0,0
BRDA:257,15,1,0
BRDA:264,16,0,0
BRDA:264,16,1,0
BRDA:266,17,0,0
BRDA:266,17,1,0
BRDA:289,18,0,0
BRDA:289,18,1,0
BRDA:289,19,0,0
BRDA:289,19,1,0
BRDA:294,20,0,0
BRDA:294,20,1,0
BRDA:294,21,0,0
BRDA:294,21,1,0
BRDA:299,22,0,0
BRDA:299,22,1,0
BRDA:299,23,0,0
BRDA:299,23,1,0
BRDA:299,23,2,0
BRDA:300,24,0,0
BRDA:300,24,1,0
BRDA:301,25,0,0
BRDA:301,25,1,0
BRDA:349,26,0,0
BRDA:349,26,1,0
BRF:54
BRH:0
end_of_record
TN:
SF:client\src\core\bundle\BundleOptimizer.ts
FN:46,(anonymous_0)
FN:51,(anonymous_1)
FN:60,(anonymous_2)
FN:65,(anonymous_3)
FN:72,(anonymous_4)
FN:74,(anonymous_5)
FN:75,(anonymous_6)
FN:76,(anonymous_7)
FN:77,(anonymous_8)
FN:82,(anonymous_9)
FN:93,(anonymous_10)
FN:129,(anonymous_11)
FN:134,(anonymous_12)
FN:153,(anonymous_13)
FN:157,(anonymous_14)
FN:181,(anonymous_15)
FN:184,(anonymous_16)
FN:199,(anonymous_17)
FN:214,(anonymous_18)
FN:229,(anonymous_19)
FN:233,(anonymous_20)
FN:236,(anonymous_21)
FN:247,(anonymous_22)
FN:266,(anonymous_23)
FN:280,(anonymous_24)
FN:283,(anonymous_25)
FN:293,(anonymous_26)
FN:297,(anonymous_27)
FN:309,(anonymous_28)
FN:325,(anonymous_29)
FN:330,(anonymous_30)
FN:333,(anonymous_31)
FNF:32
FNH:0
FNDA:0,(anonymous_0)
FNDA:0,(anonymous_1)
FNDA:0,(anonymous_2)
FNDA:0,(anonymous_3)
FNDA:0,(anonymous_4)
FNDA:0,(anonymous_5)
FNDA:0,(anonymous_6)
FNDA:0,(anonymous_7)
FNDA:0,(anonymous_8)
FNDA:0,(anonymous_9)
FNDA:0,(anonymous_10)
FNDA:0,(anonymous_11)
FNDA:0,(anonymous_12)
FNDA:0,(anonymous_13)
FNDA:0,(anonymous_14)
FNDA:0,(anonymous_15)
FNDA:0,(anonymous_16)
FNDA:0,(anonymous_17)
FNDA:0,(anonymous_18)
FNDA:0,(anonymous_19)
FNDA:0,(anonymous_20)
FNDA:0,(anonymous_21)
FNDA:0,(anonymous_22)
FNDA:0,(anonymous_23)
FNDA:0,(anonymous_24)
FNDA:0,(anonymous_25)
FNDA:0,(anonymous_26)
FNDA:0,(anonymous_27)
FNDA:0,(anonymous_28)
FNDA:0,(anonymous_29)
FNDA:0,(anonymous_30)
FNDA:0,(anonymous_31)
DA:20,0
DA:44,0
DA:47,0
DA:51,0
DA:52,0
DA:53,0
DA:54,0
DA:57,0
DA:59,0
DA:61,0
DA:62,0
DA:63,0
DA:66,0
DA:67,0
DA:72,0
DA:73,0
DA:74,0
DA:75,0
DA:76,0
DA:77,0
DA:80,0
DA:81,0
DA:83,0
DA:86,0
DA:88,0
DA:93,0
DA:94,0
DA:97,0
DA:106,0
DA:107,0
DA:108,0
DA:116,0
DA:117,0
DA:127,0
DA:128,0
DA:129,0
DA:134,0
DA:138,0
DA:141,0
DA:143,0
DA:144,0
DA:146,0
DA:148,0
DA:149,0
DA:153,0
DA:154,0
DA:157,0
DA:158,0
DA:159,0
DA:166,0
DA:167,0
DA:168,0
DA:174,0
DA:175,0
DA:181,0
DA:182,0
DA:183,0
DA:184,0
DA:189,0
DA:190,0
DA:192,0
DA:195,0
DA:199,0
DA:200,0
DA:205,0
DA:206,0
DA:207,0
DA:208,0
DA:210,0
DA:214,0
DA:215,0
DA:216,0
DA:220,0
DA:222,0
DA:229,0
DA:233,0
DA:236,0
DA:247,0
DA:254,0
DA:255,0
DA:258,0
DA:259,0
DA:260,0
DA:261,0
DA:262,0
DA:266,0
DA:267,0
DA:268,0
DA:272,0
DA:280,0
DA:283,0
DA:284,0
DA:285,0
DA:290,0
DA:293,0
DA:294,0
DA:295,0
DA:297,0
DA:298,0
DA:299,0
DA:300,0
DA:301,0
DA:303,0
DA:305,0
DA:309,0
DA:310,0
DA:313,0
DA:325,0
DA:326,0
DA:330,0
DA:331,0
DA:333,0
DA:334,0
DA:336,0
DA:337,0
DA:340,0
DA:341,0
LF:117
LH:0
BRDA:46,0,0,0
BRDA:52,1,0,0
BRDA:52,1,1,0
BRDA:106,2,0,0
BRDA:106,2,1,0
BRDA:158,3,0,0
BRDA:158,3,1,0
BRDA:166,4,0,0
BRDA:166,4,1,0
BRDA:167,5,0,0
BRDA:167,5,1,0
BRDA:174,6,0,0
BRDA:174,6,1,0
BRDA:182,7,0,0
BRDA:182,7,1,0
BRDA:189,8,0,0
BRDA:189,8,1,0
BRDA:215,9,0,0
BRDA:215,9,1,0
BRDA:239,10,0,0
BRDA:239,10,1,0
BRDA:240,11,0,0
BRDA:240,11,1,0
BRDA:241,12,0,0
BRDA:241,12,1,0
BRDA:258,13,0,0
BRDA:258,13,1,0
BRDA:259,14,0,0
BRDA:259,14,1,0
BRDA:261,15,0,0
BRDA:261,15,1,0
BRDA:267,16,0,0
BRDA:267,16,1,0
BRDA:331,17,0,0
BRDA:331,17,1,0
BRDA:336,18,0,0
BRDA:336,18,1,0
BRDA:340,19,0,0
BRDA:340,19,1,0
BRF:39
BRH:0
end_of_record
TN:
SF:client\src\core\di\Container.ts
FN:34,(anonymous_0)
FN:39,(anonymous_1)
FN:44,(anonymous_2)
FN:63,(anonymous_3)
FN:68,(anonymous_4)
FN:78,initializeContainer
FN:80,(anonymous_6)
FN:81,(anonymous_7)
FN:84,(anonymous_8)
FN:90,(anonymous_9)
FN:98,useChatRepository
FN:102,useUserRepository
FNF:12
FNH:0
FNDA:0,(anonymous_0)
FNDA:0,(anonymous_1)
FNDA:0,(anonymous_2)
FNDA:0,(anonymous_3)
FNDA:0,(anonymous_4)
FNDA:0,initializeContainer
FNDA:0,(anonymous_6)
FNDA:0,(anonymous_7)
FNDA:0,(anonymous_8)
FNDA:0,(anonymous_9)
FNDA:0,useChatRepository
FNDA:0,useUserRepository
DA:14,0
DA:30,0
DA:31,0
DA:35,0
DA:40,0
DA:46,0
DA:47,0
DA:48,0
DA:52,0
DA:53,0
DA:54,0
DA:55,0
DA:56,0
DA:59,0
DA:64,0
DA:69,0
DA:70,0
DA:75,0
DA:80,0
DA:81,0
DA:84,0
DA:85,0
DA:86,0
DA:87,0
DA:90,0
DA:91,0
DA:92,0
DA:93,0
DA:99,0
DA:103,0
LF:30
LH:0
BRDA:47,0,0,0
BRDA:47,0,1,0
BRDA:53,1,0,0
BRDA:53,1,1,0
BRDA:64,2,0,0
BRDA:64,2,1,0
BRF:6
BRH:0
end_of_record
TN:
SF:client\src\core\errorHandling\SentryBreadcrumbs.tsx
FN:10,(anonymous_0)
FN:11,(anonymous_1)
FN:12,(anonymous_2)
FN:51,(anonymous_3)
FN:57,(anonymous_4)
FN:68,(anonymous_5)
FN:84,(anonymous_6)
FN:94,(anonymous_7)
FN:108,(anonymous_8)
FN:118,(anonymous_9)
FN:136,(anonymous_10)
FN:149,(anonymous_11)
FN:165,(anonymous_12)
FN:177,(anonymous_13)
FN:218,(anonymous_14)
FN:226,(anonymous_15)
FN:271,(anonymous_16)
FN:274,(anonymous_17)
FN:278,(anonymous_18)
FN:279,(anonymous_19)
FN:317,(anonymous_20)
FN:335,(anonymous_21)
FN:339,(anonymous_22)
FN:343,(anonymous_23)
FN:351,(anonymous_24)
FN:355,(anonymous_25)
FN:368,(anonymous_26)
FN:372,(anonymous_27)
FN:408,(anonymous_28)
FN:414,(anonymous_29)
FNF:30
FNH:0
FNDA:0,(anonymous_0)
FNDA:0,(anonymous_1)
FNDA:0,(anonymous_2)
FNDA:0,(anonymous_3)
FNDA:0,(anonymous_4)
FNDA:0,(anonymous_5)
FNDA:0,(anonymous_6)
FNDA:0,(anonymous_7)
FNDA:0,(anonymous_8)
FNDA:0,(anonymous_9)
FNDA:0,(anonymous_10)
FNDA:0,(anonymous_11)
FNDA:0,(anonymous_12)
FNDA:0,(anonymous_13)
FNDA:0,(anonymous_14)
FNDA:0,(anonymous_15)
FNDA:0,(anonymous_16)
FNDA:0,(anonymous_17)
FNDA:0,(anonymous_18)
FNDA:0,(anonymous_19)
FNDA:0,(anonymous_20)
FNDA:0,(anonymous_21)
FNDA:0,(anonymous_22)
FNDA:0,(anonymous_23)
FNDA:0,(anonymous_24)
FNDA:0,(anonymous_25)
FNDA:0,(anonymous_26)
FNDA:0,(anonymous_27)
FNDA:0,(anonymous_28)
FNDA:0,(anonymous_29)
DA:9,0
DA:10,0
DA:11,0
DA:12,0
DA:51,0
DA:52,0
DA:53,0
DA:54,0
DA:57,0
DA:58,0
DA:67,0
DA:69,0
DA:84,0
DA:85,0
DA:94,0
DA:95,0
DA:108,0
DA:109,0
DA:118,0
DA:119,0
DA:120,0
DA:121,0
DA:122,0
DA:125,0
DA:131,0
DA:136,0
DA:137,0
DA:138,0
DA:149,0
DA:158,0
DA:160,0
DA:165,0
DA:167,0
DA:173,0
DA:177,0
DA:178,0
DA:184,0
DA:218,0
DA:223,0
DA:225,0
DA:228,0
DA:235,0
DA:236,0
DA:240,0
DA:258,0
DA:265,0
DA:271,0
DA:272,0
DA:274,0
DA:275,0
DA:278,0
DA:279,0
DA:281,0
DA:287,0
DA:288,0
DA:289,0
DA:295,0
DA:298,0
DA:317,0
DA:318,0
DA:319,0
DA:323,0
DA:326,0
DA:328,0
DA:335,0
DA:336,0
DA:339,0
DA:340,0
DA:343,0
DA:344,0
DA:345,0
DA:349,0
DA:351,0
DA:355,0
DA:356,0
DA:358,0
DA:359,0
DA:360,0
DA:363,0
DA:368,0
DA:369,0
DA:370,0
DA:372,0
DA:373,0
DA:374,0
DA:375,0
DA:376,0
DA:379,0
DA:380,0
DA:383,0
DA:384,0
DA:391,0
DA:395,0
DA:398,0
DA:408,0
DA:409,0
DA:412,0
DA:414,0
DA:415,0
DA:416,0
DA:418,0
DA:419,0
DA:421,0
DA:423,0
DA:424,0
DA:431,0
DA:433,0
DA:434,0
DA:435,0
LF:109
LH:0
BRDA:60,0,0,0
BRDA:60,0,1,0
BRDA:97,1,0,0
BRDA:97,1,1,0
BRDA:119,2,0,0
BRDA:119,2,1,0
BRDA:121,3,0,0
BRDA:121,3,1,0
BRDA:128,4,0,0
BRDA:128,4,1,0
BRDA:180,5,0,0
BRDA:180,5,1,0
BRDA:235,6,0,0
BRDA:235,6,1,0
BRDA:272,7,0,0
BRDA:272,7,1,0
BRDA:272,7,2,0
BRDA:288,8,0,0
BRDA:288,8,1,0
BRDA:288,9,0,0
BRDA:288,9,1,0
BRDA:318,10,0,0
BRDA:318,10,1,0
BRDA:358,11,0,0
BRDA:358,11,1,0
BRDA:379,12,0,0
BRDA:379,12,1,0
BRDA:383,13,0,0
BRDA:383,13,1,0
BRF:29
BRH:0
end_of_record
TN:
SF:client\src\core\errors\AppError.ts
FN:29,(anonymous_0)
FN:47,(anonymous_1)
FN:55,(anonymous_2)
FN:63,(anonymous_3)
FN:71,(anonymous_4)
FN:79,(anonymous_5)
FN:87,(anonymous_6)
FN:94,(anonymous_7)
FN:102,(anonymous_8)
FN:109,(anonymous_9)
FN:124,handleError
FN:146,withErrorHandling
FN:160,(anonymous_12)
FN:163,(anonymous_13)
FN:176,safeExecute
FN:189,(anonymous_15)
FN:195,(anonymous_16)
FNF:17
FNH:13
FNDA:4255,(anonymous_0)
FNDA:1003,(anonymous_1)
FNDA:1,(anonymous_2)
FNDA:1,(anonymous_3)
FNDA:6,(anonymous_4)
FNDA:1,(anonymous_5)
FNDA:1,(anonymous_6)
FNDA:2,(anonymous_7)
FNDA:1,(anonymous_8)
FNDA:2,(anonymous_9)
FNDA:2196,handleError
FNDA:2260,withErrorHandling
FNDA:0,(anonymous_12)
FNDA:1130,(anonymous_13)
FNDA:0,safeExecute
FNDA:0,(anonymous_15)
FNDA:0,(anonymous_16)
DA:30,4255
DA:31,4255
DA:32,4255
DA:33,4255
DA:34,4255
DA:35,4255
DA:39,4255
DA:42,4255
DA:43,4255
DA:48,1003
DA:56,1
DA:64,1
DA:72,6
DA:80,1
DA:88,1
DA:95,2
DA:103,1
DA:110,2
DA:125,2196
DA:126,4
DA:129,2192
DA:130,2127
DA:137,65
DA:150,2260
DA:151,2260
DA:153,1134
DA:155,1134
DA:156,4
DA:159,1130
DA:161,0
DA:165,1130
DA:169,1133
DA:181,0
DA:182,0
DA:183,0
DA:185,0
DA:188,0
DA:190,0
DA:196,0
DA:199,0
LF:40
LH:31
BRDA:42,0,0,4255
BRDA:42,0,1,0
BRDA:47,1,0,0
BRDA:55,2,0,0
BRDA:71,3,0,0
BRDA:79,4,0,0
BRDA:94,5,0,0
BRDA:102,6,0,0
BRDA:125,7,0,4
BRDA:125,7,1,2192
BRDA:129,8,0,2127
BRDA:129,8,1,65
BRDA:155,9,0,4
BRDA:155,9,1,1130
BRF:14
BRH:7
end_of_record
TN:
SF:client\src\core\featureFlags\FeatureFlags.ts
FN:57,(anonymous_0)
FN:66,(anonymous_1)
FN:73,(anonymous_2)
FN:219,(anonymous_3)
FN:232,(anonymous_4)
FN:252,(anonymous_5)
FN:258,(anonymous_6)
FN:277,(anonymous_7)
FN:310,(anonymous_8)
FN:315,(anonymous_9)
FN:332,(anonymous_10)
FN:342,(anonymous_11)
FN:350,(anonymous_12)
FN:351,(anonymous_13)
FN:361,getHashForUser
FN:374,evaluateConditions
FN:375,(anonymous_16)
FN:400,evaluateStringCondition
FN:414,evaluateValueCondition
FN:428,evaluateVersionCondition
FN:443,evaluateDateCondition
FN:450,fetchFeatureFlagsFromRemote
FN:457,(anonymous_22)
FN:458,(anonymous_23)
FN:459,(anonymous_24)
FN:464,(anonymous_25)
FN:469,(anonymous_26)
FN:470,(anonymous_27)
FNF:28
FNH:6
FNDA:0,(anonymous_0)
FNDA:0,(anonymous_1)
FNDA:0,(anonymous_2)
FNDA:0,(anonymous_3)
FNDA:0,(anonymous_4)
FNDA:0,(anonymous_5)
FNDA:0,(anonymous_6)
FNDA:0,(anonymous_7)
FNDA:0,(anonymous_8)
FNDA:0,(anonymous_9)
FNDA:0,(anonymous_10)
FNDA:0,(anonymous_11)
FNDA:0,(anonymous_12)
FNDA:0,(anonymous_13)
FNDA:0,getHashForUser
FNDA:0,evaluateConditions
FNDA:0,(anonymous_16)
FNDA:0,evaluateStringCondition
FNDA:0,evaluateValueCondition
FNDA:0,evaluateVersionCondition
FNDA:0,evaluateDateCondition
FNDA:0,fetchFeatureFlagsFromRemote
FNDA:2,(anonymous_22)
FNDA:2,(anonymous_23)
FNDA:2,(anonymous_24)
FNDA:1,(anonymous_25)
FNDA:2,(anonymous_26)
FNDA:2,(anonymous_27)
DA:51,1
DA:56,1
DA:58,0
DA:59,0
DA:60,0
DA:62,0
DA:63,0
DA:67,0
DA:68,0
DA:70,0
DA:74,0
DA:75,0
DA:77,0
DA:83,1
DA:217,1
DA:219,0
DA:233,0
DA:235,0
DA:237,0
DA:240,0
DA:242,0
DA:244,0
DA:245,0
DA:247,0
DA:253,0
DA:254,0
DA:259,0
DA:260,0
DA:266,0
DA:273,0
DA:278,0
DA:279,0
DA:281,0
DA:282,0
DA:283,0
DA:287,0
DA:288,0
DA:292,0
DA:293,0
DA:294,0
DA:296,0
DA:297,0
DA:302,0
DA:303,0
DA:306,0
DA:311,0
DA:316,0
DA:319,0
DA:321,0
DA:322,0
DA:323,0
DA:326,0
DA:333,0
DA:338,0
DA:343,0
DA:350,0
DA:351,0
DA:362,0
DA:363,0
DA:365,0
DA:366,0
DA:367,0
DA:368,0
DA:371,0
DA:375,0
DA:376,0
DA:378,0
DA:381,0
DA:382,0
DA:385,0
DA:388,0
DA:391,0
DA:394,0
DA:395,0
DA:404,0
DA:406,0
DA:408,0
DA:410,0
DA:415,0
DA:417,0
DA:419,0
DA:420,0
DA:422,0
DA:424,0
DA:430,0
DA:431,0
DA:433,0
DA:435,0
DA:437,0
DA:439,0
DA:446,0
DA:453,0
DA:457,1
DA:458,2
DA:459,2
DA:461,2
DA:464,1
DA:465,1
DA:467,1
DA:469,2
DA:470,2
LF:101
LH:13
BRDA:53,0,0,1
BRDA:53,0,1,0
BRDA:60,1,0,0
BRDA:60,1,1,0
BRDA:225,2,0,0
BRDA:225,2,1,0
BRDA:245,3,0,0
BRDA:245,3,1,0
BRDA:281,4,0,0
BRDA:281,4,1,0
BRDA:287,5,0,0
BRDA:287,5,1,0
BRDA:292,6,0,0
BRDA:292,6,1,0
BRDA:293,7,0,0
BRDA:293,7,1,0
BRDA:296,8,0,0
BRDA:296,8,1,0
BRDA:302,9,0,0
BRDA:302,9,1,0
BRDA:302,10,0,0
BRDA:302,10,1,0
BRDA:321,11,0,0
BRDA:321,11,1,0
BRDA:376,12,0,0
BRDA:376,12,1,0
BRDA:376,12,2,0
BRDA:376,12,3,0
BRDA:376,12,4,0
BRDA:376,12,5,0
BRDA:404,13,0,0
BRDA:404,13,1,0
BRDA:404,13,2,0
BRDA:408,14,0,0
BRDA:408,14,1,0
BRDA:415,15,0,0
BRDA:415,15,1,0
BRDA:415,15,2,0
BRDA:419,16,0,0
BRDA:419,16,1,0
BRDA:431,17,0,0
BRDA:431,17,1,0
BRDA:431,17,2,0
BRDA:431,17,3,0
BRF:44
BRH:1
end_of_record
TN:
SF:client\src\core\i18n\i18n.ts
FN:145,(anonymous_0)
FN:149,(anonymous_1)
FN:159,(anonymous_2)
FN:174,(anonymous_3)
FN:176,(anonymous_4)
FN:236,(anonymous_5)
FN:275,(anonymous_6)
FN:277,(anonymous_7)
FN:310,(anonymous_8)
FN:311,(anonymous_9)
FN:314,(anonymous_10)
FN:318,(anonymous_11)
FN:325,(anonymous_12)
FN:335,(anonymous_13)
FN:349,(anonymous_14)
FN:379,(anonymous_15)
FN:385,(anonymous_16)
FN:394,(anonymous_17)
FN:410,(anonymous_18)
FN:428,(anonymous_19)
FN:431,(anonymous_20)
FN:432,(anonymous_21)
FN:438,(anonymous_22)
FNF:23
FNH:13
FNDA:4,(anonymous_0)
FNDA:2,(anonymous_1)
FNDA:0,(anonymous_2)
FNDA:0,(anonymous_3)
FNDA:0,(anonymous_4)
FNDA:0,(anonymous_5)
FNDA:0,(anonymous_6)
FNDA:0,(anonymous_7)
FNDA:9,(anonymous_8)
FNDA:23,(anonymous_9)
FNDA:2,(anonymous_10)
FNDA:1,(anonymous_11)
FNDA:1,(anonymous_12)
FNDA:3,(anonymous_13)
FNDA:3,(anonymous_14)
FNDA:3,(anonymous_15)
FNDA:7,(anonymous_16)
FNDA:1,(anonymous_17)
FNDA:4,(anonymous_18)
FNDA:0,(anonymous_19)
FNDA:0,(anonymous_20)
FNDA:0,(anonymous_21)
FNDA:0,(anonymous_22)
DA:24,1
DA:145,1
DA:146,4
DA:148,4
DA:149,3
DA:150,1
DA:155,2
DA:157,0
DA:158,0
DA:159,0
DA:160,0
DA:161,0
DA:166,0
DA:168,3
DA:169,3
DA:174,1
DA:175,0
DA:176,0
DA:178,0
DA:180,0
DA:181,0
DA:182,0
DA:186,0
DA:188,0
DA:217,0
DA:220,0
DA:222,0
DA:228,0
DA:230,0
DA:231,0
DA:236,1
DA:237,0
DA:239,0
DA:240,0
DA:242,0
DA:244,0
DA:246,0
DA:247,0
DA:250,0
DA:251,0
DA:253,0
DA:256,0
DA:257,0
DA:258,0
DA:259,0
DA:261,0
DA:268,0
DA:271,0
DA:275,1
DA:276,0
DA:277,0
DA:278,0
DA:279,0
DA:283,0
DA:284,0
DA:287,0
DA:288,0
DA:293,0
DA:296,0
DA:298,0
DA:304,0
DA:305,0
DA:310,1
DA:311,23
DA:314,1
DA:315,2
DA:318,1
DA:319,1
DA:320,1
DA:322,1
DA:325,1
DA:326,1
DA:327,1
DA:329,1
DA:335,1
DA:336,3
DA:337,3
DA:339,3
DA:342,3
DA:343,3
DA:344,3
DA:346,3
DA:349,1
DA:350,3
DA:352,3
DA:353,3
DA:354,3
DA:355,3
DA:356,3
DA:357,3
DA:359,3
DA:360,0
DA:363,3
DA:364,1
DA:367,2
DA:368,0
DA:371,2
DA:372,1
DA:375,1
DA:379,1
DA:383,3
DA:385,3
DA:386,7
DA:388,3
DA:389,1
DA:391,1
DA:392,1
DA:393,1
DA:394,1
DA:395,1
DA:401,1
DA:406,0
DA:409,4
DA:410,4
DA:411,4
DA:416,3
DA:418,3
DA:428,1
DA:429,0
DA:431,0
DA:432,0
DA:433,0
DA:436,0
DA:438,0
DA:439,0
DA:443,0
LF:126
LH:65
BRDA:149,0,0,1
BRDA:149,0,1,2
BRDA:149,1,0,3
BRDA:149,1,1,1
BRDA:155,2,0,2
BRDA:155,2,1,0
BRDA:157,3,0,0
BRDA:157,3,1,0
BRDA:160,4,0,0
BRDA:160,4,1,0
BRDA:175,5,0,0
BRDA:175,5,1,0
BRDA:176,6,0,0
BRDA:176,6,1,0
BRDA:180,7,0,0
BRDA:180,7,1,0
BRDA:256,8,0,0
BRDA:256,8,1,0
BRDA:278,9,0,0
BRDA:278,9,1,0
BRDA:283,10,0,0
BRDA:283,10,1,0
BRDA:287,11,0,0
BRDA:287,11,1,0
BRDA:287,12,0,0
BRDA:287,12,1,0
BRDA:315,13,0,2
BRDA:315,13,1,1
BRDA:320,14,0,1
BRDA:320,14,1,0
BRDA:327,15,0,1
BRDA:327,15,1,1
BRDA:327,15,2,0
BRDA:337,16,0,3
BRDA:337,16,1,2
BRDA:337,16,2,0
BRDA:339,17,0,1
BRDA:339,17,1,2
BRDA:339,18,0,3
BRDA:339,18,1,2
BRDA:350,19,0,0
BRDA:350,19,1,3
BRDA:350,20,0,3
BRDA:350,20,1,3
BRDA:359,21,0,0
BRDA:359,21,1,3
BRDA:363,22,0,1
BRDA:363,22,1,2
BRDA:367,23,0,0
BRDA:367,23,1,2
BRDA:371,24,0,1
BRDA:371,24,1,1
BRDA:381,25,0,3
BRDA:386,26,0,3
BRDA:386,26,1,4
BRDA:388,27,0,1
BRDA:388,27,1,2
BRDA:388,28,0,3
BRDA:388,28,1,1
BRDA:393,29,0,1
BRDA:393,29,1,0
BRDA:395,30,0,1
BRDA:395,30,1,0
BRDA:396,31,0,1
BRDA:396,31,1,1
BRDA:396,31,2,1
BRDA:396,31,3,1
BRDA:409,32,0,4
BRDA:409,32,1,0
BRDA:409,33,0,4
BRDA:409,33,1,4
BRDA:411,34,0,1
BRDA:411,34,1,3
BRF:73
BRH:43
end_of_record
TN:
SF:client\src\core\logger\Logger.ts
FN:42,(anonymous_0)
FN:54,(anonymous_1)
FN:58,(anonymous_2)
FN:62,(anonymous_3)
FN:66,(anonymous_4)
FN:85,(anonymous_5)
FN:105,(anonymous_6)
FN:127,(anonymous_7)
FN:144,(anonymous_8)
FN:148,(anonymous_9)
FN:152,(anonymous_10)
FN:156,(anonymous_11)
FN:161,(anonymous_12)
FN:166,(anonymous_13)
FN:168,(anonymous_14)
FN:175,(anonymous_15)
FN:180,(anonymous_16)
FN:189,(anonymous_17)
FN:191,(anonymous_18)
FN:193,(anonymous_19)
FN:195,(anonymous_20)
FN:197,(anonymous_21)
FNF:22
FNH:21
FNDA:26,(anonymous_0)
FNDA:26,(anonymous_1)
FNDA:4,(anonymous_2)
FNDA:1461,(anonymous_3)
FNDA:1461,(anonymous_4)
FNDA:1461,(anonymous_5)
FNDA:1450,(anonymous_6)
FNDA:0,(anonymous_7)
FNDA:17,(anonymous_8)
FNDA:1404,(anonymous_9)
FNDA:12,(anonymous_10)
FNDA:21,(anonymous_11)
FNDA:7,(anonymous_12)
FNDA:2,(anonymous_13)
FNDA:1,(anonymous_14)
FNDA:2,(anonymous_15)
FNDA:2,(anonymous_16)
FNDA:1,(anonymous_17)
FNDA:2,(anonymous_18)
FNDA:1,(anonymous_19)
FNDA:1,(anonymous_20)
FNDA:1,(anonymous_21)
DA:28,14
DA:38,26
DA:43,26
DA:51,26
DA:55,26
DA:59,4
DA:63,1461
DA:73,1461
DA:86,1461
DA:89,1451
DA:90,1451
DA:91,923
DA:95,1451
DA:96,1450
DA:100,1451
DA:101,0
DA:106,1450
DA:107,1450
DA:108,1450
DA:110,1450
DA:112,13
DA:113,13
DA:115,1400
DA:116,1400
DA:118,10
DA:119,10
DA:122,27
DA:123,27
DA:128,0
DA:130,0
DA:131,0
DA:132,0
DA:145,17
DA:149,1404
DA:153,12
DA:157,21
DA:158,21
DA:162,7
DA:167,2
DA:168,2
DA:169,1
DA:170,1
DA:176,2
DA:181,2
DA:186,14
DA:189,14
DA:190,1
DA:191,14
DA:192,2
DA:193,14
DA:194,1
DA:195,14
DA:196,1
DA:197,14
DA:198,1
LF:55
LH:50
BRDA:42,0,0,17
BRDA:44,1,0,16
BRDA:44,1,1,10
BRDA:86,2,0,10
BRDA:86,2,1,1451
BRDA:90,3,0,923
BRDA:90,3,1,528
BRDA:95,4,0,1450
BRDA:95,4,1,1
BRDA:100,5,0,0
BRDA:100,5,1,1451
BRDA:100,6,0,1451
BRDA:100,6,1,0
BRDA:107,7,0,1190
BRDA:107,7,1,260
BRDA:110,8,0,13
BRDA:110,8,1,1400
BRDA:110,8,2,10
BRDA:110,8,3,20
BRDA:110,8,4,27
BRDA:112,9,0,13
BRDA:112,9,1,12
BRDA:115,10,0,1400
BRDA:115,10,1,279
BRDA:118,11,0,10
BRDA:118,11,1,8
BRDA:122,12,0,27
BRDA:122,12,1,20
BRDA:122,13,0,27
BRDA:122,13,1,9
BRDA:128,14,0,0
BRDA:128,14,1,0
BRDA:131,15,0,0
BRDA:131,15,1,0
BRDA:157,16,0,15
BRDA:157,16,1,6
BRF:36
BRH:30
end_of_record
TN:
SF:client\src\core\media\MediaPicker.ts
FN:32,(anonymous_0)
FN:51,(anonymous_1)
FN:79,(anonymous_2)
FN:134,(anonymous_3)
FN:159,(anonymous_4)
FN:181,(anonymous_5)
FN:183,(anonymous_6)
FN:190,(anonymous_7)
FN:192,(anonymous_8)
FN:199,(anonymous_9)
FN:210,(anonymous_10)
FN:217,(anonymous_11)
FN:224,(anonymous_12)
FN:231,(anonymous_13)
FNF:14
FNH:0
FNDA:0,(anonymous_0)
FNDA:0,(anonymous_1)
FNDA:0,(anonymous_2)
FNDA:0,(anonymous_3)
FNDA:0,(anonymous_4)
FNDA:0,(anonymous_5)
FNDA:0,(anonymous_6)
FNDA:0,(anonymous_7)
FNDA:0,(anonymous_8)
FNDA:0,(anonymous_9)
FNDA:0,(anonymous_10)
FNDA:0,(anonymous_11)
FNDA:0,(anonymous_12)
FNDA:0,(anonymous_13)
DA:22,0
DA:33,0
DA:34,0
DA:35,0
DA:36,0
DA:37,0
DA:38,0
DA:39,0
DA:41,0
DA:43,0
DA:44,0
DA:52,0
DA:53,0
DA:54,0
DA:57,0
DA:58,0
DA:65,0
DA:66,0
DA:69,0
DA:70,0
DA:72,0
DA:80,0
DA:82,0
DA:83,0
DA:84,0
DA:87,0
DA:88,0
DA:94,0
DA:102,0
DA:103,0
DA:106,0
DA:108,0
DA:109,0
DA:112,0
DA:113,0
DA:115,0
DA:118,0
DA:120,0
DA:125,0
DA:127,0
DA:135,0
DA:136,0
DA:142,0
DA:143,0
DA:146,0
DA:147,0
DA:152,0
DA:160,0
DA:161,0
DA:167,0
DA:168,0
DA:171,0
DA:172,0
DA:174,0
DA:182,0
DA:183,0
DA:191,0
DA:192,0
DA:200,0
DA:211,0
DA:218,0
DA:225,0
DA:232,0
DA:233,0
DA:234,0
DA:235,0
DA:236,0
DA:237,0
DA:238,0
DA:243,0
DA:244,0
DA:245,0
DA:246,0
DA:247,0
DA:248,0
DA:249,0
LF:76
LH:0
BRDA:34,0,0,0
BRDA:34,0,1,0
BRDA:37,1,0,0
BRDA:37,1,1,0
BRDA:51,2,0,0
BRDA:53,3,0,0
BRDA:53,3,1,0
BRDA:65,4,0,0
BRDA:65,4,1,0
BRDA:65,5,0,0
BRDA:65,5,1,0
BRDA:65,5,2,0
BRDA:79,6,0,0
BRDA:83,7,0,0
BRDA:83,7,1,0
BRDA:95,8,0,0
BRDA:95,8,1,0
BRDA:102,9,0,0
BRDA:102,9,1,0
BRDA:102,10,0,0
BRDA:102,10,1,0
BRDA:112,11,0,0
BRDA:112,11,1,0
BRDA:142,12,0,0
BRDA:142,12,1,0
BRDA:142,13,0,0
BRDA:142,13,1,0
BRDA:142,13,2,0
BRDA:149,14,0,0
BRDA:149,14,1,0
BRDA:167,15,0,0
BRDA:167,15,1,0
BRDA:167,16,0,0
BRDA:167,16,1,0
BRDA:167,16,2,0
BRDA:183,17,0,0
BRDA:183,17,1,0
BRDA:192,18,0,0
BRDA:192,18,1,0
BRDA:199,19,0,0
BRDA:232,20,0,0
BRDA:232,20,1,0
BRDA:233,21,0,0
BRDA:233,21,1,0
BRDA:234,22,0,0
BRDA:234,22,1,0
BRDA:235,23,0,0
BRDA:235,23,1,0
BRDA:236,24,0,0
BRDA:236,24,1,0
BRDA:236,25,0,0
BRDA:236,25,1,0
BRDA:237,26,0,0
BRDA:237,26,1,0
BRDA:237,27,0,0
BRDA:237,27,1,0
BRF:56
BRH:0
end_of_record
TN:
SF:client\src\core\media\MediaProcessor.ts
FN:52,(anonymous_0)
FN:82,(anonymous_1)
FN:107,(anonymous_2)
FN:135,(anonymous_3)
FN:165,(anonymous_4)
FN:173,(anonymous_5)
FN:190,(anonymous_6)
FN:203,(anonymous_7)
FN:212,(anonymous_8)
FN:231,(anonymous_9)
FN:242,(anonymous_10)
FNF:11
FNH:0
FNDA:0,(anonymous_0)
FNDA:0,(anonymous_1)
FNDA:0,(anonymous_2)
FNDA:0,(anonymous_3)
FNDA:0,(anonymous_4)
FNDA:0,(anonymous_5)
FNDA:0,(anonymous_6)
FNDA:0,(anonymous_7)
FNDA:0,(anonymous_8)
FNDA:0,(anonymous_9)
FNDA:0,(anonymous_10)
DA:37,0
DA:44,0
DA:45,0
DA:46,0
DA:56,0
DA:57,0
DA:61,0
DA:63,0
DA:75,0
DA:83,0
DA:86,0
DA:88,0
DA:100,0
DA:108,0
DA:109,0
DA:112,0
DA:113,0
DA:116,0
DA:128,0
DA:136,0
DA:137,0
DA:140,0
DA:141,0
DA:144,0
DA:146,0
DA:158,0
DA:167,0
DA:174,0
DA:181,0
DA:182,0
DA:183,0
DA:191,0
DA:192,0
DA:193,0
DA:194,0
DA:196,0
DA:204,0
DA:205,0
DA:206,0
DA:213,0
DA:225,0
DA:232,0
DA:233,0
DA:234,0
DA:235,0
DA:236,0
DA:245,0
LF:47
LH:0
BRDA:54,0,0,0
BRDA:67,1,0,0
BRDA:67,1,1,0
BRDA:68,2,0,0
BRDA:68,2,1,0
BRDA:112,3,0,0
BRDA:112,3,1,0
BRDA:140,4,0,0
BRDA:140,4,1,0
BRDA:165,5,0,0
BRDA:181,6,0,0
BRDA:181,6,1,0
BRDA:225,7,0,0
BRDA:225,7,1,0
BRDA:232,8,0,0
BRDA:232,8,1,0
BRF:16
BRH:0
end_of_record
TN:
SF:client\src\core\media\MediaUploader.ts
FN:45,(anonymous_0)
FN:99,(anonymous_1)
FN:106,(anonymous_2)
FN:118,(anonymous_3)
FN:131,(anonymous_4)
FN:132,(anonymous_5)
FN:141,(anonymous_6)
FN:148,(anonymous_7)
FN:153,(anonymous_8)
FN:157,(anonymous_9)
FN:168,(anonymous_10)
FN:185,(anonymous_11)
FN:186,(anonymous_12)
FN:187,(anonymous_13)
FN:201,(anonymous_14)
FN:210,(anonymous_15)
FN:218,(anonymous_16)
FN:226,(anonymous_17)
FNF:18
FNH:0
FNDA:0,(anonymous_0)
FNDA:0,(anonymous_1)
FNDA:0,(anonymous_2)
FNDA:0,(anonymous_3)
FNDA:0,(anonymous_4)
FNDA:0,(anonymous_5)
FNDA:0,(anonymous_6)
FNDA:0,(anonymous_7)
FNDA:0,(anonymous_8)
FNDA:0,(anonymous_9)
FNDA:0,(anonymous_10)
FNDA:0,(anonymous_11)
FNDA:0,(anonymous_12)
FNDA:0,(anonymous_13)
FNDA:0,(anonymous_14)
FNDA:0,(anonymous_15)
FNDA:0,(anonymous_16)
FNDA:0,(anonymous_17)
DA:36,0
DA:37,0
DA:40,0
DA:46,0
DA:48,0
DA:50,0
DA:53,0
DA:54,0
DA:55,0
DA:56,0
DA:58,0
DA:59,0
DA:60,0
DA:63,0
DA:64,0
DA:65,0
DA:68,0
DA:70,0
DA:77,0
DA:80,0
DA:82,0
DA:84,0
DA:86,0
DA:88,0
DA:89,0
DA:92,0
DA:103,0
DA:105,0
DA:106,0
DA:107,0
DA:109,0
DA:112,0
DA:119,0
DA:120,0
DA:121,0
DA:122,0
DA:123,0
DA:125,0
DA:132,0
DA:133,0
DA:135,0
DA:142,0
DA:153,0
DA:154,0
DA:157,0
DA:158,0
DA:159,0
DA:164,0
DA:168,0
DA:169,0
DA:170,0
DA:171,0
DA:172,0
DA:178,0
DA:181,0
DA:185,0
DA:186,0
DA:187,0
DA:189,0
DA:190,0
DA:193,0
DA:194,0
DA:195,0
DA:198,0
DA:201,0
DA:202,0
DA:211,0
DA:212,0
DA:220,0
DA:227,0
DA:232,0
LF:71
LH:0
BRDA:36,0,0,0
BRDA:36,0,1,0
BRDA:58,1,0,0
BRDA:58,1,1,0
BRDA:59,2,0,0
BRDA:59,2,1,0
BRDA:60,3,0,0
BRDA:60,3,1,0
BRDA:63,4,0,0
BRDA:63,4,1,0
BRDA:88,5,0,0
BRDA:88,5,1,0
BRDA:88,6,0,0
BRDA:88,6,1,0
BRDA:120,7,0,0
BRDA:120,7,1,0
BRDA:158,8,0,0
BRDA:158,8,1,0
BRDA:158,9,0,0
BRDA:158,9,1,0
BRDA:169,10,0,0
BRDA:169,10,1,0
BRDA:169,11,0,0
BRDA:169,11,1,0
BRDA:194,12,0,0
BRDA:194,12,1,0
BRF:26
BRH:0
end_of_record
TN:
SF:client\src\core\media\VoiceRecorder.ts
FN:47,(anonymous_0)
FN:51,(anonymous_1)
FN:61,(anonymous_2)
FN:78,(anonymous_3)
FN:126,(anonymous_4)
FN:148,(anonymous_5)
FN:170,(anonymous_6)
FN:226,(anonymous_7)
FN:256,(anonymous_8)
FN:277,(anonymous_9)
FN:290,(anonymous_10)
FN:305,(anonymous_11)
FN:316,(anonymous_12)
FN:330,(anonymous_13)
FN:348,(anonymous_14)
FN:349,(anonymous_15)
FN:367,(anonymous_16)
FN:377,(anonymous_17)
FN:384,(anonymous_18)
FN:396,(anonymous_19)
FN:405,(anonymous_20)
FNF:21
FNH:19
FNDA:1,(anonymous_0)
FNDA:27,(anonymous_1)
FNDA:8,(anonymous_2)
FNDA:7,(anonymous_3)
FNDA:3,(anonymous_4)
FNDA:2,(anonymous_5)
FNDA:2,(anonymous_6)
FNDA:2,(anonymous_7)
FNDA:5,(anonymous_8)
FNDA:1,(anonymous_9)
FNDA:1,(anonymous_10)
FNDA:0,(anonymous_11)
FNDA:1,(anonymous_12)
FNDA:1,(anonymous_13)
FNDA:8,(anonymous_14)
FNDA:0,(anonymous_15)
FNDA:6,(anonymous_16)
FNDA:7,(anonymous_17)
FNDA:2,(anonymous_18)
FNDA:4,(anonymous_19)
FNDA:3,(anonymous_20)
DA:28,1
DA:34,1
DA:38,1
DA:39,1
DA:40,1
DA:41,1
DA:42,1
DA:43,1
DA:44,1
DA:45,1
DA:52,27
DA:53,1
DA:55,27
DA:62,8
DA:68,8
DA:70,0
DA:71,0
DA:79,7
DA:80,0
DA:83,7
DA:84,7
DA:85,0
DA:88,7
DA:89,7
DA:90,7
DA:91,7
DA:92,7
DA:94,7
DA:101,7
DA:102,7
DA:103,7
DA:106,7
DA:113,7
DA:115,7
DA:116,7
DA:118,0
DA:119,0
DA:127,3
DA:128,1
DA:131,2
DA:132,2
DA:133,2
DA:134,2
DA:139,2
DA:141,0
DA:149,2
DA:150,1
DA:153,1
DA:154,1
DA:155,1
DA:156,1
DA:161,1
DA:163,0
DA:171,2
DA:172,1
DA:175,1
DA:176,1
DA:177,1
DA:178,1
DA:180,1
DA:181,1
DA:188,1
DA:189,1
DA:192,1
DA:194,1
DA:206,1
DA:209,1
DA:211,1
DA:216,1
DA:218,0
DA:219,0
DA:227,2
DA:228,1
DA:231,1
DA:232,1
DA:233,1
DA:234,1
DA:240,1
DA:241,1
DA:244,1
DA:246,1
DA:248,0
DA:249,0
DA:262,5
DA:266,5
DA:278,1
DA:279,1
DA:280,1
DA:282,0
DA:283,0
DA:291,1
DA:292,1
DA:293,1
DA:295,1
DA:296,0
DA:297,0
DA:298,0
DA:299,0
DA:304,1
DA:305,0
DA:308,0
DA:309,0
DA:317,1
DA:318,1
DA:319,1
DA:320,1
DA:322,0
DA:323,0
DA:331,1
DA:349,8
DA:350,0
DA:352,0
DA:353,0
DA:356,0
DA:358,0
DA:368,6
DA:369,4
DA:370,4
DA:378,7
DA:385,2
DA:386,2
DA:387,2
DA:388,2
DA:389,2
DA:390,2
DA:397,4
DA:398,4
DA:399,4
DA:406,3
DA:407,2
DA:408,2
DA:409,2
DA:410,2
DA:415,1
DA:418,1
DA:419,1
DA:420,1
DA:421,1
DA:422,1
DA:423,1
LF:140
LH:112
BRDA:52,0,0,1
BRDA:52,0,1,26
BRDA:78,1,0,7
BRDA:79,2,0,0
BRDA:79,2,1,7
BRDA:84,3,0,0
BRDA:84,3,1,7
BRDA:127,4,0,1
BRDA:127,4,1,2
BRDA:127,5,0,3
BRDA:127,5,1,2
BRDA:149,6,0,1
BRDA:149,6,1,1
BRDA:149,7,0,2
BRDA:149,7,1,1
BRDA:171,8,0,1
BRDA:171,8,1,1
BRDA:171,9,0,2
BRDA:171,9,1,1
BRDA:227,10,0,1
BRDA:227,10,1,1
BRDA:240,11,0,1
BRDA:240,11,1,0
BRDA:262,12,0,3
BRDA:262,12,1,2
BRDA:280,13,0,0
BRDA:280,13,1,1
BRDA:296,14,0,0
BRDA:296,14,1,0
BRDA:298,15,0,0
BRDA:298,15,1,0
BRDA:350,16,0,0
BRDA:350,16,1,0
BRDA:350,17,0,0
BRDA:350,17,1,0
BRDA:356,18,0,0
BRDA:356,18,1,0
BRDA:368,19,0,4
BRDA:368,19,1,2
BRDA:406,20,0,1
BRDA:406,20,1,2
BRF:41
BRH:27
end_of_record
TN:
SF:client\src\core\media\useMedia.ts
FN:29,useMedia
FN:40,(anonymous_1)
FN:41,(anonymous_2)
FN:44,(anonymous_3)
FN:45,(anonymous_4)
FN:48,(anonymous_5)
FN:49,(anonymous_6)
FN:52,(anonymous_7)
FN:53,(anonymous_8)
FN:59,(anonymous_9)
FN:80,(anonymous_10)
FN:102,(anonymous_11)
FN:122,(anonymous_12)
FN:143,(anonymous_13)
FN:166,(anonymous_14)
FN:175,(anonymous_15)
FN:199,(anonymous_16)
FN:212,(anonymous_17)
FN:236,(anonymous_18)
FN:248,(anonymous_19)
FN:259,(anonymous_20)
FN:287,useChatMedia
FN:291,(anonymous_22)
FNF:23
FNH:0
FNDA:0,useMedia
FNDA:0,(anonymous_1)
FNDA:0,(anonymous_2)
FNDA:0,(anonymous_3)
FNDA:0,(anonymous_4)
FNDA:0,(anonymous_5)
FNDA:0,(anonymous_6)
FNDA:0,(anonymous_7)
FNDA:0,(anonymous_8)
FNDA:0,(anonymous_9)
FNDA:0,(anonymous_10)
FNDA:0,(anonymous_11)
FNDA:0,(anonymous_12)
FNDA:0,(anonymous_13)
FNDA:0,(anonymous_14)
FNDA:0,(anonymous_15)
FNDA:0,(anonymous_16)
FNDA:0,(anonymous_17)
FNDA:0,(anonymous_18)
FNDA:0,(anonymous_19)
FNDA:0,(anonymous_20)
FNDA:0,useChatMedia
FNDA:0,(anonymous_22)
DA:30,0
DA:31,0
DA:38,0
DA:40,0
DA:41,0
DA:44,0
DA:45,0
DA:48,0
DA:49,0
DA:52,0
DA:53,0
DA:59,0
DA:60,0
DA:61,0
DA:63,0
DA:64,0
DA:65,0
DA:67,0
DA:68,0
DA:69,0
DA:70,0
DA:72,0
DA:79,0
DA:81,0
DA:82,0
DA:84,0
DA:85,0
DA:86,0
DA:88,0
DA:89,0
DA:90,0
DA:91,0
DA:93,0
DA:102,0
DA:103,0
DA:104,0
DA:106,0
DA:107,0
DA:108,0
DA:110,0
DA:111,0
DA:112,0
DA:113,0
DA:115,0
DA:122,0
DA:123,0
DA:124,0
DA:126,0
DA:127,0
DA:128,0
DA:130,0
DA:131,0
DA:132,0
DA:133,0
DA:135,0
DA:142,0
DA:144,0
DA:145,0
DA:147,0
DA:148,0
DA:149,0
DA:151,0
DA:152,0
DA:153,0
DA:154,0
DA:156,0
DA:165,0
DA:167,0
DA:168,0
DA:169,0
DA:171,0
DA:173,0
DA:174,0
DA:175,0
DA:176,0
DA:177,0
DA:180,0
DA:181,0
DA:183,0
DA:184,0
DA:185,0
DA:186,0
DA:188,0
DA:189,0
DA:198,0
DA:203,0
DA:204,0
DA:206,0
DA:208,0
DA:209,0
DA:211,0
DA:212,0
DA:213,0
DA:214,0
DA:216,0
DA:219,0
DA:221,0
DA:222,0
DA:223,0
DA:224,0
DA:226,0
DA:235,0
DA:237,0
DA:238,0
DA:240,0
DA:248,0
DA:249,0
DA:250,0
DA:251,0
DA:253,0
DA:259,0
DA:260,0
DA:268,0
DA:288,0
DA:290,0
DA:293,0
DA:295,0
DA:297,0
DA:298,0
DA:300,0
DA:301,0
DA:303,0
DA:304,0
DA:307,0
DA:308,0
DA:311,0
DA:312,0
DA:316,0
DA:317,0
DA:322,0
LF:130
LH:0
BRDA:29,0,0,0
BRDA:67,1,0,0
BRDA:67,1,1,0
BRDA:88,2,0,0
BRDA:88,2,1,0
BRDA:110,3,0,0
BRDA:110,3,1,0
BRDA:130,4,0,0
BRDA:130,4,1,0
BRDA:151,5,0,0
BRDA:151,5,1,0
BRDA:183,6,0,0
BRDA:183,6,1,0
BRDA:221,7,0,0
BRDA:221,7,1,0
BRDA:238,8,0,0
BRDA:238,8,1,0
BRDA:249,9,0,0
BRDA:249,9,1,0
BRDA:295,10,0,0
BRDA:295,10,1,0
BRDA:295,10,2,0
BRDA:295,10,3,0
BRDA:311,11,0,0
BRDA:311,11,1,0
BRF:25
BRH:0
end_of_record
TN:
SF:client\src\core\network\CancellationToken.ts
FN:7,(anonymous_0)
FN:18,(anonymous_1)
FN:22,(anonymous_2)
FN:29,(anonymous_3)
FN:36,(anonymous_4)
FN:50,(anonymous_5)
FN:59,(anonymous_6)
FN:62,(anonymous_7)
FN:69,(anonymous_8)
FN:77,(anonymous_9)
FN:80,(anonymous_10)
FN:81,(anonymous_11)
FN:93,withTimeout
FN:96,(anonymous_13)
FN:101,(anonymous_14)
FN:111,withCancellation
FN:117,(anonymous_16)
FN:118,(anonymous_17)
FN:123,(anonymous_18)
FN:127,(anonymous_19)
FN:137,useCancellationToken
FN:145,(anonymous_21)
FNF:22
FNH:0
FNDA:0,(anonymous_0)
FNDA:0,(anonymous_1)
FNDA:0,(anonymous_2)
FNDA:0,(anonymous_3)
FNDA:0,(anonymous_4)
FNDA:0,(anonymous_5)
FNDA:0,(anonymous_6)
FNDA:0,(anonymous_7)
FNDA:0,(anonymous_8)
FNDA:0,(anonymous_9)
FNDA:0,(anonymous_10)
FNDA:0,(anonymous_11)
FNDA:0,withTimeout
FNDA:0,(anonymous_13)
FNDA:0,(anonymous_14)
FNDA:0,withCancellation
FNDA:0,(anonymous_16)
FNDA:0,(anonymous_17)
FNDA:0,(anonymous_18)
FNDA:0,(anonymous_19)
FNDA:0,useCancellationToken
FNDA:0,(anonymous_21)
DA:8,0
DA:9,0
DA:14,0
DA:16,0
DA:19,0
DA:23,0
DA:30,0
DA:32,0
DA:33,0
DA:36,0
DA:37,0
DA:38,0
DA:44,0
DA:51,0
DA:52,0
DA:60,0
DA:61,0
DA:62,0
DA:67,0
DA:69,0
DA:70,0
DA:78,0
DA:80,0
DA:81,0
DA:82,0
DA:86,0
DA:94,0
DA:96,0
DA:97,0
DA:101,0
DA:102,0
DA:105,0
DA:115,0
DA:117,0
DA:118,0
DA:119,0
DA:122,0
DA:124,0
DA:125,0
DA:128,0
DA:129,0
DA:141,0
DA:143,0
DA:145,0
LF:44
LH:0
BRDA:7,0,0,0
BRDA:30,1,0,0
BRDA:30,1,1,0
BRDA:51,2,0,0
BRDA:51,2,1,0
BRDA:60,3,0,0
BRDA:60,3,1,0
BRDA:82,4,0,0
BRDA:82,4,1,0
BRDA:93,5,0,0
BRF:10
BRH:0
end_of_record
TN:
SF:client\src\core\network\RetryPolicy.ts
FN:37,(anonymous_0)
FN:44,(anonymous_1)
FN:96,(anonymous_2)
FN:107,(anonymous_3)
FN:113,(anonymous_4)
FN:131,(anonymous_5)
FN:132,(anonymous_6)
FN:140,withRetry
FNF:8
FNH:0
FNDA:0,(anonymous_0)
FNDA:0,(anonymous_1)
FNDA:0,(anonymous_2)
FNDA:0,(anonymous_3)
FNDA:0,(anonymous_4)
FNDA:0,(anonymous_5)
FNDA:0,(anonymous_6)
FNDA:0,withRetry
DA:17,0
DA:38,0
DA:45,0
DA:50,0
DA:51,0
DA:53,0
DA:54,0
DA:56,0
DA:57,0
DA:63,0
DA:65,0
DA:67,0
DA:69,0
DA:70,0
DA:76,0
DA:79,0
DA:81,0
DA:86,0
DA:90,0
DA:97,0
DA:98,0
DA:101,0
DA:102,0
DA:106,0
DA:107,0
DA:116,0
DA:119,0
DA:122,0
DA:123,0
DA:125,0
DA:132,0
DA:137,0
DA:145,0
DA:146,0
LF:34
LH:0
BRDA:37,0,0,0
BRDA:56,1,0,0
BRDA:56,1,1,0
BRDA:65,2,0,0
BRDA:65,2,1,0
BRDA:69,3,0,0
BRDA:69,3,1,0
BRDA:90,4,0,0
BRDA:90,4,1,0
BRDA:97,5,0,0
BRDA:97,5,1,0
BRDA:101,6,0,0
BRDA:101,6,1,0
BRDA:145,7,0,0
BRDA:145,7,1,0
BRF:15
BRH:0
end_of_record
TN:
SF:client\src\core\networking\chatService.ts
FN:15,resolveDefaultWebSocketUrl
FN:53,(anonymous_1)
FN:55,(anonymous_2)
FN:60,(anonymous_3)
FN:74,(anonymous_4)
FN:94,(anonymous_5)
FN:108,(anonymous_6)
FN:116,(anonymous_7)
FN:137,(anonymous_8)
FN:142,(anonymous_9)
FN:160,(anonymous_10)
FN:169,(anonymous_11)
FN:202,(anonymous_12)
FN:206,(anonymous_13)
FN:210,(anonymous_14)
FN:219,(anonymous_15)
FN:232,(anonymous_16)
FNF:17
FNH:15
FNDA:0,resolveDefaultWebSocketUrl
FNDA:27,(anonymous_1)
FNDA:48,(anonymous_2)
FNDA:3,(anonymous_3)
FNDA:8,(anonymous_4)
FNDA:6,(anonymous_5)
FNDA:2,(anonymous_6)
FNDA:2,(anonymous_7)
FNDA:12,(anonymous_8)
FNDA:1,(anonymous_9)
FNDA:45,(anonymous_10)
FNDA:8,(anonymous_11)
FNDA:9,(anonymous_12)
FNDA:4,(anonymous_13)
FNDA:12,(anonymous_14)
FNDA:11,(anonymous_15)
FNDA:0,(anonymous_16)
DA:8,1
DA:16,0
DA:17,0
DA:18,0
DA:20,0
DA:21,0
DA:23,0
DA:24,0
DA:26,0
DA:47,27
DA:48,27
DA:49,27
DA:50,27
DA:51,27
DA:56,48
DA:57,48
DA:58,48
DA:60,47
DA:61,3
DA:62,3
DA:65,3
DA:74,47
DA:75,8
DA:76,8
DA:78,7
DA:79,5
DA:87,5
DA:94,5
DA:95,6
DA:96,6
DA:98,1
DA:103,2
DA:104,1
DA:108,1
DA:109,2
DA:116,2
DA:117,2
DA:118,2
DA:120,0
DA:128,1
DA:129,1
DA:137,47
DA:138,12
DA:139,12
DA:142,47
DA:143,1
DA:144,1
DA:151,1
DA:152,1
DA:161,45
DA:162,45
DA:163,35
DA:164,35
DA:166,45
DA:170,8
DA:171,7
DA:179,7
DA:180,7
DA:181,7
DA:186,0
DA:187,0
DA:194,1
DA:203,9
DA:207,4
DA:211,12
DA:212,11
DA:213,11
DA:219,11
DA:220,11
DA:223,1
DA:232,1
DA:233,0
LF:72
LH:60
BRDA:17,0,0,0
BRDA:17,0,1,0
BRDA:18,1,0,0
BRDA:18,1,1,0
BRDA:20,2,0,0
BRDA:20,2,1,0
BRDA:23,3,0,0
BRDA:23,3,1,0
BRDA:78,4,0,5
BRDA:78,4,1,2
BRDA:103,5,0,1
BRDA:103,5,1,1
BRDA:105,6,0,1
BRDA:105,6,1,0
BRDA:162,7,0,35
BRDA:162,7,1,10
BRDA:170,8,0,7
BRDA:170,8,1,1
BRDA:170,9,0,8
BRDA:170,9,1,8
BRDA:211,10,0,11
BRDA:211,10,1,1
BRDA:233,11,0,0
BRDA:233,11,1,0
BRF:24
BRH:13
end_of_record
TN:
SF:client\src\core\readReceipts\ReadReceiptsManager.ts
FN:35,(anonymous_0)
FN:42,(anonymous_1)
FN:100,(anonymous_2)
FN:111,(anonymous_3)
FN:116,(anonymous_4)
FN:129,(anonymous_5)
FN:171,(anonymous_6)
FN:194,(anonymous_7)
FN:210,(anonymous_8)
FN:212,(anonymous_9)
FN:232,(anonymous_10)
FN:246,(anonymous_11)
FN:270,(anonymous_12)
FN:274,(anonymous_13)
FN:280,(anonymous_14)
FN:288,(anonymous_15)
FN:297,(anonymous_16)
FN:309,(anonymous_17)
FN:321,(anonymous_18)
FN:332,(anonymous_19)
FN:339,(anonymous_20)
FN:350,(anonymous_21)
FN:360,getReadReceiptsManager
FN:367,resetReadReceiptsManager
FN:375,(anonymous_24)
FN:378,(anonymous_25)
FN:381,(anonymous_26)
FN:384,(anonymous_27)
FNF:28
FNH:22
FNDA:38,(anonymous_0)
FNDA:9,(anonymous_1)
FNDA:3,(anonymous_2)
FNDA:2,(anonymous_3)
FNDA:2,(anonymous_4)
FNDA:1,(anonymous_5)
FNDA:3,(anonymous_6)
FNDA:0,(anonymous_7)
FNDA:0,(anonymous_8)
FNDA:0,(anonymous_9)
FNDA:1,(anonymous_10)
FNDA:2,(anonymous_11)
FNDA:2,(anonymous_12)
FNDA:4,(anonymous_13)
FNDA:1,(anonymous_14)
FNDA:1,(anonymous_15)
FNDA:2,(anonymous_16)
FNDA:1,(anonymous_17)
FNDA:1,(anonymous_18)
FNDA:4,(anonymous_19)
FNDA:9,(anonymous_20)
FNDA:8,(anonymous_21)
FNDA:6,getReadReceiptsManager
FNDA:33,resetReadReceiptsManager
FNDA:1,(anonymous_24)
FNDA:0,(anonymous_25)
FNDA:0,(anonymous_26)
FNDA:0,(anonymous_27)
DA:24,2
DA:32,38
DA:33,38
DA:36,38
DA:43,9
DA:44,2
DA:47,7
DA:48,7
DA:49,7
DA:51,7
DA:52,2
DA:53,2
DA:57,5
DA:58,1
DA:62,4
DA:63,1
DA:67,3
DA:70,2
DA:78,2
DA:81,2
DA:82,2
DA:83,2
DA:90,2
DA:92,1
DA:93,1
DA:101,3
DA:102,1
DA:105,2
DA:106,2
DA:107,2
DA:110,2
DA:111,2
DA:115,2
DA:116,2
DA:119,2
DA:120,1
DA:124,1
DA:125,1
DA:129,1
DA:137,1
DA:140,1
DA:141,1
DA:142,1
DA:143,1
DA:144,1
DA:148,1
DA:149,1
DA:150,1
DA:158,1
DA:163,0
DA:164,0
DA:172,3
DA:173,3
DA:176,0
DA:177,0
DA:178,0
DA:181,0
DA:182,0
DA:183,0
DA:187,0
DA:188,0
DA:192,0
DA:193,0
DA:194,0
DA:197,0
DA:198,0
DA:202,0
DA:205,0
DA:206,0
DA:210,0
DA:211,0
DA:212,0
DA:215,0
DA:218,0
DA:220,0
DA:225,0
DA:233,1
DA:234,1
DA:236,1
DA:237,0
DA:238,0
DA:239,0
DA:251,2
DA:252,2
DA:254,2
DA:255,1
DA:260,1
DA:271,2
DA:272,2
DA:274,4
DA:281,1
DA:282,1
DA:284,1
DA:285,1
DA:286,1
DA:287,2
DA:288,2
DA:291,1
DA:300,2
DA:312,1
DA:322,1
DA:323,1
DA:333,4
DA:340,9
DA:341,0
DA:343,9
DA:344,9
DA:351,8
DA:352,8
DA:353,8
DA:358,2
DA:361,6
DA:362,5
DA:364,6
DA:368,33
DA:369,4
DA:370,4
DA:375,2
DA:376,1
DA:378,2
DA:379,0
DA:381,2
DA:382,0
DA:384,2
DA:385,0
LF:125
LH:93
BRDA:35,0,0,6
BRDA:43,1,0,2
BRDA:43,1,1,7
BRDA:43,2,0,9
BRDA:43,2,1,8
BRDA:51,3,0,2
BRDA:51,3,1,5
BRDA:57,4,0,1
BRDA:57,4,1,4
BRDA:62,5,0,1
BRDA:62,5,1,3
BRDA:101,6,0,1
BRDA:101,6,1,2
BRDA:101,7,0,3
BRDA:101,7,1,2
BRDA:116,8,0,2
BRDA:116,8,1,2
BRDA:119,9,0,1
BRDA:119,9,1,1
BRDA:143,10,0,1
BRDA:143,10,1,0
BRDA:143,11,0,1
BRDA:143,11,1,0
BRDA:172,12,0,3
BRDA:172,12,1,0
BRDA:172,13,0,3
BRDA:172,13,1,0
BRDA:182,14,0,0
BRDA:182,14,1,0
BRDA:187,15,0,0
BRDA:187,15,1,0
BRDA:194,16,0,0
BRDA:194,16,1,0
BRDA:197,17,0,0
BRDA:197,17,1,0
BRDA:205,18,0,0
BRDA:205,18,1,0
BRDA:236,19,0,0
BRDA:236,19,1,1
BRDA:254,20,0,1
BRDA:254,20,1,1
BRDA:262,21,0,1
BRDA:262,21,1,0
BRDA:263,22,0,1
BRDA:263,22,1,0
BRDA:274,23,0,4
BRDA:274,23,1,3
BRDA:288,24,0,1
BRDA:288,24,1,1
BRDA:361,25,0,5
BRDA:361,25,1,1
BRDA:368,26,0,4
BRDA:368,26,1,29
BRF:53
BRH:36
end_of_record
TN:
SF:client\src\core\sync\NetworkMonitor.ts
FN:16,(anonymous_0)
FN:20,(anonymous_1)
FN:21,(anonymous_2)
FN:31,(anonymous_3)
FN:32,(anonymous_4)
FN:44,(anonymous_5)
FN:54,(anonymous_6)
FN:62,(anonymous_7)
FN:69,(anonymous_8)
FN:76,(anonymous_9)
FN:84,(anonymous_10)
FN:98,getNetworkMonitor
FN:105,resetNetworkMonitor
FNF:13
FNH:13
FNDA:27,(anonymous_0)
FNDA:27,(anonymous_1)
FNDA:41,(anonymous_2)
FNDA:9,(anonymous_3)
FNDA:6,(anonymous_4)
FNDA:11,(anonymous_5)
FNDA:1,(anonymous_6)
FNDA:9,(anonymous_7)
FNDA:10,(anonymous_8)
FNDA:2,(anonymous_9)
FNDA:8,(anonymous_10)
FNDA:6,getNetworkMonitor
FNDA:23,resetNetworkMonitor
DA:12,27
DA:13,27
DA:14,27
DA:17,27
DA:21,27
DA:22,41
DA:24,41
DA:25,9
DA:26,9
DA:32,9
DA:33,6
DA:34,6
DA:36,1
DA:45,11
DA:48,11
DA:49,11
DA:51,1
DA:54,11
DA:55,1
DA:63,9
DA:70,10
DA:77,2
DA:78,1
DA:85,8
DA:86,8
DA:87,8
DA:89,8
DA:91,8
DA:96,1
DA:99,6
DA:100,5
DA:102,6
DA:106,23
DA:107,5
DA:108,5
LF:35
LH:35
BRDA:22,0,0,41
BRDA:22,0,1,0
BRDA:24,1,0,9
BRDA:24,1,1,32
BRDA:77,2,0,1
BRDA:77,2,1,1
BRDA:85,3,0,8
BRDA:85,3,1,0
BRDA:99,4,0,5
BRDA:99,4,1,1
BRDA:106,5,0,5
BRDA:106,5,1,18
BRF:12
BRH:10
end_of_record
TN:
SF:client\src\core\sync\SyncEngine.ts
FN:34,(anonymous_0)
FN:40,(anonymous_1)
FN:41,(anonymous_2)
FN:56,(anonymous_3)
FN:63,(anonymous_4)
FN:73,(anonymous_5)
FN:89,(anonymous_6)
FN:98,(anonymous_7)
FN:117,(anonymous_8)
FN:174,(anonymous_9)
FN:200,(anonymous_10)
FN:237,(anonymous_11)
FN:251,(anonymous_12)
FN:258,(anonymous_13)
FN:266,getSyncEngine
FN:273,resetSyncEngine
FNF:16
FNH:14
FNDA:34,(anonymous_0)
FNDA:34,(anonymous_1)
FNDA:2,(anonymous_2)
FNDA:7,(anonymous_3)
FNDA:0,(anonymous_4)
FNDA:45,(anonymous_5)
FNDA:5,(anonymous_6)
FNDA:1,(anonymous_7)
FNDA:16,(anonymous_8)
FNDA:1,(anonymous_9)
FNDA:3,(anonymous_10)
FNDA:1,(anonymous_11)
FNDA:6,(anonymous_12)
FNDA:0,(anonymous_13)
FNDA:4,getSyncEngine
FNDA:30,resetSyncEngine
DA:20,1
DA:29,34
DA:30,34
DA:31,34
DA:32,34
DA:35,34
DA:36,34
DA:37,34
DA:41,34
DA:42,2
DA:44,2
DA:45,1
DA:46,1
DA:48,1
DA:57,7
DA:58,0
DA:61,7
DA:63,7
DA:64,0
DA:65,0
DA:74,45
DA:75,7
DA:76,7
DA:80,45
DA:81,2
DA:83,45
DA:90,5
DA:91,5
DA:92,5
DA:99,1
DA:100,1
DA:103,1
DA:106,1
DA:109,1
DA:110,1
DA:118,16
DA:119,4
DA:122,12
DA:123,12
DA:124,12
DA:125,12
DA:127,12
DA:128,12
DA:130,12
DA:131,12
DA:133,12
DA:134,9
DA:136,9
DA:137,1
DA:138,1
DA:142,8
DA:143,1
DA:144,1
DA:147,7
DA:149,7
DA:152,7
DA:155,4
DA:161,4
DA:163,3
DA:166,3
DA:168,3
DA:170,1
DA:171,1
DA:174,2
DA:175,1
DA:176,1
DA:179,2
DA:185,12
DA:186,12
DA:188,0
DA:189,0
DA:190,0
DA:192,12
DA:193,12
DA:201,3
DA:202,1
DA:205,2
DA:206,2
DA:207,2
DA:209,2
DA:211,2
DA:212,2
DA:215,2
DA:218,1
DA:219,0
DA:222,1
DA:223,0
DA:226,1
DA:227,1
DA:229,1
DA:230,1
DA:238,1
DA:239,1
DA:241,1
DA:242,2
DA:245,1
DA:252,6
DA:259,0
DA:264,1
DA:267,4
DA:268,3
DA:270,4
DA:274,30
DA:275,3
DA:276,3
LF:105
LH:96
BRDA:34,0,0,4
BRDA:44,1,0,1
BRDA:44,1,1,1
BRDA:57,2,0,0
BRDA:57,2,1,7
BRDA:64,3,0,0
BRDA:64,3,1,0
BRDA:74,4,0,7
BRDA:74,4,1,38
BRDA:109,5,0,1
BRDA:109,5,1,0
BRDA:118,6,0,4
BRDA:118,6,1,12
BRDA:118,7,0,16
BRDA:118,7,1,15
BRDA:118,7,2,13
BRDA:136,8,0,1
BRDA:136,8,1,8
BRDA:142,9,0,1
BRDA:142,9,1,7
BRDA:142,10,0,8
BRDA:142,10,1,7
BRDA:168,11,0,1
BRDA:168,11,1,2
BRDA:175,12,0,1
BRDA:175,12,1,0
BRDA:190,13,0,0
BRDA:190,13,1,0
BRDA:201,14,0,1
BRDA:201,14,1,2
BRDA:201,15,0,3
BRDA:201,15,1,3
BRDA:215,16,0,2
BRDA:215,16,1,2
BRDA:267,17,0,3
BRDA:267,17,1,1
BRDA:274,18,0,3
BRDA:274,18,1,27
BRF:38
BRH:31
end_of_record
TN:
SF:client\src\core\typingIndicators\TypingIndicatorsManager.ts
FN:47,(anonymous_0)
FN:55,(anonymous_1)
FN:74,(anonymous_2)
FN:89,(anonymous_3)
FN:120,(anonymous_4)
FN:152,(anonymous_5)
FN:177,(anonymous_6)
FN:183,(anonymous_7)
FN:189,(anonymous_8)
FN:202,(anonymous_9)
FN:210,(anonymous_10)
FN:218,(anonymous_11)
FN:225,(anonymous_12)
FN:239,(anonymous_13)
FN:259,(anonymous_14)
FN:271,(anonymous_15)
FN:301,(anonymous_16)
FN:321,(anonymous_17)
FN:351,(anonymous_18)
FN:362,(anonymous_19)
FN:369,(anonymous_20)
FN:398,getTypingIndicatorsManager
FN:414,resetTypingIndicatorsManager
FN:422,(anonymous_23)
FN:427,(anonymous_24)
FN:432,(anonymous_25)
FNF:26
FNH:11
FNDA:3,(anonymous_0)
FNDA:0,(anonymous_1)
FNDA:0,(anonymous_2)
FNDA:0,(anonymous_3)
FNDA:3,(anonymous_4)
FNDA:0,(anonymous_5)
FNDA:9,(anonymous_6)
FNDA:12,(anonymous_7)
FNDA:5,(anonymous_8)
FNDA:4,(anonymous_9)
FNDA:0,(anonymous_10)
FNDA:0,(anonymous_11)
FNDA:0,(anonymous_12)
FNDA:0,(anonymous_13)
FNDA:0,(anonymous_14)
FNDA:0,(anonymous_15)
FNDA:3,(anonymous_16)
FNDA:0,(anonymous_17)
FNDA:0,(anonymous_18)
FNDA:1,(anonymous_19)
FNDA:6,(anonymous_20)
FNDA:3,getTypingIndicatorsManager
FNDA:6,resetTypingIndicatorsManager
FNDA:0,(anonymous_23)
FNDA:0,(anonymous_24)
FNDA:0,(anonymous_25)
DA:31,1
DA:40,3
DA:41,3
DA:42,3
DA:43,3
DA:44,3
DA:48,3
DA:49,3
DA:56,0
DA:57,0
DA:60,0
DA:62,0
DA:63,0
DA:64,0
DA:68,0
DA:69,0
DA:70,0
DA:74,0
DA:75,0
DA:78,0
DA:80,0
DA:82,0
DA:90,0
DA:91,0
DA:94,0
DA:96,0
DA:97,0
DA:98,0
DA:99,0
DA:103,0
DA:104,0
DA:105,0
DA:106,0
DA:109,0
DA:111,0
DA:113,0
DA:121,3
DA:122,0
DA:126,3
DA:127,0
DA:130,3
DA:131,3
DA:133,3
DA:135,3
DA:142,3
DA:143,3
DA:146,3
DA:147,3
DA:148,3
DA:149,0
DA:152,3
DA:153,0
DA:156,3
DA:158,3
DA:164,0
DA:168,3
DA:170,0
DA:178,9
DA:179,9
DA:180,0
DA:183,12
DA:190,5
DA:192,5
DA:193,0
DA:196,5
DA:197,3
DA:198,3
DA:201,2
DA:202,4
DA:203,2
DA:207,0
DA:208,0
DA:210,0
DA:212,0
DA:219,0
DA:226,0
DA:227,0
DA:235,0
DA:238,0
DA:239,0
DA:240,0
DA:241,0
DA:244,0
DA:247,0
DA:252,0
DA:262,0
DA:272,0
DA:273,0
DA:274,0
DA:276,0
DA:277,0
DA:282,0
DA:283,0
DA:284,0
DA:285,0
DA:286,0
DA:290,0
DA:292,0
DA:302,3
DA:303,3
DA:305,3
DA:306,3
DA:312,3
DA:322,0
DA:323,0
DA:324,0
DA:325,0
DA:330,0
DA:331,0
DA:332,0
DA:333,0
DA:337,0
DA:338,0
DA:339,0
DA:340,0
DA:342,0
DA:345,0
DA:352,0
DA:353,0
DA:363,1
DA:370,6
DA:373,6
DA:374,0
DA:376,6
DA:378,6
DA:379,0
DA:381,6
DA:383,6
DA:384,3
DA:386,6
DA:389,6
DA:391,6
DA:396,1
DA:402,3
DA:406,3
DA:407,0
DA:409,3
DA:411,3
DA:415,6
DA:416,3
DA:417,3
DA:422,1
DA:423,0
DA:424,0
DA:427,1
DA:428,0
DA:429,0
DA:432,1
DA:433,0
DA:434,0
LF:150
LH:61
BRDA:47,0,0,3
BRDA:56,1,0,0
BRDA:56,1,1,0
BRDA:56,2,0,0
BRDA:56,2,1,0
BRDA:63,3,0,0
BRDA:63,3,1,0
BRDA:69,4,0,0
BRDA:69,4,1,0
BRDA:90,5,0,0
BRDA:90,5,1,0
BRDA:90,6,0,0
BRDA:90,6,1,0
BRDA:97,7,0,0
BRDA:97,7,1,0
BRDA:104,8,0,0
BRDA:104,8,1,0
BRDA:121,9,0,0
BRDA:121,9,1,3
BRDA:121,10,0,3
BRDA:121,10,1,3
BRDA:126,11,0,0
BRDA:126,11,1,3
BRDA:131,12,0,3
BRDA:131,12,1,2
BRDA:133,13,0,3
BRDA:133,13,1,0
BRDA:148,14,0,0
BRDA:148,14,1,3
BRDA:179,15,0,0
BRDA:179,15,1,9
BRDA:192,16,0,0
BRDA:192,16,1,5
BRDA:196,17,0,3
BRDA:196,17,1,2
BRDA:197,18,0,3
BRDA:197,18,1,0
BRDA:201,19,0,2
BRDA:201,19,1,0
BRDA:202,20,0,4
BRDA:202,20,1,0
BRDA:210,21,0,0
BRDA:210,21,1,0
BRDA:238,22,0,0
BRDA:238,22,1,0
BRDA:248,23,0,0
BRDA:248,23,1,0
BRDA:263,24,0,0
BRDA:263,24,1,0
BRDA:273,25,0,0
BRDA:273,25,1,0
BRDA:276,26,0,0
BRDA:276,26,1,0
BRDA:284,27,0,0
BRDA:284,27,1,0
BRDA:323,28,0,0
BRDA:323,28,1,0
BRDA:332,29,0,0
BRDA:332,29,1,0
BRDA:339,30,0,0
BRDA:339,30,1,0
BRDA:402,31,0,3
BRDA:402,31,1,0
BRDA:403,32,0,3
BRDA:403,32,1,0
BRDA:406,33,0,0
BRDA:406,33,1,3
BRDA:415,34,0,3
BRDA:415,34,1,3
BRF:69
BRH:21
end_of_record
TN:
SF:client\src\data\datasources\LocalStorageDataSource.ts
FN:23,messageKey
FN:30,(anonymous_1)
FN:34,(anonymous_2)
FN:44,(anonymous_3)
FN:54,(anonymous_4)
FN:62,(anonymous_5)
FN:65,(anonymous_6)
FN:71,(anonymous_7)
FN:74,(anonymous_8)
FN:88,(anonymous_9)
FN:91,(anonymous_10)
FN:99,(anonymous_11)
FN:110,(anonymous_12)
FN:114,(anonymous_13)
FN:123,(anonymous_14)
FN:127,(anonymous_15)
FN:141,(anonymous_16)
FN:144,(anonymous_17)
FN:151,(anonymous_18)
FN:161,(anonymous_19)
FN:171,(anonymous_20)
FN:174,(anonymous_21)
FN:180,(anonymous_22)
FN:183,(anonymous_23)
FN:197,(anonymous_24)
FN:206,(anonymous_25)
FN:215,(anonymous_26)
FN:228,(anonymous_27)
FN:237,(anonymous_28)
FN:246,(anonymous_29)
FN:255,(anonymous_30)
FN:264,(anonymous_31)
FN:273,(anonymous_32)
FNF:33
FNH:30
FNDA:12,messageKey
FNDA:47,(anonymous_1)
FNDA:31,(anonymous_2)
FNDA:16,(anonymous_3)
FNDA:8,(anonymous_4)
FNDA:4,(anonymous_5)
FNDA:4,(anonymous_6)
FNDA:4,(anonymous_7)
FNDA:3,(anonymous_8)
FNDA:2,(anonymous_9)
FNDA:2,(anonymous_10)
FNDA:7,(anonymous_11)
FNDA:2,(anonymous_12)
FNDA:4,(anonymous_13)
FNDA:2,(anonymous_14)
FNDA:1,(anonymous_15)
FNDA:1,(anonymous_16)
FNDA:2,(anonymous_17)
FNDA:1,(anonymous_18)
FNDA:4,(anonymous_19)
FNDA:2,(anonymous_20)
FNDA:2,(anonymous_21)
FNDA:1,(anonymous_22)
FNDA:0,(anonymous_23)
FNDA:1,(anonymous_24)
FNDA:2,(anonymous_25)
FNDA:2,(anonymous_26)
FNDA:2,(anonymous_27)
FNDA:1,(anonymous_28)
FNDA:2,(anonymous_29)
FNDA:1,(anonymous_30)
FNDA:0,(anonymous_31)
FNDA:0,(anonymous_32)
DA:11,4
DA:13,4
DA:21,4
DA:24,12
DA:31,47
DA:35,31
DA:36,25
DA:37,25
DA:39,2
DA:45,16
DA:46,16
DA:47,14
DA:48,14
DA:50,2
DA:55,8
DA:56,8
DA:58,2
DA:63,4
DA:64,4
DA:65,4
DA:67,0
DA:72,4
DA:73,4
DA:74,4
DA:76,4
DA:77,3
DA:79,1
DA:82,4
DA:84,0
DA:89,2
DA:90,2
DA:91,2
DA:92,1
DA:94,1
DA:100,7
DA:101,7
DA:102,7
DA:103,7
DA:104,7
DA:106,0
DA:111,2
DA:115,4
DA:116,4
DA:117,4
DA:119,0
DA:124,2
DA:125,2
DA:126,2
DA:127,2
DA:129,2
DA:130,1
DA:132,1
DA:135,2
DA:137,0
DA:142,1
DA:143,1
DA:144,2
DA:145,1
DA:147,0
DA:152,1
DA:153,1
DA:154,1
DA:156,0
DA:162,4
DA:163,4
DA:164,4
DA:165,4
DA:167,0
DA:172,2
DA:173,2
DA:174,2
DA:176,0
DA:181,1
DA:182,1
DA:183,1
DA:185,1
DA:186,0
DA:188,1
DA:191,1
DA:193,0
DA:198,1
DA:199,1
DA:201,0
DA:207,2
DA:208,2
DA:209,2
DA:211,0
DA:216,2
DA:217,2
DA:218,1
DA:220,1
DA:223,0
DA:229,2
DA:230,2
DA:231,2
DA:233,0
DA:238,1
DA:239,1
DA:241,0
DA:247,2
DA:248,2
DA:249,2
DA:251,0
DA:256,1
DA:257,1
DA:259,0
DA:265,0
DA:266,0
DA:268,0
DA:274,0
DA:279,4
LF:111
LH:89
BRDA:35,0,0,6
BRDA:35,0,1,25
BRDA:46,1,0,16
BRDA:46,1,1,1
BRDA:48,2,0,14
BRDA:48,2,1,3
BRDA:65,3,0,4
BRDA:65,3,1,1
BRDA:76,4,0,3
BRDA:76,4,1,1
BRDA:102,5,0,7
BRDA:102,5,1,2
BRDA:104,6,0,7
BRDA:104,6,1,2
BRDA:129,7,0,1
BRDA:129,7,1,1
BRDA:163,8,0,4
BRDA:163,8,1,0
BRDA:165,9,0,4
BRDA:165,9,1,0
BRDA:174,10,0,2
BRDA:174,10,1,1
BRDA:185,11,0,0
BRDA:185,11,1,1
BRDA:208,12,0,2
BRDA:208,12,1,1
BRDA:217,13,0,1
BRDA:217,13,1,1
BRDA:230,14,0,2
BRDA:230,14,1,1
BRDA:248,15,0,2
BRDA:248,15,1,1
BRF:32
BRH:29
end_of_record
TN:
SF:client\src\data\datasources\MockAuthDataSource.ts
FN:11,(anonymous_0)
FN:11,(anonymous_1)
FN:30,(anonymous_2)
FN:35,(anonymous_3)
FNF:4
FNH:4
FNDA:5,(anonymous_0)
FNDA:5,(anonymous_1)
FNDA:1,(anonymous_2)
FNDA:4,(anonymous_3)
DA:11,10
DA:31,1
DA:32,1
DA:36,4
DA:38,4
DA:39,3
DA:42,1
DA:43,1
LF:8
LH:8
BRDA:38,0,0,3
BRDA:38,0,1,1
BRF:2
BRH:2
end_of_record
TN:
SF:client\src\data\datasources\RemoteApiDataSource.ts
FN:28,(anonymous_0)
FN:32,(anonymous_1)
FN:36,(anonymous_2)
FN:85,(anonymous_3)
FN:97,(anonymous_4)
FN:108,(anonymous_5)
FN:115,(anonymous_6)
FN:122,(anonymous_7)
FN:126,(anonymous_8)
FN:130,(anonymous_9)
FN:137,(anonymous_10)
FN:144,(anonymous_11)
FN:152,(anonymous_12)
FN:156,(anonymous_13)
FN:160,(anonymous_14)
FN:167,(anonymous_15)
FN:174,(anonymous_16)
FN:181,(anonymous_17)
FN:188,(anonymous_18)
FN:195,(anonymous_19)
FN:201,(anonymous_20)
FN:208,(anonymous_21)
FN:215,(anonymous_22)
FN:226,(anonymous_23)
FN:233,(anonymous_24)
FN:240,(anonymous_25)
FN:246,(anonymous_26)
FN:254,(anonymous_27)
FN:263,(anonymous_28)
FN:271,(anonymous_29)
FN:279,(anonymous_30)
FN:286,(anonymous_31)
FNF:32
FNH:28
FNDA:45,(anonymous_0)
FNDA:1,(anonymous_1)
FNDA:36,(anonymous_2)
FNDA:1,(anonymous_3)
FNDA:1,(anonymous_4)
FNDA:1,(anonymous_5)
FNDA:1,(anonymous_6)
FNDA:2,(anonymous_7)
FNDA:10,(anonymous_8)
FNDA:1,(anonymous_9)
FNDA:1,(anonymous_10)
FNDA:2,(anonymous_11)
FNDA:1,(anonymous_12)
FNDA:1,(anonymous_13)
FNDA:1,(anonymous_14)
FNDA:1,(anonymous_15)
FNDA:0,(anonymous_16)
FNDA:0,(anonymous_17)
FNDA:1,(anonymous_18)
FNDA:1,(anonymous_19)
FNDA:0,(anonymous_20)
FNDA:0,(anonymous_21)
FNDA:1,(anonymous_22)
FNDA:1,(anonymous_23)
FNDA:1,(anonymous_24)
FNDA:1,(anonymous_25)
FNDA:1,(anonymous_26)
FNDA:1,(anonymous_27)
FNDA:1,(anonymous_28)
FNDA:1,(anonymous_29)
FNDA:1,(anonymous_30)
FNDA:1,(anonymous_31)
DA:9,9
DA:12,9
DA:16,9
DA:26,45
DA:29,45
DA:33,1
DA:37,36
DA:39,36
DA:44,36
DA:45,1
DA:49,36
DA:50,36
DA:57,1
DA:60,35
DA:61,35
DA:62,35
DA:63,35
DA:64,35
DA:67,1
DA:70,34
DA:71,1
DA:72,1
DA:77,33
DA:78,33
DA:79,0
DA:81,33
DA:86,1
DA:87,0
DA:90,1
DA:94,1
DA:98,1
DA:99,0
DA:102,1
DA:109,1
DA:112,1
DA:116,1
DA:123,2
DA:127,10
DA:131,1
DA:138,1
DA:145,2
DA:153,1
DA:157,1
DA:161,1
DA:168,1
DA:175,0
DA:182,0
DA:189,1
DA:196,1
DA:202,0
DA:209,0
DA:219,1
DA:220,1
DA:221,1
DA:223,1
DA:227,1
DA:234,1
DA:241,1
DA:247,1
DA:259,1
DA:260,1
DA:264,1
DA:272,1
DA:280,1
DA:287,1
DA:294,9
LF:66
LH:59
BRDA:9,0,0,9
BRDA:9,0,1,9
BRDA:12,1,0,9
BRDA:12,1,1,9
BRDA:12,1,2,9
BRDA:16,2,0,0
BRDA:16,2,1,9
BRDA:28,3,0,45
BRDA:36,4,0,16
BRDA:41,5,0,36
BRDA:41,5,1,36
BRDA:44,6,0,1
BRDA:44,6,1,35
BRDA:57,7,0,1
BRDA:57,7,1,0
BRDA:63,8,0,35
BRDA:63,8,1,0
BRDA:70,9,0,1
BRDA:70,9,1,33
BRDA:73,10,0,1
BRDA:73,10,1,0
BRDA:73,10,2,0
BRDA:78,11,0,0
BRDA:78,11,1,33
BRDA:78,12,0,33
BRDA:78,12,1,31
BRDA:78,12,2,31
BRDA:86,13,0,0
BRDA:86,13,1,1
BRDA:98,14,0,0
BRDA:98,14,1,1
BRDA:220,15,0,0
BRDA:220,15,1,1
BRDA:221,16,0,0
BRDA:221,16,1,1
BRDA:259,17,0,0
BRDA:259,17,1,1
BRF:37
BRH:26
end_of_record
TN:
SF:client\src\data\mappers\ChatMapper.ts
FN:11,(anonymous_0)
FN:40,(anonymous_1)
FN:71,(anonymous_2)
FNF:3
FNH:2
FNDA:28,(anonymous_0)
FNDA:24,(anonymous_1)
FNDA:0,(anonymous_2)
DA:12,28
DA:25,28
DA:26,10
DA:37,18
DA:41,24
DA:42,24
DA:56,24
DA:57,13
DA:58,13
DA:68,11
DA:72,0
LF:11
LH:10
BRDA:16,0,0,1
BRDA:16,0,1,27
BRDA:25,1,0,10
BRDA:25,1,1,18
BRDA:29,2,0,10
BRDA:29,2,1,9
BRDA:32,3,0,10
BRDA:32,3,1,6
BRDA:33,4,0,10
BRDA:33,4,1,10
BRDA:41,5,0,24
BRDA:41,5,1,21
BRDA:46,6,0,1
BRDA:46,6,1,23
BRDA:56,7,0,13
BRDA:56,7,1,11
BRF:16
BRH:16
end_of_record
TN:
SF:client\src\data\mappers\MessageMapper.ts
FN:19,(anonymous_0)
FN:30,(anonymous_1)
FN:39,(anonymous_2)
FN:52,(anonymous_3)
FN:61,(anonymous_4)
FN:65,(anonymous_5)
FN:79,(anonymous_6)
FN:93,(anonymous_7)
FN:101,(anonymous_8)
FNF:9
FNH:9
FNDA:44,(anonymous_0)
FNDA:9,(anonymous_1)
FNDA:14,(anonymous_2)
FNDA:7,(anonymous_3)
FNDA:3,(anonymous_4)
FNDA:6,(anonymous_5)
FNDA:3,(anonymous_6)
FNDA:9,(anonymous_7)
FNDA:7,(anonymous_8)
DA:20,44
DA:30,9
DA:40,14
DA:52,7
DA:62,3
DA:66,6
DA:80,3
DA:94,9
DA:102,7
LF:9
LH:9
BRDA:26,0,0,6
BRDA:26,0,1,38
BRDA:32,1,0,3
BRDA:32,1,1,41
BRDA:46,2,0,3
BRDA:46,2,1,11
BRF:6
BRH:6
end_of_record
TN:
SF:client\src\data\mappers\UserMapper.ts
FN:10,(anonymous_0)
FN:24,(anonymous_1)
FN:38,(anonymous_2)
FNF:3
FNH:3
FNDA:225,(anonymous_0)
FNDA:14,(anonymous_1)
FNDA:5,(anonymous_2)
DA:11,225
DA:25,14
DA:39,5
LF:3
LH:3
BRDA:17,0,0,12
BRDA:17,0,1,210
BRF:2
BRH:2
end_of_record
TN:
SF:client\src\data\models\MessageModel.ts
FNF:0
FNH:0
LF:0
LH:0
BRF:0
BRH:0
end_of_record
TN:
SF:client\src\data\repositories\ChatRepositoryImpl.ts
FN:19,(anonymous_0)
FN:25,(anonymous_1)
FN:27,(anonymous_2)
FN:30,(anonymous_3)
FN:35,(anonymous_4)
FN:38,(anonymous_5)
FN:43,(anonymous_6)
FN:46,(anonymous_7)
FN:56,(anonymous_8)
FN:58,(anonymous_9)
FN:62,(anonymous_10)
FN:74,(anonymous_11)
FN:87,(anonymous_12)
FN:92,(anonymous_13)
FN:102,(anonymous_14)
FN:112,(anonymous_15)
FN:135,(anonymous_16)
FN:152,(anonymous_17)
FN:156,(anonymous_18)
FN:157,(anonymous_19)
FN:168,(anonymous_20)
FN:185,(anonymous_21)
FN:189,(anonymous_22)
FN:200,(anonymous_23)
FN:209,(anonymous_24)
FN:218,(anonymous_25)
FN:227,(anonymous_26)
FN:236,(anonymous_27)
FN:245,(anonymous_28)
FN:254,(anonymous_29)
FN:263,(anonymous_30)
FN:273,(anonymous_31)
FN:284,(anonymous_32)
FN:301,(anonymous_33)
FN:302,(anonymous_34)
FNF:35
FNH:34
FNDA:48,(anonymous_0)
FNDA:5,(anonymous_1)
FNDA:8,(anonymous_2)
FNDA:20,(anonymous_3)
FNDA:4,(anonymous_4)
FNDA:9,(anonymous_5)
FNDA:2,(anonymous_6)
FNDA:2,(anonymous_7)
FNDA:3,(anonymous_8)
FNDA:6,(anonymous_9)
FNDA:24,(anonymous_10)
FNDA:1,(anonymous_11)
FNDA:1,(anonymous_12)
FNDA:1,(anonymous_13)
FNDA:1,(anonymous_14)
FNDA:3,(anonymous_15)
FNDA:3,(anonymous_16)
FNDA:2,(anonymous_17)
FNDA:5,(anonymous_18)
FNDA:0,(anonymous_19)
FNDA:1,(anonymous_20)
FNDA:1,(anonymous_21)
FNDA:2,(anonymous_22)
FNDA:1,(anonymous_23)
FNDA:1,(anonymous_24)
FNDA:1,(anonymous_25)
FNDA:1,(anonymous_26)
FNDA:1,(anonymous_27)
FNDA:1,(anonymous_28)
FNDA:1,(anonymous_29)
FNDA:4,(anonymous_30)
FNDA:1,(anonymous_31)
FNDA:3,(anonymous_32)
FNDA:1,(anonymous_33)
FNDA:1,(anonymous_34)
DA:20,48
DA:21,48
DA:26,5
DA:27,8
DA:31,20
DA:32,19
DA:36,4
DA:38,9
DA:41,4
DA:42,3
DA:43,2
DA:45,3
DA:46,2
DA:48,3
DA:49,1
DA:53,4
DA:57,3
DA:58,6
DA:63,24
DA:64,24
DA:67,23
DA:68,23
DA:75,1
DA:76,1
DA:79,1
DA:80,1
DA:81,1
DA:82,1
DA:83,1
DA:88,1
DA:89,1
DA:93,1
DA:95,1
DA:96,1
DA:103,1
DA:104,1
DA:105,1
DA:106,1
DA:107,1
DA:114,3
DA:115,3
DA:118,3
DA:119,3
DA:121,1
DA:122,1
DA:123,1
DA:124,1
DA:125,1
DA:129,2
DA:132,2
DA:136,3
DA:137,3
DA:138,2
DA:139,2
DA:140,1
DA:141,1
DA:145,3
DA:146,3
DA:153,2
DA:154,2
DA:155,2
DA:156,5
DA:157,2
DA:158,2
DA:161,2
DA:162,2
DA:169,1
DA:170,1
DA:171,1
DA:172,1
DA:173,1
DA:174,1
DA:178,1
DA:179,1
DA:186,1
DA:187,1
DA:188,1
DA:189,2
DA:190,1
DA:193,1
DA:194,1
DA:201,1
DA:202,1
DA:203,1
DA:204,1
DA:210,1
DA:211,1
DA:212,1
DA:213,1
DA:214,1
DA:219,1
DA:220,1
DA:221,1
DA:222,1
DA:223,1
DA:228,1
DA:229,1
DA:230,1
DA:231,1
DA:232,1
DA:237,1
DA:238,1
DA:239,1
DA:240,1
DA:241,1
DA:246,1
DA:247,1
DA:248,1
DA:249,1
DA:250,1
DA:255,1
DA:256,1
DA:257,1
DA:258,1
DA:259,1
DA:264,4
DA:266,3
DA:267,3
DA:274,1
DA:276,1
DA:277,1
DA:278,1
DA:279,1
DA:289,3
DA:292,2
DA:293,1
DA:296,2
DA:297,1
DA:300,2
DA:301,1
DA:302,1
DA:309,2
LF:132
LH:132
BRDA:32,0,0,18
BRDA:32,0,1,1
BRDA:41,1,0,3
BRDA:41,1,1,1
BRDA:42,2,0,1
BRDA:42,2,1,2
BRDA:45,3,0,1
BRDA:45,3,1,2
BRDA:48,4,0,1
BRDA:48,4,1,2
BRDA:80,5,0,1
BRDA:80,5,1,0
BRDA:104,6,0,1
BRDA:104,6,1,0
BRDA:121,7,0,1
BRDA:121,7,1,0
BRDA:137,8,0,2
BRDA:137,8,1,1
BRDA:139,9,0,1
BRDA:139,9,1,1
BRDA:154,10,0,2
BRDA:154,10,1,0
BRDA:170,11,0,1
BRDA:170,11,1,0
BRDA:172,12,0,1
BRDA:172,12,1,0
BRDA:187,13,0,1
BRDA:187,13,1,0
BRDA:202,14,0,1
BRDA:202,14,1,0
BRDA:211,15,0,1
BRDA:211,15,1,0
BRDA:220,16,0,1
BRDA:220,16,1,0
BRDA:229,17,0,1
BRDA:229,17,1,0
BRDA:238,18,0,1
BRDA:238,18,1,0
BRDA:247,19,0,1
BRDA:247,19,1,0
BRDA:256,20,0,1
BRDA:256,20,1,0
BRDA:277,21,0,1
BRDA:277,21,1,0
BRF:44
BRH:29
end_of_record
TN:
SF:client\src\data\repositories\UserRepositoryImpl.ts
FN:17,(anonymous_0)
FN:23,(anonymous_1)
FN:40,(anonymous_2)
FN:42,(anonymous_3)
FN:46,(anonymous_4)
FN:59,(anonymous_5)
FN:65,(anonymous_6)
FN:70,(anonymous_7)
FN:76,(anonymous_8)
FN:95,(anonymous_9)
FN:101,(anonymous_10)
FN:109,(anonymous_11)
FN:118,(anonymous_12)
FN:122,(anonymous_13)
FN:142,(anonymous_14)
FN:147,(anonymous_15)
FN:153,(anonymous_16)
FN:161,(anonymous_17)
FNF:18
FNH:8
FNDA:22,(anonymous_0)
FNDA:211,(anonymous_1)
FNDA:3,(anonymous_2)
FNDA:1,(anonymous_3)
FNDA:4,(anonymous_4)
FNDA:0,(anonymous_5)
FNDA:6,(anonymous_6)
FNDA:0,(anonymous_7)
FNDA:1,(anonymous_8)
FNDA:1,(anonymous_9)
FNDA:0,(anonymous_10)
FNDA:0,(anonymous_11)
FNDA:0,(anonymous_12)
FNDA:0,(anonymous_13)
FNDA:0,(anonymous_14)
FNDA:0,(anonymous_15)
FNDA:0,(anonymous_16)
FNDA:0,(anonymous_17)
DA:18,22
DA:19,22
DA:25,211
DA:26,210
DA:27,204
DA:31,6
DA:32,6
DA:33,4
DA:34,4
DA:36,5
DA:41,3
DA:42,3
DA:43,3
DA:47,4
DA:49,4
DA:50,104
DA:51,104
DA:52,102
DA:56,4
DA:60,0
DA:61,0
DA:66,6
DA:67,6
DA:71,0
DA:72,0
DA:73,0
DA:77,1
DA:78,1
DA:80,1
DA:81,1
DA:84,1
DA:85,1
DA:96,1
DA:97,1
DA:98,1
DA:102,0
DA:103,0
DA:104,0
DA:105,0
DA:110,0
DA:111,0
DA:112,0
DA:113,0
DA:119,0
DA:125,0
DA:126,0
DA:135,0
DA:136,0
DA:139,0
DA:143,0
DA:144,0
DA:148,0
DA:149,0
DA:154,0
DA:155,0
DA:156,0
DA:157,0
DA:162,0
DA:163,0
DA:164,0
DA:165,0
DA:166,0
DA:172,1
LF:63
LH:31
BRDA:26,0,0,204
BRDA:26,0,1,6
BRDA:43,1,0,1
BRDA:43,1,1,2
BRDA:51,2,0,102
BRDA:51,2,1,2
BRDA:61,3,0,0
BRDA:61,3,1,0
BRDA:78,4,0,1
BRDA:78,4,1,0
BRDA:103,5,0,0
BRDA:103,5,1,0
BRDA:111,6,0,0
BRDA:111,6,1,0
BRDA:125,7,0,0
BRDA:125,7,1,0
BRDA:155,8,0,0
BRDA:155,8,1,0
BRDA:163,9,0,0
BRDA:163,9,1,0
BRF:20
BRH:7
end_of_record
TN:
SF:client\src\domain\entities\Call.ts
FNF:0
FNH:0
LF:0
LH:0
BRF:0
BRH:0
end_of_record
TN:
SF:client\src\domain\entities\Chat.ts
FN:74,(anonymous_0)
FN:102,(anonymous_1)
FN:118,(anonymous_2)
FN:142,(anonymous_3)
FN:148,(anonymous_4)
FN:153,(anonymous_5)
FN:158,(anonymous_6)
FN:163,(anonymous_7)
FN:168,(anonymous_8)
FN:173,(anonymous_9)
FN:178,(anonymous_10)
FN:183,(anonymous_11)
FN:188,(anonymous_12)
FN:192,(anonymous_13)
FN:196,(anonymous_14)
FN:198,(anonymous_15)
FN:203,(anonymous_16)
FNF:17
FNH:3
FNDA:5,(anonymous_0)
FNDA:3,(anonymous_1)
FNDA:3,(anonymous_2)
FNDA:0,(anonymous_3)
FNDA:0,(anonymous_4)
FNDA:0,(anonymous_5)
FNDA:0,(anonymous_6)
FNDA:0,(anonymous_7)
FNDA:0,(anonymous_8)
FNDA:0,(anonymous_9)
FNDA:0,(anonymous_10)
FNDA:0,(anonymous_11)
FNDA:0,(anonymous_12)
FNDA:0,(anonymous_13)
FNDA:0,(anonymous_14)
FNDA:0,(anonymous_15)
FNDA:0,(anonymous_16)
DA:75,5
DA:76,5
DA:77,5
DA:78,5
DA:79,5
DA:80,5
DA:81,5
DA:82,5
DA:83,5
DA:84,5
DA:85,5
DA:86,5
DA:88,5
DA:89,1
DA:90,1
DA:91,1
DA:92,1
DA:93,1
DA:94,1
DA:96,4
DA:98,4
DA:103,3
DA:104,3
DA:123,3
DA:124,3
DA:143,0
DA:144,0
DA:145,0
DA:149,0
DA:150,0
DA:154,0
DA:155,0
DA:159,0
DA:160,0
DA:164,0
DA:165,0
DA:169,0
DA:170,0
DA:174,0
DA:175,0
DA:179,0
DA:180,0
DA:184,0
DA:185,0
DA:189,0
DA:193,0
DA:197,0
DA:198,0
DA:200,0
DA:204,0
DA:205,0
DA:206,0
LF:52
LH:25
BRDA:79,0,0,5
BRDA:79,0,1,2
BRDA:80,1,0,5
BRDA:80,1,1,2
BRDA:81,2,0,5
BRDA:81,2,1,2
BRDA:82,3,0,5
BRDA:82,3,1,2
BRDA:83,4,0,5
BRDA:83,4,1,2
BRDA:84,5,0,5
BRDA:84,5,1,0
BRDA:85,6,0,5
BRDA:85,6,1,0
BRDA:88,7,0,1
BRDA:88,7,1,4
BRDA:93,8,0,1
BRDA:93,8,1,1
BRDA:94,9,0,1
BRDA:94,9,1,1
BRDA:98,10,0,4
BRDA:98,10,1,4
BRDA:197,11,0,0
BRDA:197,11,1,0
BRDA:204,12,0,0
BRDA:204,12,1,0
BRDA:205,13,0,0
BRDA:205,13,1,0
BRF:28
BRH:20
end_of_record
TN:
SF:client\src\domain\entities\Message.ts
FN:130,(anonymous_0)
FN:142,(anonymous_1)
FN:158,(anonymous_2)
FN:176,(anonymous_3)
FN:180,(anonymous_4)
FN:184,(anonymous_5)
FN:188,(anonymous_6)
FN:192,(anonymous_7)
FN:196,(anonymous_8)
FN:200,(anonymous_9)
FN:204,(anonymous_10)
FN:208,(anonymous_11)
FN:212,(anonymous_12)
FN:216,(anonymous_13)
FN:220,(anonymous_14)
FN:224,(anonymous_15)
FN:228,(anonymous_16)
FN:229,(anonymous_17)
FN:236,(anonymous_18)
FN:242,(anonymous_19)
FN:247,(anonymous_20)
FN:258,(anonymous_21)
FN:271,(anonymous_22)
FN:275,(anonymous_23)
FN:279,(anonymous_24)
FN:283,(anonymous_25)
FN:284,(anonymous_26)
FN:292,(anonymous_27)
FN:293,(anonymous_28)
FN:296,(anonymous_29)
FN:301,(anonymous_30)
FN:305,(anonymous_31)
FN:309,(anonymous_32)
FN:313,(anonymous_33)
FN:317,(anonymous_34)
FN:323,(anonymous_35)
FNF:36
FNH:22
FNDA:41,(anonymous_0)
FNDA:1003,(anonymous_1)
FNDA:4,(anonymous_2)
FNDA:2,(anonymous_3)
FNDA:2,(anonymous_4)
FNDA:2,(anonymous_5)
FNDA:2,(anonymous_6)
FNDA:1,(anonymous_7)
FNDA:1,(anonymous_8)
FNDA:1,(anonymous_9)
FNDA:1,(anonymous_10)
FNDA:4,(anonymous_11)
FNDA:4,(anonymous_12)
FNDA:4,(anonymous_13)
FNDA:4,(anonymous_14)
FNDA:2,(anonymous_15)
FNDA:1,(anonymous_16)
FNDA:501,(anonymous_17)
FNDA:3,(anonymous_18)
FNDA:1,(anonymous_19)
FNDA:4,(anonymous_20)
FNDA:0,(anonymous_21)
FNDA:0,(anonymous_22)
FNDA:0,(anonymous_23)
FNDA:0,(anonymous_24)
FNDA:0,(anonymous_25)
FNDA:0,(anonymous_26)
FNDA:0,(anonymous_27)
FNDA:0,(anonymous_28)
FNDA:0,(anonymous_29)
FNDA:0,(anonymous_30)
FNDA:0,(anonymous_31)
FNDA:0,(anonymous_32)
FNDA:0,(anonymous_33)
FNDA:0,(anonymous_34)
FNDA:1,(anonymous_35)
DA:131,41
DA:132,41
DA:133,41
DA:134,41
DA:135,41
DA:136,41
DA:137,41
DA:140,41
DA:141,41
DA:142,1003
DA:146,41
DA:147,41
DA:153,41
DA:154,41
DA:155,41
DA:159,4
DA:177,2
DA:181,2
DA:185,2
DA:189,2
DA:193,1
DA:197,1
DA:201,1
DA:205,1
DA:209,4
DA:213,4
DA:217,4
DA:221,4
DA:225,2
DA:229,501
DA:237,3
DA:238,3
DA:243,1
DA:248,4
DA:258,0
DA:272,0
DA:276,0
DA:280,0
DA:284,0
DA:285,0
DA:286,0
DA:288,0
DA:293,0
DA:297,0
DA:298,0
DA:302,0
DA:306,0
DA:310,0
DA:314,0
DA:318,0
DA:319,0
DA:320,0
DA:324,1
DA:325,0
DA:326,0
DA:334,0
DA:336,0
LF:57
LH:35
BRDA:138,0,0,41
BRDA:138,0,1,0
BRDA:138,1,0,0
BRDA:138,1,1,0
BRDA:140,2,0,5
BRDA:140,2,1,36
BRDA:140,3,0,36
BRDA:140,3,1,0
BRDA:142,4,0,41
BRDA:142,4,1,30
BRDA:144,5,0,1003
BRDA:144,5,1,0
BRDA:146,6,0,41
BRDA:146,6,1,32
BRDA:148,7,0,2
BRDA:148,7,1,39
BRDA:150,8,0,0
BRDA:150,8,1,39
BRDA:154,9,0,41
BRDA:154,9,1,0
BRDA:155,10,0,41
BRDA:155,10,1,33
BRDA:189,11,0,2
BRDA:189,11,1,1
BRDA:189,11,2,1
BRDA:221,12,0,4
BRDA:221,12,1,3
BRDA:236,13,0,0
BRDA:237,14,0,2
BRDA:237,14,1,1
BRDA:264,15,0,0
BRDA:264,15,1,4
BRDA:272,16,0,0
BRDA:272,16,1,0
BRDA:276,17,0,0
BRDA:276,17,1,0
BRDA:285,18,0,0
BRDA:285,18,1,0
BRDA:314,19,0,0
BRDA:314,19,1,0
BRDA:324,20,0,1
BRDA:324,20,1,0
BRDA:325,21,0,0
BRDA:325,21,1,0
BRDA:334,22,0,0
BRDA:334,22,1,0
BRF:46
BRH:24
end_of_record
TN:
SF:client\src\domain\entities\Status.ts
FNF:0
FNH:0
LF:0
LH:0
BRF:0
BRH:0
end_of_record
TN:
SF:client\src\domain\entities\User.ts
FN:45,(anonymous_0)
FN:57,(anonymous_1)
FN:63,(anonymous_2)
FNF:3
FNH:3
FNDA:16,(anonymous_0)
FNDA:3,(anonymous_1)
FNDA:1,(anonymous_2)
DA:46,16
DA:47,16
DA:48,16
DA:49,16
DA:50,16
DA:51,16
DA:52,16
DA:53,16
DA:54,16
DA:58,3
DA:59,2
DA:60,2
DA:64,1
LF:13
LH:13
BRDA:58,0,0,1
BRDA:58,0,1,2
BRDA:60,1,0,2
BRDA:60,1,1,2
BRDA:64,2,0,1
BRDA:64,2,1,0
BRF:6
BRH:5
end_of_record
TN:
SF:client\src\domain\repositories\ChatRepository.ts
FNF:0
FNH:0
LF:0
LH:0
BRF:0
BRH:0
end_of_record
TN:
SF:client\src\domain\repositories\UserRepository.ts
FNF:0
FNH:0
LF:0
LH:0
BRF:0
BRH:0
end_of_record
TN:
SF:client\src\domain\services\chatSorting.ts
FN:13,sortChatsByLastMessage
FN:18,(anonymous_1)
FN:32,getLastMessageTimestamp
FN:47,calculateUnreadCount
FN:52,(anonymous_4)
FN:67,(anonymous_5)
FN:80,getLastReadTimestamp
FNF:7
FNH:6
FNDA:7,sortChatsByLastMessage
FNDA:9,(anonymous_1)
FNDA:18,getLastMessageTimestamp
FNDA:7,calculateUnreadCount
FNDA:13,(anonymous_4)
FNDA:0,(anonymous_5)
FNDA:4,getLastReadTimestamp
DA:14,7
DA:15,2
DA:18,5
DA:19,9
DA:20,9
DA:23,9
DA:24,9
DA:25,9
DA:28,9
DA:33,18
DA:34,16
DA:38,2
DA:39,2
DA:41,0
DA:48,7
DA:49,1
DA:52,6
DA:54,13
DA:55,4
DA:59,9
DA:60,5
DA:64,4
DA:65,4
DA:67,4
DA:69,0
DA:73,0
DA:76,4
DA:83,4
DA:84,0
DA:88,4
DA:89,4
DA:93,0
LF:32
LH:27
BRDA:14,0,0,2
BRDA:14,0,1,5
BRDA:14,1,0,7
BRDA:14,1,1,7
BRDA:23,2,0,0
BRDA:23,2,1,9
BRDA:23,3,0,9
BRDA:23,3,1,0
BRDA:24,4,0,0
BRDA:24,4,1,9
BRDA:24,5,0,9
BRDA:24,5,1,9
BRDA:25,6,0,0
BRDA:25,6,1,9
BRDA:25,7,0,9
BRDA:25,7,1,0
BRDA:33,8,0,16
BRDA:33,8,1,2
BRDA:33,9,0,18
BRDA:33,9,1,16
BRDA:34,10,0,16
BRDA:34,10,1,0
BRDA:38,11,0,2
BRDA:38,11,1,0
BRDA:39,12,0,2
BRDA:39,12,1,0
BRDA:48,13,0,1
BRDA:48,13,1,6
BRDA:48,14,0,7
BRDA:48,14,1,7
BRDA:54,15,0,4
BRDA:54,15,1,9
BRDA:59,16,0,5
BRDA:59,16,1,4
BRDA:59,17,0,9
BRDA:59,17,1,5
BRDA:65,18,0,0
BRDA:65,18,1,4
BRDA:69,19,0,0
BRDA:69,19,1,0
BRDA:73,20,0,0
BRDA:73,20,1,0
BRDA:83,21,0,0
BRDA:83,21,1,4
BRDA:84,22,0,0
BRDA:84,22,1,0
BRDA:88,23,0,4
BRDA:88,23,1,0
BRDA:89,24,0,4
BRDA:89,24,1,0
BRF:50
BRH:32
end_of_record
TN:
SF:client\src\i18n\dateHelper.ts
FN:14,(anonymous_0)
FN:27,(anonymous_1)
FN:37,(anonymous_2)
FN:47,(anonymous_3)
FN:58,(anonymous_4)
FN:95,(anonymous_5)
FN:111,(anonymous_6)
FNF:7
FNH:0
FNDA:0,(anonymous_0)
FNDA:0,(anonymous_1)
FNDA:0,(anonymous_2)
FNDA:0,(anonymous_3)
FNDA:0,(anonymous_4)
FNDA:0,(anonymous_5)
FNDA:0,(anonymous_6)
DA:5,0
DA:14,0
DA:15,0
DA:16,0
DA:18,0
DA:27,0
DA:28,0
DA:29,0
DA:31,0
DA:37,0
DA:38,0
DA:39,0
DA:41,0
DA:47,0
DA:48,0
DA:49,0
DA:51,0
DA:58,0
DA:59,0
DA:60,0
DA:63,0
DA:64,0
DA:67,0
DA:68,0
DA:69,0
DA:72,0
DA:73,0
DA:74,0
DA:77,0
DA:78,0
DA:79,0
DA:82,0
DA:83,0
DA:84,0
DA:87,0
DA:88,0
DA:95,0
DA:96,0
DA:97,0
DA:100,0
DA:101,0
DA:105,0
DA:111,0
DA:112,0
DA:113,0
LF:45
LH:0
BRDA:16,0,0,0
BRDA:16,0,1,0
BRDA:27,1,0,0
BRDA:29,2,0,0
BRDA:29,2,1,0
BRDA:39,3,0,0
BRDA:39,3,1,0
BRDA:49,4,0,0
BRDA:49,4,1,0
BRDA:63,5,0,0
BRDA:63,5,1,0
BRDA:68,6,0,0
BRDA:68,6,1,0
BRDA:73,7,0,0
BRDA:73,7,1,0
BRDA:78,8,0,0
BRDA:78,8,1,0
BRDA:83,9,0,0
BRDA:83,9,1,0
BRDA:100,10,0,0
BRDA:100,10,1,0
BRDA:113,11,0,0
BRDA:113,11,1,0
BRF:23
BRH:0
end_of_record
TN:
SF:client\src\i18n\rtl.ts
FN:9,(anonymous_0)
FN:28,(anonymous_1)
FN:31,(anonymous_2)
FN:32,(anonymous_3)
FN:45,(anonymous_4)
FN:52,(anonymous_5)
FN:61,(anonymous_6)
FN:72,(anonymous_7)
FN:91,(anonymous_8)
FN:110,(anonymous_9)
FNF:10
FNH:0
FNDA:0,(anonymous_0)
FNDA:0,(anonymous_1)
FNDA:0,(anonymous_2)
FNDA:0,(anonymous_3)
FNDA:0,(anonymous_4)
FNDA:0,(anonymous_5)
FNDA:0,(anonymous_6)
FNDA:0,(anonymous_7)
FNDA:0,(anonymous_8)
FNDA:0,(anonymous_9)
DA:9,0
DA:10,0
DA:13,0
DA:14,0
DA:15,0
DA:21,0
DA:28,0
DA:29,0
DA:31,0
DA:32,0
DA:33,0
DA:34,0
DA:35,0
DA:36,0
DA:41,0
DA:45,0
DA:46,0
DA:47,0
DA:48,0
DA:52,0
DA:55,0
DA:61,0
DA:62,0
DA:63,0
DA:65,0
DA:72,0
DA:78,0
DA:80,0
DA:91,0
DA:97,0
DA:99,0
DA:110,0
DA:111,0
LF:33
LH:0
BRDA:13,0,0,0
BRDA:13,0,1,0
BRDA:34,1,0,0
BRDA:34,1,1,0
BRDA:47,2,0,0
BRDA:47,2,1,0
BRDA:61,3,0,0
BRDA:62,4,0,0
BRDA:62,4,1,0
BRDA:63,5,0,0
BRDA:63,5,1,0
BRDA:81,6,0,0
BRDA:81,6,1,0
BRDA:82,7,0,0
BRDA:82,7,1,0
BRDA:83,8,0,0
BRDA:83,8,1,0
BRDA:83,9,0,0
BRDA:83,9,1,0
BRDA:84,10,0,0
BRDA:84,10,1,0
BRDA:84,11,0,0
BRDA:84,11,1,0
BRDA:100,12,0,0
BRDA:100,12,1,0
BRDA:101,13,0,0
BRDA:101,13,1,0
BRDA:102,14,0,0
BRDA:102,14,1,0
BRDA:102,15,0,0
BRDA:102,15,1,0
BRDA:103,16,0,0
BRDA:103,16,1,0
BRDA:103,17,0,0
BRDA:103,17,1,0
BRF:35
BRH:0
end_of_record
TN:
SF:client\src\lib\query-client.ts
FN:7,getApiUrl
FN:19,throwIfResNotOk
FN:26,apiRequest
FN:47,(anonymous_3)
FN:48,(anonymous_4)
FNF:5
FNH:0
FNDA:0,getApiUrl
FNDA:0,throwIfResNotOk
FNDA:0,apiRequest
FNDA:0,(anonymous_3)
FNDA:0,(anonymous_4)
DA:8,0
DA:10,0
DA:11,0
DA:14,0
DA:16,0
DA:20,0
DA:21,0
DA:22,0
DA:31,0
DA:32,0
DA:34,0
DA:41,0
DA:42,0
DA:47,0
DA:48,0
DA:49,0
DA:50,0
DA:52,0
DA:56,0
DA:57,0
DA:60,0
DA:61,0
DA:64,0
LF:23
LH:0
BRDA:10,0,0,0
BRDA:10,0,1,0
BRDA:20,1,0,0
BRDA:20,1,1,0
BRDA:21,2,0,0
BRDA:21,2,1,0
BRDA:36,3,0,0
BRDA:36,3,1,0
BRDA:37,4,0,0
BRDA:37,4,1,0
BRDA:56,5,0,0
BRDA:56,5,1,0
BRDA:56,6,0,0
BRDA:56,6,1,0
BRF:14
BRH:0
end_of_record
TN:
SF:client\src\lib\secure-http-client.ts
FN:25,(anonymous_0)
FN:38,(anonymous_1)
FN:45,(anonymous_2)
FN:52,(anonymous_3)
FN:70,(anonymous_4)
FN:156,(anonymous_5)
FN:176,(anonymous_6)
FN:192,(anonymous_7)
FN:204,(anonymous_8)
FN:210,(anonymous_9)
FN:215,(anonymous_10)
FN:230,(anonymous_11)
FN:235,(anonymous_12)
FN:250,(anonymous_13)
FN:254,(anonymous_14)
FN:262,(anonymous_15)
FN:267,(anonymous_16)
FN:282,(anonymous_17)
FN:296,(anonymous_18)
FNF:19
FNH:0
FNDA:0,(anonymous_0)
FNDA:0,(anonymous_1)
FNDA:0,(anonymous_2)
FNDA:0,(anonymous_3)
FNDA:0,(anonymous_4)
FNDA:0,(anonymous_5)
FNDA:0,(anonymous_6)
FNDA:0,(anonymous_7)
FNDA:0,(anonymous_8)
FNDA:0,(anonymous_9)
FNDA:0,(anonymous_10)
FNDA:0,(anonymous_11)
FNDA:0,(anonymous_12)
FNDA:0,(anonymous_13)
FNDA:0,(anonymous_14)
FNDA:0,(anonymous_15)
FNDA:0,(anonymous_16)
FNDA:0,(anonymous_17)
FNDA:0,(anonymous_18)
DA:26,0
DA:27,0
DA:39,0
DA:46,0
DA:53,0
DA:60,0
DA:61,0
DA:64,0
DA:75,0
DA:76,0
DA:78,0
DA:83,0
DA:87,0
DA:90,0
DA:95,0
DA:104,0
DA:107,0
DA:111,0
DA:116,0
DA:117,0
DA:119,0
DA:120,0
DA:121,0
DA:124,0
DA:128,0
DA:132,0
DA:133,0
DA:134,0
DA:137,0
DA:144,0
DA:146,0
DA:162,0
DA:163,0
DA:164,0
DA:167,0
DA:168,0
DA:171,0
DA:174,0
DA:175,0
DA:176,0
DA:179,0
DA:186,0
DA:197,0
DA:199,0
DA:200,0
DA:201,0
DA:204,0
DA:215,0
DA:216,0
DA:235,0
DA:236,0
DA:254,0
DA:255,0
DA:267,0
DA:268,0
DA:288,0
DA:289,0
DA:291,0
DA:296,0
DA:297,0
DA:310,0
LF:61
LH:0
BRDA:25,0,0,0
BRDA:52,1,0,0
BRDA:60,2,0,0
BRDA:60,2,1,0
BRDA:72,3,0,0
BRDA:73,4,0,0
BRDA:87,5,0,0
BRDA:87,5,1,0
BRDA:90,6,0,0
BRDA:90,6,1,0
BRDA:92,7,0,0
BRDA:92,7,1,0
BRDA:96,8,0,0
BRDA:96,8,1,0
BRDA:104,9,0,0
BRDA:104,9,1,0
BRDA:109,10,0,0
BRDA:109,10,1,0
BRDA:119,11,0,0
BRDA:119,11,1,0
BRDA:132,12,0,0
BRDA:132,12,1,0
BRDA:134,13,0,0
BRDA:134,13,1,0
BRDA:134,13,2,0
BRDA:144,14,0,0
BRDA:144,14,1,0
BRDA:158,15,0,0
BRDA:158,16,0,0
BRDA:158,16,1,0
BRDA:167,17,0,0
BRDA:167,17,1,0
BRDA:167,18,0,0
BRDA:167,18,1,0
BRDA:167,18,2,0
BRDA:174,19,0,0
BRDA:174,19,1,0
BRDA:180,20,0,0
BRDA:180,20,1,0
BRDA:199,21,0,0
BRDA:199,21,1,0
BRDA:220,22,0,0
BRDA:220,22,1,0
BRDA:240,23,0,0
BRDA:240,23,1,0
BRDA:272,24,0,0
BRDA:272,24,1,0
BRDA:311,25,0,0
BRDA:311,25,1,0
BRDA:313,26,0,0
BRDA:313,26,1,0
BRF:51
BRH:0
end_of_record
TN:
SF:client\src\lib\secure-storage.ts
FN:12,(anonymous_0)
FN:16,(anonymous_1)
FN:26,(anonymous_2)
FN:44,(anonymous_3)
FN:61,(anonymous_4)
FN:74,(anonymous_5)
FN:87,(anonymous_6)
FN:99,(anonymous_7)
FN:111,(anonymous_8)
FN:126,(anonymous_9)
FN:133,(anonymous_10)
FN:140,(anonymous_11)
FN:147,(anonymous_12)
FN:154,(anonymous_13)
FN:161,(anonymous_14)
FN:168,(anonymous_15)
FN:175,(anonymous_16)
FNF:17
FNH:0
FNDA:0,(anonymous_0)
FNDA:0,(anonymous_1)
FNDA:0,(anonymous_2)
FNDA:0,(anonymous_3)
FNDA:0,(anonymous_4)
FNDA:0,(anonymous_5)
FNDA:0,(anonymous_6)
FNDA:0,(anonymous_7)
FNDA:0,(anonymous_8)
FNDA:0,(anonymous_9)
FNDA:0,(anonymous_10)
FNDA:0,(anonymous_11)
FNDA:0,(anonymous_12)
FNDA:0,(anonymous_13)
FNDA:0,(anonymous_14)
FNDA:0,(anonymous_15)
FNDA:0,(anonymous_16)
DA:17,0
DA:18,0
DA:20,0
DA:27,0
DA:28,0
DA:33,0
DA:34,0
DA:36,0
DA:37,0
DA:45,0
DA:46,0
DA:48,0
DA:49,0
DA:51,0
DA:53,0
DA:54,0
DA:62,0
DA:63,0
DA:64,0
DA:66,0
DA:67,0
DA:75,0
DA:76,0
DA:77,0
DA:79,0
DA:80,0
DA:88,0
DA:89,0
DA:91,0
DA:92,0
DA:100,0
DA:105,0
DA:112,0
DA:113,0
DA:115,0
DA:116,0
DA:118,0
DA:119,0
DA:127,0
DA:134,0
DA:141,0
DA:148,0
DA:155,0
DA:162,0
DA:169,0
DA:176,0
DA:178,0
DA:186,0
DA:187,0
DA:190,0
DA:192,0
DA:193,0
DA:199,0
LF:53
LH:0
BRDA:17,0,0,0
BRDA:17,0,1,0
BRDA:48,1,0,0
BRDA:48,1,1,0
BRDA:48,2,0,0
BRDA:48,2,1,0
BRDA:113,3,0,0
BRDA:113,3,1,0
BRF:8
BRH:0
end_of_record
TN:
SF:client\src\monitoring\sentry.ts
FN:21,(anonymous_0)
FN:35,(anonymous_1)
FN:55,(anonymous_2)
FN:79,(anonymous_3)
FN:83,(anonymous_4)
FN:91,(anonymous_5)
FN:95,(anonymous_6)
FN:104,(anonymous_7)
FN:116,(anonymous_8)
FN:125,(anonymous_9)
FN:134,(anonymous_10)
FN:144,(anonymous_11)
FN:165,(anonymous_12)
FN:170,(anonymous_13)
FN:178,(anonymous_14)
FN:184,(anonymous_15)
FN:186,(anonymous_16)
FN:200,(anonymous_17)
FNF:18
FNH:10
FNDA:0,(anonymous_0)
FNDA:0,(anonymous_1)
FNDA:0,(anonymous_2)
FNDA:0,(anonymous_3)
FNDA:0,(anonymous_4)
FNDA:0,(anonymous_5)
FNDA:13,(anonymous_6)
FNDA:0,(anonymous_7)
FNDA:138,(anonymous_8)
FNDA:0,(anonymous_9)
FNDA:10,(anonymous_10)
FNDA:10,(anonymous_11)
FNDA:12,(anonymous_12)
FNDA:12,(anonymous_13)
FNDA:135,(anonymous_14)
FNDA:243,(anonymous_15)
FNDA:1458,(anonymous_16)
FNDA:138,(anonymous_17)
DA:10,11
DA:13,11
DA:16,11
DA:21,11
DA:22,0
DA:23,0
DA:24,0
DA:27,0
DA:36,0
DA:37,0
DA:38,0
DA:43,0
DA:47,0
DA:53,0
DA:56,0
DA:61,0
DA:64,0
DA:65,0
DA:71,0
DA:79,11
DA:83,11
DA:84,0
DA:91,11
DA:92,0
DA:95,11
DA:96,13
DA:104,11
DA:105,0
DA:116,11
DA:117,138
DA:125,11
DA:126,0
DA:134,11
DA:143,10
DA:144,10
DA:145,10
DA:146,10
DA:148,10
DA:149,10
DA:151,10
DA:152,0
DA:154,10
DA:155,9
DA:158,10
DA:161,0
DA:165,11
DA:170,12
DA:171,12
DA:172,6
DA:174,12
DA:178,11
DA:179,135
DA:181,128
DA:182,128
DA:184,128
DA:185,243
DA:186,1458
DA:187,0
DA:188,243
DA:189,0
DA:190,243
DA:191,14
DA:193,229
DA:197,128
DA:200,11
DA:201,138
DA:203,93
DA:205,93
DA:206,0
DA:209,93
DA:210,0
DA:214,93
LF:72
LH:47
BRDA:10,0,0,11
BRDA:10,0,1,11
BRDA:13,1,0,11
BRDA:13,1,1,0
BRDA:16,2,0,0
BRDA:16,2,1,11
BRDA:22,3,0,0
BRDA:22,3,1,0
BRDA:36,4,0,0
BRDA:36,4,1,0
BRDA:38,5,0,0
BRDA:38,5,1,0
BRDA:39,6,0,0
BRDA:39,6,1,0
BRDA:39,6,2,0
BRDA:50,7,0,0
BRDA:50,7,1,0
BRDA:56,8,0,0
BRDA:56,8,1,0
BRDA:57,9,0,0
BRDA:57,9,1,0
BRDA:57,9,2,0
BRDA:64,10,0,0
BRDA:64,10,1,0
BRDA:64,11,0,0
BRDA:64,11,1,0
BRDA:74,12,0,0
BRDA:74,12,1,0
BRDA:74,13,0,0
BRDA:74,13,1,0
BRDA:75,14,0,0
BRDA:75,14,1,0
BRDA:86,15,0,0
BRDA:86,15,1,0
BRDA:87,16,0,0
BRDA:87,16,1,0
BRDA:143,17,0,10
BRDA:143,17,1,0
BRDA:145,18,0,10
BRDA:145,18,1,0
BRDA:148,19,0,10
BRDA:148,19,1,0
BRDA:151,20,0,0
BRDA:151,20,1,10
BRDA:154,21,0,9
BRDA:154,21,1,1
BRDA:155,22,0,9
BRDA:155,22,1,0
BRDA:167,23,0,0
BRDA:171,24,0,6
BRDA:171,24,1,6
BRDA:172,25,0,6
BRDA:172,25,1,0
BRDA:179,26,0,7
BRDA:179,26,1,128
BRDA:186,27,0,0
BRDA:186,27,1,243
BRDA:188,28,0,0
BRDA:188,28,1,243
BRDA:188,29,0,243
BRDA:188,29,1,109
BRDA:190,30,0,14
BRDA:190,30,1,229
BRDA:190,31,0,243
BRDA:190,31,1,14
BRDA:201,32,0,45
BRDA:201,32,1,93
BRDA:205,33,0,0
BRDA:205,33,1,93
BRDA:209,34,0,0
BRDA:209,34,1,93
BRDA:211,35,0,0
BRDA:211,35,1,0
BRF:73
BRH:28
end_of_record
TN:
SF:client\src\presentation\components\FeatureFlagManager.tsx
FN:21,(anonymous_0)
FN:28,(anonymous_1)
FN:36,(anonymous_2)
FN:47,(anonymous_3)
FN:51,(anonymous_4)
FN:55,(anonymous_5)
FN:207,(anonymous_6)
FN:213,(anonymous_7)
FN:228,(anonymous_8)
FN:240,(anonymous_9)
FN:265,(anonymous_10)
FN:268,(anonymous_11)
FN:275,(anonymous_12)
FNF:13
FNH:0
FNDA:0,(anonymous_0)
FNDA:0,(anonymous_1)
FNDA:0,(anonymous_2)
FNDA:0,(anonymous_3)
FNDA:0,(anonymous_4)
FNDA:0,(anonymous_5)
FNDA:0,(anonymous_6)
FNDA:0,(anonymous_7)
FNDA:0,(anonymous_8)
FNDA:0,(anonymous_9)
FNDA:0,(anonymous_10)
FNDA:0,(anonymous_11)
FNDA:0,(anonymous_12)
DA:21,0
DA:28,0
DA:32,0
DA:34,0
DA:36,0
DA:37,0
DA:38,0
DA:39,0
DA:41,0
DA:43,0
DA:47,0
DA:48,0
DA:51,0
DA:52,0
DA:55,0
DA:56,0
DA:70,0
DA:180,0
DA:181,0
DA:184,0
DA:208,0
DA:213,0
DA:228,0
DA:241,0
DA:265,0
DA:266,0
DA:268,0
DA:269,0
DA:270,0
DA:271,0
DA:275,0
DA:276,0
DA:279,0
LF:33
LH:0
BRDA:29,0,0,0
BRDA:180,1,0,0
BRDA:180,1,1,0
BRDA:189,2,0,0
BRDA:189,2,1,0
BRDA:201,3,0,0
BRDA:201,3,1,0
BRDA:237,4,0,0
BRDA:237,4,1,0
BRDA:237,4,2,0
BRDA:255,5,0,0
BRDA:255,5,1,0
BRDA:270,6,0,0
BRDA:270,6,1,0
BRF:14
BRH:0
end_of_record
TN:
SF:client\src\presentation\components\LoadingSpinner.tsx
FN:17,(anonymous_0)
FNF:1
FNH:0
FNDA:0,(anonymous_0)
DA:17,0
DA:24,0
DA:32,0
LF:3
LH:0
BRDA:18,0,0,0
BRDA:19,1,0,0
BRDA:20,2,0,0
BRDA:22,3,0,0
BRDA:27,4,0,0
BRDA:27,4,1,0
BRDA:27,5,0,0
BRDA:27,5,1,0
BRF:8
BRH:0
end_of_record
TN:
SF:client\src\presentation\components\OptimizedAnimations.tsx
FN:32,(anonymous_0)
FN:40,(anonymous_1)
FN:64,(anonymous_2)
FN:68,(anonymous_3)
FN:87,(anonymous_4)
FN:94,(anonymous_5)
FN:116,(anonymous_6)
FN:120,(anonymous_7)
FN:142,(anonymous_8)
FN:149,(anonymous_9)
FN:164,(anonymous_10)
FN:165,(anonymous_11)
FN:178,(anonymous_12)
FN:192,(anonymous_13)
FN:193,(anonymous_14)
FN:206,(anonymous_15)
FN:215,(anonymous_16)
FN:219,(anonymous_17)
FN:224,(anonymous_18)
FN:251,(anonymous_19)
FN:257,(anonymous_20)
FN:272,(anonymous_21)
FN:296,(anonymous_22)
FN:302,(anonymous_23)
FNF:24
FNH:0
FNDA:0,(anonymous_0)
FNDA:0,(anonymous_1)
FNDA:0,(anonymous_2)
FNDA:0,(anonymous_3)
FNDA:0,(anonymous_4)
FNDA:0,(anonymous_5)
FNDA:0,(anonymous_6)
FNDA:0,(anonymous_7)
FNDA:0,(anonymous_8)
FNDA:0,(anonymous_9)
FNDA:0,(anonymous_10)
FNDA:0,(anonymous_11)
FNDA:0,(anonymous_12)
FNDA:0,(anonymous_13)
FNDA:0,(anonymous_14)
FNDA:0,(anonymous_15)
FNDA:0,(anonymous_16)
FNDA:0,(anonymous_17)
FNDA:0,(anonymous_18)
FNDA:0,(anonymous_19)
FNDA:0,(anonymous_20)
FNDA:0,(anonymous_21)
FNDA:0,(anonymous_22)
FNDA:0,(anonymous_23)
DA:31,0
DA:33,0
DA:34,0
DA:36,0
DA:37,0
DA:40,0
DA:42,0
DA:44,0
DA:45,0
DA:46,0
DA:47,0
DA:51,0
DA:56,0
DA:64,0
DA:65,0
DA:68,0
DA:70,0
DA:76,0
DA:80,0
DA:86,0
DA:88,0
DA:89,0
DA:91,0
DA:92,0
DA:94,0
DA:96,0
DA:98,0
DA:99,0
DA:100,0
DA:101,0
DA:105,0
DA:110,0
DA:116,0
DA:117,0
DA:120,0
DA:122,0
DA:128,0
DA:132,0
DA:142,0
DA:143,0
DA:144,0
DA:146,0
DA:147,0
DA:149,0
DA:151,0
DA:152,0
DA:153,0
DA:157,0
DA:164,0
DA:165,0
DA:167,0
DA:175,0
DA:178,0
DA:180,0
DA:181,0
DA:182,0
DA:186,0
DA:192,0
DA:193,0
DA:195,0
DA:203,0
DA:206,0
DA:208,0
DA:214,0
DA:217,0
DA:221,0
DA:226,0
DA:230,0
DA:245,0
DA:251,0
DA:252,0
DA:253,0
DA:255,0
DA:257,0
DA:259,0
DA:262,0
DA:272,0
DA:274,0
DA:279,0
DA:290,0
DA:296,0
DA:297,0
DA:299,0
DA:300,0
DA:302,0
DA:304,0
DA:305,0
DA:306,0
DA:308,0
DA:311,0
DA:313,0
DA:314,0
DA:318,0
DA:321,0
DA:324,0
LF:95
LH:0
BRDA:42,0,0,0
BRDA:42,0,1,0
BRDA:42,1,0,0
BRDA:42,1,1,0
BRDA:52,2,0,0
BRDA:52,2,1,0
BRDA:53,3,0,0
BRDA:53,3,1,0
BRDA:96,4,0,0
BRDA:96,4,1,0
BRDA:96,5,0,0
BRDA:96,5,1,0
BRDA:106,6,0,0
BRDA:106,6,1,0
BRDA:107,7,0,0
BRDA:107,7,1,0
BRDA:111,8,0,0
BRDA:111,8,1,0
BRDA:112,9,0,0
BRDA:112,9,1,0
BRDA:151,10,0,0
BRDA:151,10,1,0
BRDA:151,11,0,0
BRDA:151,11,1,0
BRDA:180,12,0,0
BRDA:180,12,1,0
BRDA:180,13,0,0
BRDA:180,13,1,0
BRDA:259,14,0,0
BRDA:259,14,1,0
BRDA:259,15,0,0
BRDA:259,15,1,0
BRDA:264,16,0,0
BRDA:264,16,1,0
BRDA:311,17,0,0
BRDA:311,17,1,0
BRDA:313,18,0,0
BRDA:313,18,1,0
BRDA:313,19,0,0
BRDA:313,19,1,0
BRF:40
BRH:0
end_of_record
TN:
SF:client\src\presentation\components\OptimizedMessageList.tsx
FN:36,(anonymous_0)
FN:51,(anonymous_1)
FN:59,(anonymous_2)
FN:60,(anonymous_3)
FN:70,(anonymous_4)
[...]
BRDA:74,5,0,2
BRDA:74,5,1,1
BRDA:82,6,0,1
BRDA:82,6,1,1
BRDA:90,7,0,1
BRDA:90,7,1,1
BRDA:98,8,0,1
BRDA:98,8,1,1
BRDA:129,9,0,1
BRDA:129,9,1,1
BRDA:129,10,0,2
BRDA:129,10,1,1
BRDA:141,11,0,1
BRDA:141,11,1,0
BRDA:141,12,0,1
BRDA:141,12,1,1
BRDA:163,13,0,0
BRDA:163,13,1,0
BRF:28
BRH:25
end_of_record
TN:
SF:client\src\services\websocket\MessageHandler.ts
FN:67,(anonymous_0)
FN:72,(anonymous_1)
FN:75,(anonymous_2)
FN:82,(anonymous_3)
FN:89,(anonymous_4)
FN:96,(anonymous_5)
FN:103,(anonymous_6)
FN:110,(anonymous_7)
FN:117,(anonymous_8)
FN:124,(anonymous_9)
FN:130,(anonymous_10)
FN:181,(anonymous_11)
FN:189,(anonymous_12)
FN:195,(anonymous_13)
FN:200,(anonymous_14)
FN:210,(anonymous_15)
FN:216,(anonymous_16)
FN:234,(anonymous_17)
FN:240,(anonymous_18)
FN:246,(anonymous_19)
FN:261,(anonymous_20)
FN:272,(anonymous_21)
FN:283,(anonymous_22)
FN:295,(anonymous_23)
FN:303,(anonymous_24)
FN:312,(anonymous_25)
FN:313,(anonymous_26)
FN:321,getMessageHandler
FN:331,resetMessageHandler
FNF:29
FNH:27
FNDA:19,(anonymous_0)
FNDA:19,(anonymous_1)
FNDA:8,(anonymous_2)
FNDA:1,(anonymous_3)
FNDA:2,(anonymous_4)
FNDA:0,(anonymous_5)
FNDA:2,(anonymous_6)
FNDA:1,(anonymous_7)
FNDA:1,(anonymous_8)
FNDA:1,(anonymous_9)
FNDA:8,(anonymous_10)
FNDA:1,(anonymous_11)
FNDA:2,(anonymous_12)
FNDA:0,(anonymous_13)
FNDA:2,(anonymous_14)
FNDA:1,(anonymous_15)
FNDA:1,(anonymous_16)
FNDA:1,(anonymous_17)
FNDA:1,(anonymous_18)
FNDA:2,(anonymous_19)
FNDA:1,(anonymous_20)
FNDA:1,(anonymous_21)
FNDA:1,(anonymous_22)
FNDA:2,(anonymous_23)
FNDA:1,(anonymous_24)
FNDA:19,(anonymous_25)
FNDA:152,(anonymous_26)
FNDA:22,getMessageHandler
FNDA:46,resetMessageHandler
DA:65,19
DA:68,19
DA:69,19
DA:74,19
DA:76,8
DA:81,19
DA:83,1
DA:88,19
DA:90,2
DA:95,19
DA:97,0
DA:102,19
DA:104,2
DA:109,19
DA:111,1
DA:116,19
DA:118,1
DA:123,19
DA:125,1
DA:131,8
DA:132,8
DA:133,8
DA:136,8
DA:157,8
DA:160,8
DA:163,8
DA:164,8
DA:165,7
DA:166,7
DA:167,2
DA:172,2
DA:182,1
DA:184,1
DA:190,2
DA:192,2
DA:197,0
DA:201,2
DA:203,2
DA:204,1
DA:206,1
DA:211,1
DA:213,1
DA:217,1
DA:218,1
DA:220,1
DA:221,1
DA:222,1
DA:227,1
DA:235,1
DA:237,1
DA:238,1
DA:239,1
DA:240,1
DA:247,2
DA:262,1
DA:273,1
DA:284,1
DA:296,2
DA:304,1
DA:313,152
DA:314,19
DA:319,2
DA:322,22
DA:323,20
DA:324,1
DA:326,19
DA:328,21
DA:332,46
DA:333,19
DA:334,19
LF:70
LH:68
BRDA:142,0,0,1
BRDA:142,0,1,7
BRDA:145,1,0,0
BRDA:145,1,1,1
BRDA:164,2,0,7
BRDA:164,2,1,1
BRDA:166,3,0,2
BRDA:166,3,1,5
BRDA:166,4,0,7
BRDA:166,4,1,2
BRDA:203,5,0,1
BRDA:203,5,1,1
BRDA:221,6,0,1
BRDA:221,6,1,0
BRDA:221,7,0,1
BRDA:221,7,1,1
BRDA:238,8,0,1
BRDA:238,8,1,0
BRDA:238,9,0,1
BRDA:238,9,1,1
BRDA:322,10,0,20
BRDA:322,10,1,2
BRDA:323,11,0,1
BRDA:323,11,1,19
BRDA:332,12,0,19
BRDA:332,12,1,27
BRF:26
BRH:23
end_of_record
TN:
SF:client\src\services\websocket\WebSocketClient.ts
FN:42,(anonymous_0)
FN:47,(anonymous_1)
FN:61,(anonymous_2)
FN:73,(anonymous_3)
FN:77,(anonymous_4)
FN:86,(anonymous_5)
FN:101,(anonymous_6)
FN:114,(anonymous_7)
FN:140,(anonymous_8)
FN:145,(anonymous_9)
FN:153,(anonymous_10)
FN:156,(anonymous_11)
FN:161,(anonymous_12)
FN:169,(anonymous_13)
FN:181,(anonymous_14)
FN:194,(anonymous_15)
FN:210,(anonymous_16)
FN:218,(anonymous_17)
FN:223,(anonymous_18)
FN:227,(anonymous_19)
FN:232,(anonymous_20)
FN:234,(anonymous_21)
FN:237,(anonymous_22)
FN:241,(anonymous_23)
FN:245,(anonymous_24)
FN:257,getWebSocketClient
FN:273,resetWebSocketClient
FNF:27
FNH:25
FNDA:24,(anonymous_0)
FNDA:27,(anonymous_1)
FNDA:16,(anonymous_2)
FNDA:7,(anonymous_3)
FNDA:26,(anonymous_4)
FNDA:0,(anonymous_5)
FNDA:24,(anonymous_6)
FNDA:4,(anonymous_7)
FNDA:4,(anonymous_8)
FNDA:24,(anonymous_9)
FNDA:16,(anonymous_10)
FNDA:3,(anonymous_11)
FNDA:66,(anonymous_12)
FNDA:7,(anonymous_13)
FNDA:3,(anonymous_14)
FNDA:6,(anonymous_15)
FNDA:20,(anonymous_16)
FNDA:17,(anonymous_17)
FNDA:4,(anonymous_18)
FNDA:0,(anonymous_19)
FNDA:96,(anonymous_20)
FNDA:10,(anonymous_21)
FNDA:11,(anonymous_22)
FNDA:6,(anonymous_23)
FNDA:3,(anonymous_24)
FNDA:5,getWebSocketClient
FNDA:7,resetWebSocketClient
DA:26,3
DA:33,24
DA:35,24
DA:36,24
DA:37,24
DA:38,24
DA:39,24
DA:40,24
DA:43,24
DA:48,27
DA:49,1
DA:52,26
DA:54,26
DA:55,26
DA:59,26
DA:61,26
DA:62,16
DA:63,16
DA:64,16
DA:66,16
DA:73,26
DA:74,7
DA:77,26
DA:78,26
DA:79,26
DA:81,26
DA:82,4
DA:86,26
DA:87,0
DA:92,0
DA:95,0
DA:96,0
DA:97,0
DA:102,24
DA:103,24
DA:105,24
DA:106,22
DA:107,22
DA:110,24
DA:115,4
DA:116,4
DA:117,0
DA:118,0
DA:123,0
DA:126,4
DA:127,4
DA:129,4
DA:130,4
DA:135,4
DA:140,4
DA:141,4
DA:146,24
DA:147,3
DA:148,3
DA:154,16
DA:156,16
DA:157,3
DA:162,66
DA:163,16
DA:164,16
DA:170,7
DA:171,7
DA:174,6
DA:175,1
DA:179,5
DA:180,5
DA:181,4
DA:182,3
DA:183,3
DA:185,0
DA:190,1
DA:195,6
DA:196,1
DA:197,1
DA:200,5
DA:201,5
DA:202,5
DA:204,0
DA:205,0
DA:211,20
DA:212,20
DA:215,20
DA:218,20
DA:219,17
DA:224,4
DA:225,4
DA:227,4
DA:228,0
DA:233,96
DA:234,96
DA:238,11
DA:242,6
DA:246,3
DA:247,3
DA:248,1
DA:249,1
DA:255,3
DA:260,5
DA:261,2
DA:262,2
DA:270,5
DA:274,7
DA:275,2
DA:276,2
LF:104
LH:92
BRDA:48,0,0,1
BRDA:48,0,1,26
BRDA:55,1,0,10
BRDA:55,1,1,16
BRDA:81,2,0,4
BRDA:81,2,1,22
BRDA:89,3,0,0
BRDA:89,3,1,0
BRDA:105,4,0,22
BRDA:105,4,1,2
BRDA:115,5,0,4
BRDA:115,5,1,0
BRDA:116,6,0,0
BRDA:116,6,1,4
BRDA:129,7,0,4
BRDA:129,7,1,0
BRDA:146,8,0,3
BRDA:146,8,1,21
BRDA:162,9,0,16
BRDA:162,9,1,50
BRDA:174,10,0,1
BRDA:174,10,1,5
BRDA:180,11,0,4
BRDA:180,11,1,1
BRDA:195,12,0,1
BRDA:195,12,1,5
BRDA:211,13,0,20
BRDA:211,13,1,0
BRDA:247,14,0,1
BRDA:247,14,1,2
BRDA:260,15,0,2
BRDA:260,15,1,3
BRDA:261,16,0,2
BRDA:261,16,1,2
BRDA:274,17,0,2
BRDA:274,17,1,5
BRF:36
BRH:30
end_of_record
TN:
SF:client\src\services\websocket\useWebSocket.ts
FN:18,useWebSocket
FN:24,(anonymous_1)
FN:28,(anonymous_2)
FN:43,(anonymous_3)
FN:49,(anonymous_4)
FN:53,(anonymous_5)
FN:57,(anonymous_6)
FN:59,(anonymous_7)
FN:65,(anonymous_8)
FN:69,(anonymous_9)
FN:74,(anonymous_10)
FN:81,(anonymous_11)
FN:87,(anonymous_12)
FN:91,(anonymous_13)
FN:97,(anonymous_14)
FN:101,(anonymous_15)
FN:132,useChatWebSocket
FN:139,(anonymous_17)
FN:144,(anonymous_18)
FN:150,(anonymous_19)
FN:164,(anonymous_20)
FN:174,(anonymous_21)
FN:184,(anonymous_22)
FN:202,cleanupWebSocket
FNF:24
FNH:0
FNDA:0,useWebSocket
FNDA:0,(anonymous_1)
FNDA:0,(anonymous_2)
FNDA:0,(anonymous_3)
FNDA:0,(anonymous_4)
FNDA:0,(anonymous_5)
FNDA:0,(anonymous_6)
FNDA:0,(anonymous_7)
FNDA:0,(anonymous_8)
FNDA:0,(anonymous_9)
FNDA:0,(anonymous_10)
FNDA:0,(anonymous_11)
FNDA:0,(anonymous_12)
FNDA:0,(anonymous_13)
FNDA:0,(anonymous_14)
FNDA:0,(anonymous_15)
FNDA:0,useChatWebSocket
FNDA:0,(anonymous_17)
FNDA:0,(anonymous_18)
FNDA:0,(anonymous_19)
FNDA:0,(anonymous_20)
FNDA:0,(anonymous_21)
FNDA:0,(anonymous_22)
FNDA:0,cleanupWebSocket
DA:19,0
DA:20,0
DA:21,0
DA:22,0
DA:24,0
DA:25,0
DA:28,0
DA:29,0
DA:31,0
DA:32,0
DA:33,0
DA:34,0
DA:39,0
DA:40,0
DA:43,0
DA:44,0
DA:49,0
DA:50,0
DA:53,0
DA:54,0
DA:57,0
DA:58,0
DA:59,0
DA:60,0
DA:65,0
DA:66,0
DA:69,0
DA:70,0
DA:73,0
DA:75,0
DA:80,0
DA:82,0
DA:87,0
DA:88,0
DA:91,0
DA:92,0
DA:96,0
DA:98,0
DA:101,0
DA:102,0
DA:108,0
DA:134,0
DA:136,0
DA:139,0
DA:140,0
DA:142,0
DA:144,0
DA:145,0
DA:150,0
DA:151,0
DA:154,0
DA:155,0
DA:159,0
DA:163,0
DA:165,0
DA:166,0
DA:173,0
DA:175,0
DA:176,0
DA:183,0
DA:185,0
DA:186,0
DA:192,0
DA:203,0
DA:204,0
LF:65
LH:0
BRDA:18,0,0,0
BRDA:19,1,0,0
BRDA:31,2,0,0
BRDA:31,2,1,0
BRDA:31,3,0,0
BRDA:31,3,1,0
BRDA:33,4,0,0
BRDA:33,4,1,0
BRDA:33,5,0,0
BRDA:33,5,1,0
BRDA:39,6,0,0
BRDA:39,6,1,0
BRDA:140,7,0,0
BRDA:140,7,1,0
BRDA:140,8,0,0
BRDA:140,8,1,0
BRDA:151,9,0,0
BRDA:151,9,1,0
BRDA:154,10,0,0
BRDA:154,10,1,0
BRDA:165,11,0,0
BRDA:165,11,1,0
BRDA:175,12,0,0
BRDA:175,12,1,0
BRDA:185,13,0,0
BRDA:185,13,1,0
BRF:26
BRH:0
end_of_record
TN:
SF:client\src\shared\utils\formatters.ts
FN:35,toDate
FN:50,formatTime
FN:69,formatDate
FN:88,formatChatListTime
FN:114,formatMessageTime
FN:122,formatRelativeTime
FN:130,formatCalendarTime
FN:152,formatDuration
FN:174,formatFileSize
FN:203,formatPhoneNumber
FN:220,truncateText
FN:228,formatNumber
FN:235,getInitials
FN:238,(anonymous_13)
FNF:14
FNH:14
FNDA:1033,toDate
FNDA:11,formatTime
FNDA:1022,formatDate
FNDA:6,formatChatListTime
FNDA:4,formatMessageTime
FNDA:3,formatRelativeTime
FNDA:4,formatCalendarTime
FNDA:10,formatDuration
FNDA:13,formatFileSize
FNDA:7,formatPhoneNumber
FNDA:9,truncateText
FNDA:7,formatNumber
FNDA:10,getInitials
FNDA:28,(anonymous_13)
DA:20,2
DA:36,1033
DA:37,1026
DA:39,7
DA:40,4
DA:42,3
DA:43,3
DA:51,11
DA:52,11
DA:53,4
DA:56,7
DA:57,7
DA:58,7
DA:59,7
DA:61,7
DA:70,1022
DA:71,1022
DA:72,4
DA:75,1018
DA:89,6
DA:91,6
DA:92,1
DA:95,5
DA:96,1
DA:99,4
DA:100,1
DA:103,3
DA:104,1
DA:107,2
DA:115,4
DA:116,4
DA:123,3
DA:124,3
DA:131,4
DA:133,4
DA:134,1
DA:137,3
DA:138,1
DA:141,2
DA:153,10
DA:154,2
DA:157,8
DA:158,8
DA:159,8
DA:160,8
DA:161,8
DA:162,8
DA:165,8
DA:166,8
DA:167,8
DA:175,13
DA:176,2
DA:179,11
DA:180,2
DA:183,9
DA:184,9
DA:185,9
DA:187,9
DA:188,24
DA:189,24
DA:192,9
DA:193,9
DA:194,7
DA:197,9
DA:204,7
DA:206,7
DA:207,3
DA:210,4
DA:211,1
DA:214,3
DA:221,9
DA:222,6
DA:229,7
DA:236,10
DA:238,28
LF:75
LH:75
BRDA:36,0,0,1026
BRDA:36,0,1,7
BRDA:37,1,0,2
BRDA:37,1,1,1024
BRDA:39,2,0,4
BRDA:39,2,1,3
BRDA:39,3,0,7
BRDA:39,3,1,5
BRDA:43,4,0,2
BRDA:43,4,1,1
BRDA:52,5,0,4
BRDA:52,5,1,7
BRDA:58,6,0,4
BRDA:58,6,1,3
BRDA:59,7,0,5
BRDA:59,7,1,2
BRDA:71,8,0,4
BRDA:71,8,1,1018
BRDA:89,9,0,5
BRDA:89,9,1,1
BRDA:91,10,0,1
BRDA:91,10,1,5
BRDA:95,11,0,1
BRDA:95,11,1,4
BRDA:99,12,0,1
BRDA:99,12,1,3
BRDA:103,13,0,1
BRDA:103,13,1,2
BRDA:115,14,0,3
BRDA:115,14,1,1
BRDA:123,15,0,2
BRDA:123,15,1,1
BRDA:131,16,0,3
BRDA:131,16,1,1
BRDA:133,17,0,1
BRDA:133,17,1,3
BRDA:137,18,0,1
BRDA:137,18,1,2
BRDA:153,19,0,2
BRDA:153,19,1,8
BRDA:153,20,0,10
BRDA:153,20,1,9
BRDA:153,20,2,8
BRDA:157,21,0,1
BRDA:157,21,1,7
BRDA:165,22,0,8
BRDA:165,22,1,4
BRDA:166,23,0,5
BRDA:166,23,1,3
BRDA:167,24,0,5
BRDA:167,24,1,3
BRDA:175,25,0,2
BRDA:175,25,1,11
BRDA:175,26,0,13
BRDA:175,26,1,12
BRDA:175,26,2,11
BRDA:179,27,0,2
BRDA:179,27,1,9
BRDA:187,28,0,33
BRDA:187,28,1,24
BRDA:193,29,0,7
BRDA:193,29,1,2
BRDA:206,30,0,3
BRDA:206,30,1,4
BRDA:210,31,0,1
BRDA:210,31,1,3
BRDA:221,32,0,3
BRDA:221,32,1,6
BRF:68
BRH:68
end_of_record
TN:
SF:client\src\shared\utils\validation.ts
FN:35,validatePhone
FN:57,validateEmail
FN:79,validatePassword
FN:145,validateUsername
FN:170,sanitizeInput
FNF:5
FNH:5
FNDA:36,validatePhone
FNDA:1030,validateEmail
FNDA:24,validatePassword
FNDA:24,validateUsername
FNDA:35,sanitizeInput
DA:28,1
DA:36,36
DA:37,7
DA:40,29
DA:42,29
DA:43,9
DA:46,20
DA:47,1
DA:50,19
DA:51,19
DA:58,1030
DA:59,7
DA:62,1023
DA:63,1023
DA:64,8
DA:68,1015
DA:69,1
DA:72,1014
DA:89,24
DA:90,7
DA:97,17
DA:98,17
DA:99,17
DA:100,17
DA:101,17
DA:103,17
DA:104,17
DA:105,17
DA:106,17
DA:107,17
DA:109,17
DA:118,17
DA:120,17
DA:121,6
DA:122,11
DA:123,3
DA:127,17
DA:133,17
DA:146,24
DA:147,7
DA:150,17
DA:152,17
DA:153,5
DA:159,12
DA:160,1
DA:163,11
DA:171,35
DA:172,2
DA:175,33
LF:49
LH:49
BRDA:36,0,0,7
BRDA:36,0,1,29
BRDA:36,1,0,36
BRDA:36,1,1,30
BRDA:36,1,2,30
BRDA:42,2,0,9
BRDA:42,2,1,20
BRDA:46,3,0,1
BRDA:46,3,1,19
BRDA:58,4,0,7
BRDA:58,4,1,1023
BRDA:58,5,0,1030
BRDA:58,5,1,1024
BRDA:58,5,2,1024
BRDA:63,6,0,8
BRDA:63,6,1,1015
BRDA:68,7,0,1
BRDA:68,7,1,1014
BRDA:89,8,0,7
BRDA:89,8,1,17
BRDA:89,9,0,24
BRDA:89,9,1,18
BRDA:89,9,2,18
BRDA:97,10,0,17
BRDA:97,10,1,15
BRDA:98,11,0,17
BRDA:98,11,1,15
BRDA:99,12,0,17
BRDA:99,12,1,15
BRDA:100,13,0,17
BRDA:100,13,1,15
BRDA:101,14,0,17
BRDA:101,14,1,15
BRDA:120,15,0,6
BRDA:120,15,1,11
BRDA:120,16,0,17
BRDA:120,16,1,11
BRDA:120,16,2,6
BRDA:120,16,3,6
BRDA:120,16,4,6
BRDA:122,17,0,3
BRDA:122,17,1,8
BRDA:122,18,0,11
BRDA:122,18,1,5
BRDA:122,18,2,5
BRDA:122,18,3,2
BRDA:127,19,0,17
BRDA:127,19,1,11
BRDA:127,19,2,11
BRDA:127,19,3,6
BRDA:127,19,4,6
BRDA:127,19,5,6
BRDA:127,19,6,6
BRDA:127,19,7,6
BRDA:127,19,8,6
BRDA:135,20,0,6
BRDA:135,20,1,11
BRDA:146,21,0,7
BRDA:146,21,1,17
BRDA:146,22,0,24
BRDA:146,22,1,18
BRDA:146,22,2,18
BRDA:152,23,0,5
BRDA:152,23,1,12
BRDA:159,24,0,1
BRDA:159,24,1,11
BRDA:171,25,0,2
BRDA:171,25,1,33
BRDA:171,26,0,35
BRDA:171,26,1,33
BRF:70
BRH:70
end_of_record
TN:
SF:client\src\stores\featureFlagsStore.ts
FN:131,(anonymous_0)
FN:152,(anonymous_1)
FN:164,(anonymous_2)
FN:166,(anonymous_3)
FN:170,(anonymous_4)
FN:181,(anonymous_5)
FN:190,(anonymous_6)
FN:213,(anonymous_7)
FN:244,(anonymous_8)
FN:259,(anonymous_9)
FN:274,(anonymous_10)
FN:285,(anonymous_11)
FN:287,(anonymous_12)
FN:293,(anonymous_13)
FN:305,(anonymous_14)
FN:317,(anonymous_15)
FN:321,(anonymous_16)
FN:332,(anonymous_17)
FN:339,(anonymous_18)
FN:340,(anonymous_19)
FN:342,(anonymous_20)
FN:342,(anonymous_21)
FN:344,(anonymous_22)
FN:345,(anonymous_23)
FNF:24
FNH:17
FNDA:2,(anonymous_0)
FNDA:2,(anonymous_1)
FNDA:2,(anonymous_2)
FNDA:2,(anonymous_3)
FNDA:20,(anonymous_4)
FNDA:0,(anonymous_5)
FNDA:2,(anonymous_6)
FNDA:2,(anonymous_7)
FNDA:109,(anonymous_8)
FNDA:10,(anonymous_9)
FNDA:1,(anonymous_10)
FNDA:28,(anonymous_11)
FNDA:280,(anonymous_12)
FNDA:280,(anonymous_13)
FNDA:14,(anonymous_14)
FNDA:3,(anonymous_15)
FNDA:30,(anonymous_16)
FNDA:12,(anonymous_17)
FNDA:0,(anonymous_18)
FNDA:0,(anonymous_19)
FNDA:0,(anonymous_20)
FNDA:0,(anonymous_21)
FNDA:0,(anonymous_22)
FNDA:0,(anonymous_23)
DA:23,2
DA:107,2
DA:131,2
DA:132,2
DA:134,2
DA:137,2
DA:138,2
DA:139,28
DA:140,28
DA:141,28
DA:144,2
DA:147,0
DA:152,2
DA:153,2
DA:154,2
DA:156,2
DA:157,2
DA:158,2
DA:160,2
DA:164,2
DA:166,2
DA:167,2
DA:169,2
DA:170,2
DA:171,20
DA:172,20
DA:173,0
DA:175,20
DA:179,0
DA:181,0
DA:182,0
DA:186,2
DA:190,2
DA:191,2
DA:193,2
DA:194,2
DA:195,2
DA:196,0
DA:197,0
DA:200,0
DA:203,2
DA:206,2
DA:214,2
DA:216,2
DA:217,2
DA:220,2
DA:222,2
DA:223,0
DA:227,2
DA:228,2
DA:229,2
DA:232,2
DA:236,0
DA:238,2
DA:239,2
DA:245,109
DA:246,109
DA:249,109
DA:250,109
DA:252,103
DA:255,109
DA:260,10
DA:261,10
DA:264,10
DA:265,10
DA:267,2
DA:270,10
DA:275,1
DA:276,1
DA:278,0
DA:281,1
DA:286,28
DA:287,28
DA:288,280
DA:292,28
DA:293,28
DA:294,280
DA:296,28
DA:298,0
DA:301,28
DA:306,14
DA:309,14
DA:310,4
DA:313,10
DA:318,3
DA:319,3
DA:321,3
DA:322,30
DA:328,3
DA:333,12
DA:339,2
DA:340,0
DA:342,2
DA:344,2
DA:345,0
LF:95
LH:81
BRDA:153,0,0,0
BRDA:153,0,1,2
BRDA:154,1,0,0
BRDA:154,1,1,2
BRDA:157,2,0,2
BRDA:157,2,1,0
BRDA:172,3,0,0
BRDA:172,3,1,20
BRDA:195,4,0,0
BRDA:195,4,1,2
BRDA:222,5,0,0
BRDA:222,5,1,2
BRDA:227,6,0,2
BRDA:227,6,1,0
BRDA:309,7,0,4
BRDA:309,7,1,10
BRDA:313,8,0,10
BRDA:313,8,1,5
BRDA:313,8,2,5
BRDA:323,9,0,0
BRDA:323,9,1,30
BRDA:325,10,0,30
BRDA:325,10,1,12
BRDA:325,10,2,12
BRF:24
BRH:16
end_of_record
TN:
SF:client\src\theme\colors.ts
FNF:0
FNH:0
DA:6,1
DA:43,1
DA:80,1
LF:3
LH:3
BRF:0
BRH:0
end_of_record
TN:
SF:client\src\theme\tokens.ts
FNF:0
FNH:0
DA:6,1
DA:19,1
DA:53,1
DA:64,1
DA:102,1
LF:5
LH:5
BRF:0
BRH:0
end_of_record
TN:
SF:client\src\utils\formatTime.ts
FN:12,toDate
FN:33,formatUtc12Hour
FN:41,startOfUtcDay
FN:45,utcDaysAgo
FN:51,formatUtcShortDate
FN:58,formatMessageTime
FN:66,formatChatListTime
FN:89,formatLastSeen
FN:110,formatStatusTime
FN:127,formatCallDuration
FNF:10
FNH:9
FNDA:3083,toDate
FNDA:2034,formatUtc12Hour
FNDA:4042,startOfUtcDay
FNDA:2021,utcDaysAgo
FNDA:2016,formatUtcShortDate
FNDA:1036,formatMessageTime
FNDA:1024,formatChatListTime
FNDA:1023,formatLastSeen
FNDA:0,formatStatusTime
FNDA:1038,formatCallDuration
DA:10,1
DA:13,3083
DA:14,0
DA:16,3083
DA:17,3
DA:18,3
DA:20,3080
DA:21,21
DA:24,3059
DA:25,3059
DA:27,4
DA:29,3059
DA:34,2034
DA:35,2034
DA:36,2034
DA:37,2034
DA:38,2034
DA:42,4042
DA:46,2021
DA:47,2021
DA:52,2016
DA:53,2016
DA:54,2016
DA:55,2016
DA:59,1036
DA:60,1036
DA:61,13
DA:63,1023
DA:67,1024
DA:68,1024
DA:69,13
DA:72,1011
DA:74,1011
DA:75,1
DA:78,1010
DA:79,1
DA:82,1009
DA:83,1
DA:86,1008
DA:90,1023
DA:91,1023
DA:92,13
DA:95,1010
DA:96,1010
DA:98,1010
DA:99,1
DA:102,1009
DA:103,1
DA:106,1008
DA:111,0
DA:112,0
DA:113,0
DA:115,0
DA:129,1038
DA:130,1030
DA:132,8
DA:133,8
DA:135,1
DA:137,7
DA:138,4
DA:144,1033
DA:145,1033
DA:146,1033
LF:63
LH:58
BRDA:13,0,0,0
BRDA:13,0,1,3083
BRDA:14,1,0,0
BRDA:14,1,1,0
BRDA:16,2,0,3
BRDA:16,2,1,3080
BRDA:16,3,0,3083
BRDA:16,3,1,3
BRDA:18,4,0,0
BRDA:18,4,1,3
BRDA:20,5,0,21
BRDA:20,5,1,3059
BRDA:20,6,0,3080
BRDA:20,6,1,3062
BRDA:25,7,0,4
BRDA:25,7,1,3055
BRDA:25,8,0,3059
BRDA:25,8,1,22
BRDA:29,9,0,18
BRDA:29,9,1,3041
BRDA:36,10,0,2024
BRDA:36,10,1,10
BRDA:37,11,0,7
BRDA:37,11,1,2027
BRDA:60,12,0,13
BRDA:60,12,1,1023
BRDA:68,13,0,13
BRDA:68,13,1,1011
BRDA:74,14,0,1
BRDA:74,14,1,1010
BRDA:78,15,0,1
BRDA:78,15,1,1009
BRDA:82,16,0,1
BRDA:82,16,1,1008
BRDA:91,17,0,13
BRDA:91,17,1,1010
BRDA:98,18,0,1
BRDA:98,18,1,1009
BRDA:102,19,0,1
BRDA:102,19,1,1008
BRDA:112,20,0,0
BRDA:112,20,1,0
BRDA:129,21,0,1030
BRDA:129,21,1,8
BRDA:129,22,0,1038
BRDA:129,22,1,1031
BRDA:137,23,0,4
BRDA:137,23,1,3
BRF:48
BRH:42
end_of_record
TN:
SF:client\src\utils\logger.ts
FN:30,(anonymous_0)
FN:40,(anonymous_1)
FN:47,(anonymous_2)
FN:59,(anonymous_3)
FN:82,(anonymous_4)
FN:103,(anonymous_5)
FN:124,(anonymous_6)
FN:150,(anonymous_7)
FN:182,(anonymous_8)
FN:214,(anonymous_9)
FN:225,(anonymous_10)
FN:232,(anonymous_11)
FN:233,(anonymous_12)
FN:239,(anonymous_13)
FN:240,(anonymous_14)
FN:246,(anonymous_15)
FN:253,(anonymous_16)
FN:260,(anonymous_17)
FN:270,(anonymous_18)
FN:278,(anonymous_19)
FN:289,(anonymous_20)
FN:308,(anonymous_21)
FN:323,(anonymous_22)
FN:341,(anonymous_23)
FN:343,(anonymous_24)
FN:345,(anonymous_25)
FN:347,(anonymous_26)
FN:349,(anonymous_27)
FN:353,(anonymous_28)
FN:355,(anonymous_29)
FN:356,(anonymous_30)
FN:357,(anonymous_31)
FN:363,(anonymous_32)
FN:365,(anonymous_33)
FNF:34
FNH:34
FNDA:4,(anonymous_0)
FNDA:31,(anonymous_1)
FNDA:189,(anonymous_2)
FNDA:189,(anonymous_3)
FNDA:3,(anonymous_4)
FNDA:58,(anonymous_5)
FNDA:116,(anonymous_6)
FNDA:9,(anonymous_7)
FNDA:6,(anonymous_8)
FNDA:192,(anonymous_9)
FNDA:19,(anonymous_10)
FNDA:2,(anonymous_11)
FNDA:6,(anonymous_12)
FNDA:3,(anonymous_13)
FNDA:9,(anonymous_14)
FNDA:32,(anonymous_15)
FNDA:2,(anonymous_16)
FNDA:10,(anonymous_17)
FNDA:2,(anonymous_18)
FNDA:2,(anonymous_19)
FNDA:4,(anonymous_20)
FNDA:2,(anonymous_21)
FNDA:7,(anonymous_22)
FNDA:1,(anonymous_23)
FNDA:1,(anonymous_24)
FNDA:106,(anonymous_25)
FNDA:1,(anonymous_26)
FNDA:1,(anonymous_27)
FNDA:1,(anonymous_28)
FNDA:1,(anonymous_29)
FNDA:1,(anonymous_30)
FNDA:1,(anonymous_31)
FNDA:1,(anonymous_32)
FNDA:1,(anonymous_33)
DA:31,4
DA:32,4
DA:33,4
DA:34,4
DA:41,31
DA:48,189
DA:51,189
DA:52,0
DA:60,189
DA:61,189
DA:62,189
DA:64,189
DA:66,189
DA:67,151
DA:69,151
DA:70,150
DA:72,1
DA:76,189
DA:83,3
DA:84,2
DA:92,2
DA:94,2
DA:95,2
DA:104,58
DA:105,57
DA:113,57
DA:115,57
DA:116,57
DA:125,116
DA:126,115
DA:134,115
DA:137,115
DA:138,0
DA:141,115
DA:142,115
DA:151,9
DA:152,9
DA:160,9
DA:163,9
DA:164,4
DA:170,5
DA:173,9
DA:174,9
DA:183,6
DA:184,6
DA:192,6
DA:195,6
DA:196,2
DA:202,4
DA:205,6
DA:206,6
DA:215,192
DA:216,192
DA:217,192
DA:219,192
DA:226,19
DA:233,6
DA:240,9
DA:247,32
DA:254,2
DA:261,10
DA:271,2
DA:272,2
DA:275,2
DA:279,2
DA:280,2
DA:283,2
DA:290,4
DA:291,4
DA:298,4
DA:299,1
DA:301,3
DA:309,2
DA:310,2
DA:316,2
DA:317,2
DA:324,7
DA:327,7
DA:330,7
DA:338,4
DA:341,4
DA:342,1
DA:343,4
DA:344,1
DA:345,4
DA:346,106
DA:347,4
DA:348,1
DA:349,4
DA:350,1
DA:353,4
DA:354,1
DA:355,4
DA:356,4
DA:357,4
DA:362,1
DA:363,4
DA:364,1
DA:365,4
LF:99
LH:97
BRDA:32,0,0,4
BRDA:32,0,1,0
BRDA:51,1,0,0
BRDA:51,1,1,189
BRDA:62,2,0,153
BRDA:62,2,1,36
BRDA:66,3,0,151
BRDA:66,3,1,38
BRDA:69,4,0,1
BRDA:69,4,1,150
BRDA:83,5,0,2
BRDA:83,5,1,1
BRDA:94,6,0,2
BRDA:94,6,1,0
BRDA:104,7,0,57
BRDA:104,7,1,1
BRDA:115,8,0,57
BRDA:115,8,1,0
BRDA:125,9,0,115
BRDA:125,9,1,1
BRDA:137,10,0,0
BRDA:137,10,1,115
BRDA:141,11,0,115
BRDA:141,11,1,0
BRDA:151,12,0,9
BRDA:151,12,1,0
BRDA:163,13,0,4
BRDA:163,13,1,5
BRDA:166,14,0,4
BRDA:166,14,1,0
BRDA:173,15,0,9
BRDA:173,15,1,0
BRDA:183,16,0,6
BRDA:183,16,1,0
BRDA:195,17,0,2
BRDA:195,17,1,4
BRDA:198,18,0,2
BRDA:198,18,1,0
BRDA:205,19,0,6
BRDA:205,19,1,0
BRDA:225,20,0,15
BRDA:262,21,0,10
BRDA:262,21,1,4
BRDA:271,22,0,2
BRDA:271,22,1,0
BRDA:279,23,0,2
BRDA:279,23,1,0
BRDA:298,24,0,1
BRDA:298,24,1,3
BRDA:298,25,0,4
BRDA:298,25,1,3
BRF:51
BRH:37
end_of_record
TN:
SF:client\src\utils\validation.ts
FNF:0
FNH:0
DA:8,0
DA:14,0
DA:19,0
DA:25,0
LF:4
LH:0
BRF:0
BRH:0
end_of_record
