TN:
SF:client\sentry.ts
FN:10,(anonymous_0)
FN:24,(anonymous_1)
FN:37,(anonymous_2)
FN:39,(anonymous_3)
FN:40,(anonymous_4)
FN:50,(anonymous_5)
FN:56,(anonymous_6)
FN:57,(anonymous_7)
FN:67,(anonymous_8)
FN:71,(anonymous_9)
FN:76,(anonymous_10)
FN:85,(anonymous_11)
FN:85,(anonymous_12)
FN:85,(anonymous_13)
FN:88,(anonymous_14)
FNF:15
FNH:0
FNDA:0,(anonymous_0)
FNDA:0,(anonymous_1)
FNDA:0,(anonymous_2)
FNDA:0,(anonymous_3)
FNDA:0,(anonymous_4)
FNDA:0,(anonymous_5)
FNDA:0,(anonymous_6)
FNDA:0,(anonymous_7)
FNDA:0,(anonymous_8)
FNDA:0,(anonymous_9)
FNDA:0,(anonymous_10)
FNDA:0,(anonymous_11)
FNDA:0,(anonymous_12)
FNDA:0,(anonymous_13)
FNDA:0,(anonymous_14)
DA:8,0
DA:10,0
DA:11,0
DA:26,0
DA:28,0
DA:29,0
DA:32,0
DA:37,0
DA:38,0
DA:39,0
DA:40,0
DA:41,0
DA:43,0
DA:46,0
DA:50,0
DA:55,0
DA:56,0
DA:57,0
DA:58,0
DA:60,0
DA:63,0
DA:67,0
DA:68,0
DA:71,0
DA:72,0
DA:76,0
DA:77,0
DA:82,0
DA:83,0
DA:85,0
DA:88,0
DA:89,0
LF:32
LH:0
BRDA:8,0,0,0
BRDA:8,0,1,0
BRDA:14,1,0,0
BRDA:14,1,1,0
BRDA:26,2,0,0
BRDA:26,2,1,0
BRDA:28,3,0,0
BRDA:28,3,1,0
BRDA:38,4,0,0
BRDA:38,4,1,0
BRDA:52,5,0,0
BRDA:55,6,0,0
BRDA:55,6,1,0
BRDA:76,7,0,0
BRDA:82,8,0,0
BRDA:82,8,1,0
BRF:16
BRH:0
end_of_record
TN:
SF:client\src\App.tsx
FN:18,App
FNF:1
FNH:0
FNDA:0,App
DA:19,0
LF:1
LH:0
BRF:0
BRH:0
end_of_record
TN:
SF:client\src\accessibility\a11yHelpers.ts
FN:8,(anonymous_0)
FN:15,(anonymous_1)
FN:26,(anonymous_2)
FN:29,(anonymous_3)
FN:40,(anonymous_4)
FN:48,(anonymous_5)
FN:51,(anonymous_6)
FN:52,(anonymous_7)
FN:63,(anonymous_8)
FN:75,(anonymous_9)
FN:98,(anonymous_10)
FN:110,(anonymous_11)
FN:133,(anonymous_12)
FN:145,(anonymous_13)
FN:158,(anonymous_14)
FNF:15
FNH:0
FNDA:0,(anonymous_0)
FNDA:0,(anonymous_1)
FNDA:0,(anonymous_2)
FNDA:0,(anonymous_3)
FNDA:0,(anonymous_4)
FNDA:0,(anonymous_5)
FNDA:0,(anonymous_6)
FNDA:0,(anonymous_7)
FNDA:0,(anonymous_8)
FNDA:0,(anonymous_9)
FNDA:0,(anonymous_10)
FNDA:0,(anonymous_11)
FNDA:0,(anonymous_12)
FNDA:0,(anonymous_13)
FNDA:0,(anonymous_14)
DA:8,0
DA:9,0
DA:15,0
DA:16,0
DA:17,0
DA:18,0
DA:19,0
DA:26,0
DA:27,0
DA:29,0
DA:30,0
DA:33,0
DA:40,0
DA:41,0
DA:48,0
DA:49,0
DA:51,0
DA:52,0
DA:53,0
DA:56,0
DA:58,0
DA:63,0
DA:64,0
DA:68,0
DA:75,0
DA:80,0
DA:98,0
DA:99,0
DA:110,0
DA:117,0
DA:120,0
DA:123,0
DA:125,0
DA:133,0
DA:134,0
DA:135,0
DA:138,0
DA:145,0
DA:146,0
DA:158,0
DA:159,0
DA:160,0
LF:42
LH:0
BRDA:17,0,0,0
BRDA:17,0,1,0
BRDA:18,1,0,0
BRDA:18,1,1,0
BRDA:78,2,0,0
BRDA:100,3,0,0
BRDA:100,3,1,0
BRDA:113,4,0,0
BRDA:117,5,0,0
BRDA:117,5,1,0
BRDA:134,6,0,0
BRDA:134,6,1,0
BRDA:159,7,0,0
BRDA:159,7,1,0
BRF:14
BRH:0
end_of_record
TN:
SF:client\src\components\AnimatedMessage.tsx
FN:19,(anonymous_0)
FN:25,(anonymous_1)
FN:32,(anonymous_2)
FN:40,(anonymous_3)
FNF:4
FNH:0
FNDA:0,(anonymous_0)
FNDA:0,(anonymous_1)
FNDA:0,(anonymous_2)
FNDA:0,(anonymous_3)
DA:19,0
DA:20,0
DA:21,0
DA:22,0
DA:25,0
DA:26,0
DA:28,0
DA:29,0
DA:32,0
DA:34,0
DA:35,0
DA:40,0
DA:41,0
DA:48,0
DA:50,0
DA:71,0
LF:16
LH:0
BRDA:19,0,0,0
BRDA:19,1,0,0
BRDA:26,2,0,0
BRDA:26,2,1,0
BRDA:48,3,0,0
BRDA:48,3,1,0
BRDA:52,4,0,0
BRDA:52,4,1,0
BRDA:58,5,0,0
BRDA:58,5,1,0
BRDA:61,6,0,0
BRDA:61,6,1,0
BRF:12
BRH:0
end_of_record
TN:
SF:client\src\components\Avatar.tsx
FN:19,Avatar
FNF:1
FNH:1
FNDA:10,Avatar
DA:13,1
DA:25,10
DA:26,10
DA:27,10
DA:29,10
DA:62,1
LF:6
LH:6
BRDA:21,0,0,0
BRDA:22,1,0,10
BRDA:23,2,0,10
BRDA:27,3,0,0
BRDA:27,3,1,10
BRDA:27,4,0,10
BRDA:27,4,1,0
BRDA:32,5,0,0
BRDA:32,5,1,10
BRDA:44,6,0,0
BRDA:44,6,1,10
BRDA:44,7,0,10
BRDA:44,7,1,0
BRF:13
BRH:7
end_of_record
TN:
SF:client\src\components\Button.tsx
FN:31,Button
FN:35,(anonymous_1)
FN:39,(anonymous_2)
FN:45,(anonymous_3)
FNF:4
FNH:0
FNDA:0,Button
FNDA:0,(anonymous_1)
FNDA:0,(anonymous_2)
FNDA:0,(anonymous_3)
DA:21,0
DA:29,0
DA:32,0
DA:33,0
DA:35,0
DA:39,0
DA:40,0
DA:41,0
DA:45,0
DA:46,0
DA:47,0
DA:51,0
DA:74,0
LF:13
LH:0
BRDA:31,0,0,0
BRDA:40,1,0,0
BRDA:40,1,1,0
BRDA:46,2,0,0
BRDA:46,2,1,0
BRDA:53,3,0,0
BRDA:53,3,1,0
BRDA:61,4,0,0
BRDA:61,4,1,0
BRF:9
BRH:0
end_of_record
TN:
SF:client\src\components\CallItem.tsx
FN:21,CallItem
FN:25,(anonymous_1)
FN:29,(anonymous_2)
FN:33,(anonymous_3)
FN:37,(anonymous_4)
FN:44,(anonymous_5)
FN:48,(anonymous_6)
FNF:7
FNH:0
FNDA:0,CallItem
FNDA:0,(anonymous_1)
FNDA:0,(anonymous_2)
FNDA:0,(anonymous_3)
FNDA:0,(anonymous_4)
FNDA:0,(anonymous_5)
FNDA:0,(anonymous_6)
DA:19,0
DA:22,0
DA:23,0
DA:25,0
DA:29,0
DA:30,0
DA:33,0
DA:34,0
DA:37,0
DA:38,0
DA:40,0
DA:41,0
DA:44,0
DA:45,0
DA:48,0
DA:49,0
DA:50,0
DA:52,0
DA:53,0
DA:55,0
DA:56,0
DA:58,0
DA:61,0
DA:97,0
LF:24
LH:0
BRDA:38,0,0,0
BRDA:38,0,1,0
BRDA:40,1,0,0
BRDA:40,1,1,0
BRDA:40,2,0,0
BRDA:40,2,1,0
BRDA:45,3,0,0
BRDA:45,3,1,0
BRDA:49,4,0,0
BRDA:49,4,1,0
BRDA:52,5,0,0
BRDA:52,5,1,0
BRDA:55,6,0,0
BRDA:55,6,1,0
BRDA:72,7,0,0
BRDA:72,7,1,0
BRDA:80,8,0,0
BRDA:80,8,1,0
BRF:18
BRH:0
end_of_record
TN:
SF:client\src\components\Card.tsx
FN:31,(anonymous_0)
FN:46,Card
FN:52,(anonymous_2)
FN:56,(anonymous_3)
FN:60,(anonymous_4)
FNF:5
FNH:0
FNDA:0,(anonymous_0)
FNDA:0,Card
FNDA:0,(anonymous_2)
FNDA:0,(anonymous_3)
FNDA:0,(anonymous_4)
DA:23,0
DA:31,0
DA:32,0
DA:34,0
DA:36,0
DA:38,0
DA:40,0
DA:44,0
DA:47,0
DA:48,0
DA:50,0
DA:52,0
DA:56,0
DA:57,0
DA:60,0
DA:61,0
DA:64,0
DA:93,0
LF:18
LH:0
BRDA:32,0,0,0
BRDA:32,0,1,0
BRDA:32,0,2,0
BRDA:32,0,3,0
BRDA:46,1,0,0
BRDA:78,2,0,0
BRDA:78,2,1,0
BRDA:83,3,0,0
BRDA:83,3,1,0
BRF:9
BRH:0
end_of_record
TN:
SF:client\src\components\ChatBubble.tsx
FN:22,ChatBubble
FN:26,(anonymous_1)
FN:30,(anonymous_2)
FN:34,(anonymous_3)
FN:38,(anonymous_4)
FN:43,(anonymous_5)
FN:91,(anonymous_6)
FN:98,(anonymous_7)
FNF:8
FNH:0
FNDA:0,ChatBubble
FNDA:0,(anonymous_1)
FNDA:0,(anonymous_2)
FNDA:0,(anonymous_3)
FNDA:0,(anonymous_4)
FNDA:0,(anonymous_5)
FNDA:0,(anonymous_6)
FNDA:0,(anonymous_7)
DA:20,0
DA:23,0
DA:24,0
DA:26,0
DA:30,0
DA:31,0
DA:34,0
DA:35,0
DA:38,0
DA:39,0
DA:40,0
DA:43,0
DA:44,0
DA:46,0
DA:54,0
DA:56,0
DA:64,0
DA:80,0
DA:87,0
DA:91,0
DA:92,0
DA:93,0
DA:96,0
DA:99,0
DA:108,0
DA:109,0
DA:152,0
DA:207,0
LF:28
LH:0
BRDA:44,0,0,0
BRDA:44,0,1,0
BRDA:44,0,2,0
BRDA:44,0,3,0
BRDA:44,0,4,0
BRDA:44,0,5,0
BRDA:50,1,0,0
BRDA:50,1,1,0
BRDA:60,2,0,0
BRDA:60,2,1,0
BRDA:69,3,0,0
BRDA:69,3,1,0
BRDA:74,4,0,0
BRDA:74,4,1,0
BRDA:92,5,0,0
BRDA:92,5,1,0
BRDA:92,6,0,0
BRDA:92,6,1,0
BRDA:108,7,0,0
BRDA:108,7,1,0
BRDA:110,8,0,0
BRDA:110,8,1,0
BRDA:119,9,0,0
BRDA:119,9,1,0
BRDA:123,10,0,0
BRDA:123,10,1,0
BRDA:128,11,0,0
BRDA:128,11,1,0
BRDA:134,12,0,0
BRDA:134,12,1,0
BRDA:139,13,0,0
BRDA:139,13,1,0
BRDA:144,14,0,0
BRDA:144,14,1,0
BRDA:153,15,0,0
BRDA:153,15,1,0
BRDA:161,16,0,0
BRDA:161,16,1,0
BRDA:174,17,0,0
BRDA:174,17,1,0
BRDA:179,18,0,0
BRDA:179,18,1,0
BRDA:183,19,0,0
BRDA:183,19,1,0
BRDA:187,20,0,0
BRDA:187,20,1,0
BRDA:194,21,0,0
BRDA:194,21,1,0
BRDA:199,22,0,0
BRDA:199,22,1,0
BRF:50
BRH:0
end_of_record
TN:
SF:client\src\components\ChatListItem.tsx
FN:22,ChatListItem
FN:27,(anonymous_1)
FN:32,(anonymous_2)
FN:37,(anonymous_3)
FN:42,(anonymous_4)
FNF:5
FNH:0
FNDA:0,ChatListItem
FNDA:0,(anonymous_1)
FNDA:0,(anonymous_2)
FNDA:0,(anonymous_3)
FNDA:0,(anonymous_4)
DA:20,0
DA:23,0
DA:24,0
DA:25,0
DA:27,0
DA:32,0
DA:33,0
DA:34,0
DA:37,0
DA:38,0
DA:39,0
DA:42,0
DA:43,0
DA:44,0
DA:47,0
DA:93,0
LF:16
LH:0
BRDA:61,0,0,0
BRDA:61,0,1,0
BRDA:65,1,0,0
BRDA:65,1,1,0
BRDA:78,2,0,0
BRDA:78,2,1,0
BRDA:80,3,0,0
BRDA:80,3,1,0
BRDA:83,4,0,0
BRDA:83,4,1,0
BRF:10
BRH:0
end_of_record
TN:
SF:client\src\components\EmptyState.tsx
FN:14,EmptyState
FNF:1
FNH:1
FNDA:2,EmptyState
DA:15,2
DA:17,2
DA:28,1
LF:3
LH:3
BRDA:19,0,0,2
BRDA:19,0,1,2
BRDA:21,1,0,2
BRDA:21,1,1,0
BRF:4
BRH:3
end_of_record
TN:
SF:client\src\components\ErrorBoundary.tsx
FN:23,(anonymous_0)
FN:28,(anonymous_1)
FN:32,(anonymous_2)
FN:56,(anonymous_3)
FN:64,(anonymous_4)
FN:81,(anonymous_5)
FNF:6
FNH:0
FNDA:0,(anonymous_0)
FNDA:0,(anonymous_1)
FNDA:0,(anonymous_2)
FNDA:0,(anonymous_3)
FNDA:0,(anonymous_4)
FNDA:0,(anonymous_5)
DA:24,0
DA:25,0
DA:29,0
DA:33,0
DA:35,0
DA:36,0
DA:45,0
DA:48,0
DA:50,0
DA:56,0
DA:57,0
DA:64,0
DA:65,0
DA:66,0
DA:67,0
DA:76,0
DA:82,0
DA:83,0
DA:84,0
DA:87,0
DA:149,0
DA:153,0
LF:22
LH:0
BRDA:65,0,0,0
BRDA:65,0,1,0
BRDA:82,1,0,0
BRDA:82,1,1,0
BRDA:83,2,0,0
BRDA:83,2,1,0
BRDA:107,3,0,0
BRDA:107,3,1,0
BRDA:107,3,2,0
BRDA:112,4,0,0
BRDA:112,4,1,0
BRF:11
BRH:0
end_of_record
TN:
SF:client\src\components\ErrorFallback.tsx
FN:15,ErrorFallback
FN:19,(anonymous_1)
FN:28,(anonymous_2)
FN:40,(anonymous_3)
FN:41,(anonymous_4)
FN:64,(anonymous_5)
FN:84,(anonymous_6)
FN:93,(anonymous_7)
FN:94,(anonymous_8)
FNF:9
FNH:0
FNDA:0,ErrorFallback
FNDA:0,(anonymous_1)
FNDA:0,(anonymous_2)
FNDA:0,(anonymous_3)
FNDA:0,(anonymous_4)
FNDA:0,(anonymous_5)
FNDA:0,(anonymous_6)
FNDA:0,(anonymous_7)
FNDA:0,(anonymous_8)
DA:16,0
DA:17,0
DA:19,0
DA:20,0
DA:21,0
DA:23,0
DA:24,0
DA:28,0
DA:29,0
DA:30,0
DA:31,0
DA:33,0
DA:36,0
DA:40,0
DA:41,0
DA:64,0
DA:84,0
DA:93,0
DA:94,0
DA:128,0
LF:20
LH:0
BRDA:30,0,0,0
BRDA:30,0,1,0
BRDA:38,1,0,0
BRDA:38,1,1,0
BRDA:45,2,0,0
BRDA:45,2,1,0
BRDA:68,3,0,0
BRDA:68,3,1,0
BRDA:69,4,0,0
BRDA:69,4,1,0
BRDA:79,5,0,0
BRDA:79,5,1,0
BRDA:94,6,0,0
BRDA:94,6,1,0
BRDA:111,7,0,0
BRDA:111,7,1,0
BRF:16
BRH:0
end_of_record
TN:
SF:client\src\components\FeatureGate.tsx
FN:27,(anonymous_0)
FN:37,(anonymous_1)
FN:85,(anonymous_2)
FN:89,(anonymous_3)
FN:90,(anonymous_4)
FN:105,(anonymous_5)
FNF:6
FNH:2
FNDA:42,(anonymous_0)
FNDA:32,(anonymous_1)
FNDA:0,(anonymous_2)
FNDA:0,(anonymous_3)
FNDA:0,(anonymous_4)
FNDA:0,(anonymous_5)
DA:27,1
DA:34,42
DA:35,42
DA:37,42
DA:38,32
DA:40,30
DA:52,42
DA:53,2
DA:56,40
DA:57,32
DA:65,8
DA:66,3
DA:75,5
DA:76,5
DA:79,0
DA:85,1
DA:89,0
DA:90,0
DA:91,0
DA:96,0
DA:98,0
DA:105,1
DA:106,0
DA:107,0
DA:109,0
DA:117,1
LF:26
LH:17
BRDA:31,0,0,37
BRDA:38,1,0,2
BRDA:38,1,1,30
BRDA:38,2,0,32
BRDA:38,2,1,31
BRDA:43,3,0,21
BRDA:43,3,1,9
BRDA:45,4,0,30
BRDA:45,4,1,30
BRDA:52,5,0,2
BRDA:52,5,1,40
BRDA:56,6,0,32
BRDA:56,6,1,8
BRDA:65,7,0,3
BRDA:65,7,1,5
BRDA:75,8,0,5
BRDA:75,8,1,0
BRDA:96,9,0,0
BRDA:96,9,1,0
BRF:19
BRH:16
end_of_record
TN:
SF:client\src\components\GroupChatHeader.tsx
FN:16,GroupChatHeader
FN:18,(anonymous_1)
FN:22,(anonymous_2)
FNF:3
FNH:0
FNDA:0,GroupChatHeader
FNDA:0,(anonymous_1)
FNDA:0,(anonymous_2)
DA:17,0
DA:18,0
DA:20,0
DA:23,0
DA:24,0
DA:28,0
DA:30,0
DA:46,0
LF:8
LH:0
BRDA:18,0,0,0
BRDA:18,0,1,0
BRDA:20,1,0,0
BRDA:20,1,1,0
BRDA:23,2,0,0
BRDA:23,2,1,0
BRDA:23,3,0,0
BRDA:23,3,1,0
BRDA:24,4,0,0
BRDA:24,4,1,0
BRDA:28,5,0,0
BRDA:28,5,1,0
BRDA:39,6,0,0
BRDA:39,6,1,0
BRF:14
BRH:0
end_of_record
TN:
SF:client\src\components\HeaderTitle.tsx
FN:11,HeaderTitle
FNF:1
FNH:0
FNDA:0,HeaderTitle
DA:12,0
DA:24,0
LF:2
LH:0
BRF:0
BRH:0
end_of_record
TN:
SF:client\src\components\KeyboardAwareScrollViewCompat.tsx
FN:9,KeyboardAwareScrollViewCompat
FNF:1
FNH:0
FNDA:0,KeyboardAwareScrollViewCompat
DA:14,0
DA:15,0
DA:22,0
LF:3
LH:0
BRDA:11,0,0,0
BRDA:14,1,0,0
BRDA:14,1,1,0
BRF:3
BRH:0
end_of_record
TN:
SF:client\src\components\LanguageSwitcher.tsx
FN:13,(anonymous_0)
FN:16,(anonymous_1)
FN:31,(anonymous_2)
FN:42,(anonymous_3)
FNF:4
FNH:0
FNDA:0,(anonymous_0)
FNDA:0,(anonymous_1)
FNDA:0,(anonymous_2)
FNDA:0,(anonymous_3)
DA:13,0
DA:14,0
DA:16,0
DA:17,0
DA:18,0
DA:21,0
DA:22,0
DA:25,0
DA:31,0
DA:42,0
DA:56,0
LF:11
LH:0
BRDA:13,0,0,0
BRDA:21,1,0,0
BRDA:21,1,1,0
BRDA:27,2,0,0
BRDA:27,2,1,0
BRDA:30,3,0,0
BRDA:30,3,1,0
BRDA:36,4,0,0
BRDA:36,4,1,0
BRDA:41,5,0,0
BRDA:41,5,1,0
BRDA:47,6,0,0
BRDA:47,6,1,0
BRF:13
BRH:0
end_of_record
TN:
SF:client\src\components\MediaMessage.tsx
FN:23,MediaMessage
FN:44,(anonymous_1)
FN:45,(anonymous_2)
FN:72,formatDuration
FNF:4
FNH:0
FNDA:0,MediaMessage
FNDA:0,(anonymous_1)
FNDA:0,(anonymous_2)
FNDA:0,formatDuration
DA:24,0
DA:25,0
DA:28,0
DA:30,0
DA:44,0
DA:45,0
DA:73,0
DA:74,0
DA:75,0
DA:78,0
LF:10
LH:0
BRDA:28,0,0,0
BRDA:28,0,1,0
BRDA:28,1,0,0
BRDA:28,1,1,0
BRDA:35,2,0,0
BRDA:35,2,1,0
BRDA:49,3,0,0
BRDA:49,3,1,0
BRDA:55,4,0,0
BRDA:55,4,1,0
BRDA:61,5,0,0
BRDA:61,5,1,0
BRF:12
BRH:0
end_of_record
TN:
SF:client\src\components\MessageActionSheet.tsx
FN:25,MessageActionSheet
FN:36,(anonymous_1)
FN:46,(anonymous_2)
FN:50,(anonymous_3)
FN:55,(anonymous_4)
FN:86,(anonymous_5)
FN:89,(anonymous_6)
FN:90,(anonymous_7)
FNF:8
FNH:0
FNDA:0,MessageActionSheet
FNDA:0,(anonymous_1)
FNDA:0,(anonymous_2)
FNDA:0,(anonymous_3)
FNDA:0,(anonymous_4)
FNDA:0,(anonymous_5)
FNDA:0,(anonymous_6)
FNDA:0,(anonymous_7)
DA:32,0
DA:33,0
DA:34,0
DA:36,0
DA:37,0
DA:38,0
DA:39,0
DA:41,0
DA:42,0
DA:46,0
DA:50,0
DA:55,0
DA:56,0
DA:57,0
DA:58,0
DA:61,0
DA:67,0
DA:69,0
DA:87,0
DA:89,0
DA:90,0
DA:115,0
LF:22
LH:0
BRDA:37,0,0,0
BRDA:37,0,1,0
BRDA:67,1,0,0
BRDA:67,1,1,0
BRDA:92,2,0,0
BRDA:92,2,1,0
BRDA:93,3,0,0
BRDA:93,3,1,0
BRDA:100,4,0,0
BRDA:100,4,1,0
BRDA:103,5,0,0
BRDA:103,5,1,0
BRF:12
BRH:0
end_of_record
TN:
SF:client\src\components\MessageInput.tsx
FN:31,MessageInput
FN:39,(anonymous_1)
FN:46,(anonymous_2)
FN:61,(anonymous_3)
FNF:4
FNH:0
FNDA:0,MessageInput
FNDA:0,(anonymous_1)
FNDA:0,(anonymous_2)
FNDA:0,(anonymous_3)
DA:29,0
DA:32,0
DA:33,0
DA:34,0
DA:35,0
DA:37,0
DA:39,0
DA:40,0
DA:46,0
DA:61,0
DA:62,0
DA:64,0
DA:65,0
DA:66,0
DA:68,0
DA:69,0
DA:72,0
DA:130,0
LF:18
LH:0
BRDA:40,0,0,0
BRDA:40,0,1,0
BRDA:62,1,0,0
BRDA:62,1,1,0
BRDA:74,2,0,0
BRDA:74,2,1,0
BRDA:108,3,0,0
BRDA:108,3,1,0
BRDA:177,4,0,0
BRDA:177,4,1,0
BRDA:182,5,0,0
BRDA:182,5,1,0
BRDA:187,6,0,0
BRDA:187,6,1,0
BRF:14
BRH:0
end_of_record
TN:
SF:client\src\components\OptimizedImage.tsx
FN:19,(anonymous_0)
FN:35,(anonymous_1)
FN:41,(anonymous_2)
FN:47,(anonymous_3)
FNF:4
FNH:0
FNDA:0,(anonymous_0)
FNDA:0,(anonymous_1)
FNDA:0,(anonymous_2)
FNDA:0,(anonymous_3)
DA:19,0
DA:32,0
DA:33,0
DA:35,0
DA:36,0
DA:37,0
DA:38,0
DA:41,0
DA:42,0
DA:43,0
DA:44,0
DA:47,0
DA:48,0
DA:49,0
DA:53,0
DA:56,0
DA:57,0
DA:66,0
DA:91,0
LF:19
LH:0
BRDA:23,0,0,0
BRDA:24,1,0,0
BRDA:25,2,0,0
BRDA:28,3,0,0
BRDA:48,4,0,0
BRDA:48,4,1,0
BRDA:48,5,0,0
BRDA:48,5,1,0
BRDA:56,6,0,0
BRDA:56,6,1,0
BRDA:80,7,0,0
BRDA:80,7,1,0
BRDA:82,8,0,0
BRDA:82,8,1,0
BRF:14
BRH:0
end_of_record
TN:
SF:client\src\components\SettingsItem.tsx
FN:25,SettingsItem
FN:37,(anonymous_1)
FN:41,(anonymous_2)
FN:47,(anonymous_3)
FNF:4
FNH:0
FNDA:0,SettingsItem
FNDA:0,(anonymous_1)
FNDA:0,(anonymous_2)
FNDA:0,(anonymous_3)
DA:23,0
DA:34,0
DA:35,0
DA:37,0
DA:41,0
DA:42,0
DA:43,0
DA:47,0
DA:48,0
DA:51,0
DA:53,0
DA:93,0
LF:12
LH:0
BRDA:30,0,0,0
BRDA:32,1,0,0
BRDA:42,2,0,0
BRDA:42,2,1,0
BRDA:51,3,0,0
BRDA:51,3,1,0
BRDA:64,4,0,0
BRDA:64,4,1,0
BRDA:72,5,0,0
BRDA:72,5,1,0
BRDA:79,6,0,0
BRDA:79,6,1,0
BRDA:86,7,0,0
BRDA:86,7,1,0
BRF:14
BRH:0
end_of_record
TN:
SF:client\src\components\SkeletonLoader.tsx
FN:18,SkeletonItem
FN:22,(anonymous_1)
FN:26,(anonymous_2)
FN:42,SkeletonLoader
FN:45,(anonymous_4)
FNF:5
FNH:0
FNDA:0,SkeletonItem
FNDA:0,(anonymous_1)
FNDA:0,(anonymous_2)
FNDA:0,SkeletonLoader
FNDA:0,(anonymous_4)
DA:19,0
DA:20,0
DA:22,0
DA:23,0
DA:26,0
DA:30,0
DA:43,0
DA:46,0
DA:52,1
LF:9
LH:1
BRDA:42,0,0,0
BRF:1
BRH:0
end_of_record
TN:
SF:client\src\components\Spacer.tsx
FN:8,Spacer
FNF:1
FNH:0
FNDA:0,Spacer
DA:9,0
DA:10,0
DA:12,0
LF:3
LH:0
BRDA:9,0,0,0
BRDA:9,0,1,0
BRDA:10,1,0,0
BRDA:10,1,1,0
BRF:4
BRH:0
end_of_record
TN:
SF:client\src\components\StatusItem.tsx
FN:21,StatusItem
FN:25,(anonymous_1)
FN:29,(anonymous_2)
FN:33,(anonymous_3)
FNF:4
FNH:0
FNDA:0,StatusItem
FNDA:0,(anonymous_1)
FNDA:0,(anonymous_2)
FNDA:0,(anonymous_3)
DA:19,0
DA:22,0
DA:23,0
DA:25,0
DA:29,0
DA:30,0
DA:33,0
DA:34,0
DA:37,0
DA:38,0
DA:39,0
DA:40,0
DA:41,0
DA:43,0
DA:81,0
LF:15
LH:0
BRDA:37,0,0,0
BRDA:37,0,1,0
BRF:2
BRH:0
end_of_record
TN:
SF:client\src\components\ThemedText.tsx
FN:12,ThemedText
FN:21,(anonymous_1)
FN:37,(anonymous_2)
FNF:3
FNH:3
FNDA:36,ThemedText
FNDA:36,(anonymous_1)
FNDA:36,(anonymous_2)
DA:19,36
DA:21,36
DA:22,36
DA:23,0
DA:26,36
DA:27,0
DA:30,36
DA:31,0
DA:34,36
DA:37,36
DA:38,36
DA:40,0
DA:42,0
DA:44,0
DA:46,0
DA:48,36
DA:50,0
DA:52,0
DA:54,0
DA:58,36
LF:20
LH:10
BRDA:16,0,0,36
BRDA:22,1,0,0
BRDA:22,1,1,36
BRDA:22,2,0,36
BRDA:22,2,1,0
BRDA:26,3,0,0
BRDA:26,3,1,36
BRDA:26,4,0,36
BRDA:26,4,1,36
BRDA:30,5,0,0
BRDA:30,5,1,36
BRDA:38,6,0,0
BRDA:38,6,1,0
BRDA:38,6,2,0
BRDA:38,6,3,0
BRDA:38,6,4,36
BRDA:38,6,5,0
BRDA:38,6,6,0
BRDA:38,6,7,0
BRF:19
BRH:8
end_of_record
TN:
SF:client\src\components\ThemedView.tsx
FN:10,ThemedView
FNF:1
FNH:0
FNDA:0,ThemedView
DA:11,0
DA:14,0
DA:16,0
LF:3
LH:0
BRDA:14,0,0,0
BRDA:14,0,1,0
BRDA:14,1,0,0
BRDA:14,1,1,0
BRDA:14,2,0,0
BRDA:14,2,1,0
BRDA:14,3,0,0
BRDA:14,3,1,0
BRF:8
BRH:0
end_of_record
TN:
SF:client\src\components\TypingIndicator.tsx
FN:16,TypingIndicator
FN:22,(anonymous_1)
FN:23,(anonymous_2)
FN:38,(anonymous_3)
FN:39,(anonymous_4)
FNF:5
FNH:0
FNDA:0,TypingIndicator
FNDA:0,(anonymous_1)
FNDA:0,(anonymous_2)
FNDA:0,(anonymous_3)
FNDA:0,(anonymous_4)
DA:17,0
DA:18,0
DA:19,0
DA:20,0
DA:22,0
DA:23,0
DA:24,0
DA:33,0
DA:34,0
DA:35,0
DA:38,0
DA:39,0
DA:44,0
DA:45,0
DA:46,0
DA:48,0
DA:59,0
LF:17
LH:0
BRF:0
BRH:0
end_of_record
TN:
SF:client\src\components\ui\SearchInput.tsx
FN:22,SearchInput
FN:33,(anonymous_1)
FN:37,(anonymous_2)
FN:42,(anonymous_3)
FN:47,(anonymous_4)
FNF:5
FNH:0
FNDA:0,SearchInput
FNDA:0,(anonymous_1)
FNDA:0,(anonymous_2)
FNDA:0,(anonymous_3)
FNDA:0,(anonymous_4)
DA:22,0
DA:29,0
DA:30,0
DA:31,0
DA:33,0
DA:37,0
DA:38,0
DA:39,0
DA:42,0
DA:43,0
DA:44,0
DA:47,0
DA:48,0
DA:60,0
DA:86,0
LF:15
LH:0
BRDA:25,0,0,0
BRDA:54,1,0,0
BRDA:54,1,1,0
BRDA:55,2,0,0
BRDA:55,2,1,0
BRDA:77,3,0,0
BRDA:77,3,1,0
BRF:7
BRH:0
end_of_record
TN:
SF:client\src\constants\theme.ts
FNF:0
FNH:0
DA:3,1
DA:76,1
DA:93,1
DA:106,1
DA:149,1
DA:173,1
LF:6
LH:6
BRF:0
BRH:0
end_of_record
TN:
SF:client\src\core\index.ts
FNF:0
FNH:0
LF:0
LH:0
BRF:0
BRH:0
end_of_record
TN:
SF:client\src\core\accessibility\AccessibilityManager.ts
FN:53,(anonymous_0)
FN:57,(anonymous_1)
FN:87,(anonymous_2)
FN:91,(anonymous_3)
FN:95,(anonymous_4)
FN:99,(anonymous_5)
FN:115,(anonymous_6)
FN:124,(anonymous_7)
FN:139,(anonymous_8)
FN:145,(anonymous_9)
FN:146,(anonymous_10)
FN:150,(anonymous_11)
FN:154,(anonymous_12)
FN:158,(anonymous_13)
FN:164,(anonymous_14)
FN:174,(anonymous_15)
FN:184,(anonymous_16)
FN:191,(anonymous_17)
FN:214,(anonymous_18)
FN:219,(anonymous_19)
FN:223,(anonymous_20)
FN:228,(anonymous_21)
FN:237,(anonymous_22)
FN:242,(anonymous_23)
FN:247,(anonymous_24)
FN:263,(anonymous_25)
FN:275,(anonymous_26)
FN:314,(anonymous_27)
FN:326,(anonymous_28)
FN:329,(anonymous_29)
FN:340,(anonymous_30)
FN:348,(anonymous_31)
FNF:32
FNH:0
FNDA:0,(anonymous_0)
FNDA:0,(anonymous_1)
FNDA:0,(anonymous_2)
FNDA:0,(anonymous_3)
FNDA:0,(anonymous_4)
FNDA:0,(anonymous_5)
FNDA:0,(anonymous_6)
FNDA:0,(anonymous_7)
FNDA:0,(anonymous_8)
FNDA:0,(anonymous_9)
FNDA:0,(anonymous_10)
FNDA:0,(anonymous_11)
FNDA:0,(anonymous_12)
FNDA:0,(anonymous_13)
FNDA:0,(anonymous_14)
FNDA:0,(anonymous_15)
FNDA:0,(anonymous_16)
FNDA:0,(anonymous_17)
FNDA:0,(anonymous_18)
FNDA:0,(anonymous_19)
FNDA:0,(anonymous_20)
FNDA:0,(anonymous_21)
FNDA:0,(anonymous_22)
FNDA:0,(anonymous_23)
FNDA:0,(anonymous_24)
FNDA:0,(anonymous_25)
FNDA:0,(anonymous_26)
FNDA:0,(anonymous_27)
FNDA:0,(anonymous_28)
FNDA:0,(anonymous_29)
FNDA:0,(anonymous_30)
FNDA:0,(anonymous_31)
DA:12,0
DA:42,0
DA:51,0
DA:54,0
DA:58,0
DA:60,0
DA:67,0
DA:77,0
DA:78,0
DA:79,0
DA:81,0
DA:83,0
DA:87,0
DA:88,0
DA:91,0
DA:92,0
DA:95,0
DA:96,0
DA:100,0
DA:102,0
DA:103,0
DA:107,0
DA:108,0
DA:110,0
DA:111,0
DA:116,0
DA:117,0
DA:119,0
DA:120,0
DA:125,0
DA:126,0
DA:127,0
DA:128,0
DA:132,0
DA:134,0
DA:135,0
DA:140,0
DA:141,0
DA:142,0
DA:146,0
DA:151,0
DA:155,0
DA:156,0
DA:158,0
DA:159,0
DA:165,0
DA:166,0
DA:168,0
DA:169,0
DA:171,0
DA:176,0
DA:179,0
DA:180,0
DA:181,0
DA:184,0
DA:185,0
DA:188,0
DA:196,0
DA:198,0
DA:215,0
DA:220,0
DA:224,0
DA:229,0
DA:230,0
DA:238,0
DA:243,0
DA:253,0
DA:255,0
DA:256,0
DA:257,0
DA:259,0
DA:264,0
DA:266,0
DA:267,0
DA:269,0
DA:285,0
DA:286,0
DA:289,0
DA:290,0
DA:294,0
DA:295,0
DA:299,0
DA:300,0
DA:301,0
DA:302,0
DA:306,0
DA:315,0
DA:316,0
DA:317,0
DA:318,0
DA:323,0
DA:326,0
DA:327,0
DA:329,0
DA:330,0
DA:331,0
DA:334,0
DA:340,0
DA:346,0
DA:348,0
DA:349,0
LF:101
LH:0
BRDA:63,0,0,0
BRDA:63,0,1,0
BRDA:102,1,0,0
BRDA:102,1,1,0
BRDA:103,2,0,0
BRDA:103,2,1,0
BRDA:108,3,0,0
BRDA:108,3,1,0
BRDA:117,4,0,0
BRDA:117,4,1,0
BRDA:126,5,0,0
BRDA:126,5,1,0
BRDA:127,6,0,0
BRDA:127,6,1,0
BRDA:185,7,0,0
BRDA:185,7,1,0
BRDA:194,8,0,0
BRDA:202,9,0,0
BRDA:202,9,1,0
BRDA:207,10,0,0
BRDA:207,10,1,0
BRDA:215,11,0,0
BRDA:215,11,1,0
BRDA:224,12,0,0
BRDA:224,12,1,0
BRDA:255,13,0,0
BRDA:255,13,1,0
BRDA:256,14,0,0
BRDA:256,14,1,0
BRDA:257,15,0,0
BRDA:257,15,1,0
BRDA:264,16,0,0
BRDA:264,16,1,0
BRDA:266,17,0,0
BRDA:266,17,1,0
BRDA:289,18,0,0
BRDA:289,18,1,0
BRDA:289,19,0,0
BRDA:289,19,1,0
BRDA:294,20,0,0
BRDA:294,20,1,0
BRDA:294,21,0,0
BRDA:294,21,1,0
BRDA:299,22,0,0
BRDA:299,22,1,0
BRDA:299,23,0,0
BRDA:299,23,1,0
BRDA:299,23,2,0
BRDA:300,24,0,0
BRDA:300,24,1,0
BRDA:301,25,0,0
BRDA:301,25,1,0
BRDA:349,26,0,0
BRDA:349,26,1,0
BRF:54
BRH:0
end_of_record
TN:
SF:client\src\core\bundle\BundleOptimizer.ts
FN:46,(anonymous_0)
FN:51,(anonymous_1)
FN:60,(anonymous_2)
FN:65,(anonymous_3)
FN:72,(anonymous_4)
FN:74,(anonymous_5)
FN:75,(anonymous_6)
FN:76,(anonymous_7)
FN:77,(anonymous_8)
FN:82,(anonymous_9)
FN:93,(anonymous_10)
FN:129,(anonymous_11)
FN:134,(anonymous_12)
FN:153,(anonymous_13)
FN:157,(anonymous_14)
FN:181,(anonymous_15)
FN:184,(anonymous_16)
FN:199,(anonymous_17)
FN:214,(anonymous_18)
FN:229,(anonymous_19)
FN:233,(anonymous_20)
FN:236,(anonymous_21)
FN:247,(anonymous_22)
FN:266,(anonymous_23)
FN:280,(anonymous_24)
FN:283,(anonymous_25)
FN:293,(anonymous_26)
FN:297,(anonymous_27)
FN:309,(anonymous_28)
FN:325,(anonymous_29)
FN:330,(anonymous_30)
FN:333,(anonymous_31)
FNF:32
FNH:0
FNDA:0,(anonymous_0)
FNDA:0,(anonymous_1)
FNDA:0,(anonymous_2)
FNDA:0,(anonymous_3)
FNDA:0,(anonymous_4)
FNDA:0,(anonymous_5)
FNDA:0,(anonymous_6)
FNDA:0,(anonymous_7)
FNDA:0,(anonymous_8)
FNDA:0,(anonymous_9)
FNDA:0,(anonymous_10)
FNDA:0,(anonymous_11)
FNDA:0,(anonymous_12)
FNDA:0,(anonymous_13)
FNDA:0,(anonymous_14)
FNDA:0,(anonymous_15)
FNDA:0,(anonymous_16)
FNDA:0,(anonymous_17)
FNDA:0,(anonymous_18)
FNDA:0,(anonymous_19)
FNDA:0,(anonymous_20)
FNDA:0,(anonymous_21)
FNDA:0,(anonymous_22)
FNDA:0,(anonymous_23)
FNDA:0,(anonymous_24)
FNDA:0,(anonymous_25)
FNDA:0,(anonymous_26)
FNDA:0,(anonymous_27)
FNDA:0,(anonymous_28)
FNDA:0,(anonymous_29)
FNDA:0,(anonymous_30)
FNDA:0,(anonymous_31)
DA:20,0
DA:44,0
DA:47,0
DA:51,0
DA:52,0
DA:53,0
DA:54,0
DA:57,0
DA:59,0
DA:61,0
DA:62,0
DA:63,0
DA:66,0
DA:67,0
DA:72,0
DA:73,0
DA:74,0
DA:75,0
DA:76,0
DA:77,0
DA:80,0
DA:81,0
DA:83,0
DA:86,0
DA:88,0
DA:93,0
DA:94,0
DA:97,0
DA:106,0
DA:107,0
DA:108,0
DA:116,0
DA:117,0
DA:127,0
DA:128,0
DA:129,0
DA:134,0
DA:138,0
DA:141,0
DA:143,0
DA:144,0
DA:146,0
DA:148,0
DA:149,0
DA:153,0
DA:154,0
DA:157,0
DA:158,0
DA:159,0
DA:166,0
DA:167,0
DA:168,0
DA:174,0
DA:175,0
DA:181,0
DA:182,0
DA:183,0
DA:184,0
DA:189,0
DA:190,0
DA:192,0
DA:195,0
DA:199,0
DA:200,0
DA:205,0
DA:206,0
DA:207,0
DA:208,0
DA:210,0
DA:214,0
DA:215,0
DA:216,0
DA:220,0
DA:222,0
DA:229,0
DA:233,0
DA:236,0
DA:247,0
DA:254,0
DA:255,0
DA:258,0
DA:259,0
DA:260,0
DA:261,0
DA:262,0
DA:266,0
DA:267,0
DA:268,0
DA:272,0
DA:280,0
DA:283,0
DA:284,0
DA:285,0
DA:290,0
DA:293,0
DA:294,0
DA:295,0
DA:297,0
DA:298,0
DA:299,0
DA:300,0
DA:301,0
DA:303,0
DA:305,0
DA:309,0
DA:310,0
DA:313,0
DA:325,0
DA:326,0
DA:330,0
DA:331,0
DA:333,0
DA:334,0
DA:336,0
DA:337,0
DA:340,0
DA:341,0
LF:117
LH:0
BRDA:46,0,0,0
BRDA:52,1,0,0
BRDA:52,1,1,0
BRDA:106,2,0,0
BRDA:106,2,1,0
BRDA:158,3,0,0
BRDA:158,3,1,0
BRDA:166,4,0,0
BRDA:166,4,1,0
BRDA:167,5,0,0
BRDA:167,5,1,0
BRDA:174,6,0,0
BRDA:174,6,1,0
BRDA:182,7,0,0
BRDA:182,7,1,0
BRDA:189,8,0,0
BRDA:189,8,1,0
BRDA:215,9,0,0
BRDA:215,9,1,0
BRDA:239,10,0,0
BRDA:239,10,1,0
BRDA:240,11,0,0
BRDA:240,11,1,0
BRDA:241,12,0,0
BRDA:241,12,1,0
BRDA:258,13,0,0
BRDA:258,13,1,0
BRDA:259,14,0,0
BRDA:259,14,1,0
BRDA:261,15,0,0
BRDA:261,15,1,0
BRDA:267,16,0,0
BRDA:267,16,1,0
BRDA:331,17,0,0
BRDA:331,17,1,0
BRDA:336,18,0,0
BRDA:336,18,1,0
BRDA:340,19,0,0
BRDA:340,19,1,0
BRF:39
BRH:0
end_of_record
TN:
SF:client\src\core\di\Container.ts
FN:34,(anonymous_0)
FN:39,(anonymous_1)
FN:44,(anonymous_2)
FN:63,(anonymous_3)
FN:68,(anonymous_4)
FN:78,initializeContainer
FN:80,(anonymous_6)
FN:81,(anonymous_7)
FN:84,(anonymous_8)
FN:90,(anonymous_9)
FN:98,useChatRepository
FN:102,useUserRepository
FNF:12
FNH:0
FNDA:0,(anonymous_0)
FNDA:0,(anonymous_1)
FNDA:0,(anonymous_2)
FNDA:0,(anonymous_3)
FNDA:0,(anonymous_4)
FNDA:0,initializeContainer
FNDA:0,(anonymous_6)
FNDA:0,(anonymous_7)
FNDA:0,(anonymous_8)
FNDA:0,(anonymous_9)
FNDA:0,useChatRepository
FNDA:0,useUserRepository
DA:14,0
DA:30,0
DA:31,0
DA:35,0
DA:40,0
DA:46,0
DA:47,0
DA:48,0
DA:52,0
DA:53,0
DA:54,0
DA:55,0
DA:56,0
DA:59,0
DA:64,0
DA:69,0
DA:70,0
DA:75,0
DA:80,0
DA:81,0
DA:84,0
DA:85,0
DA:86,0
DA:87,0
DA:90,0
DA:91,0
DA:92,0
DA:93,0
DA:99,0
DA:103,0
LF:30
LH:0
BRDA:47,0,0,0
BRDA:47,0,1,0
BRDA:53,1,0,0
BRDA:53,1,1,0
BRDA:64,2,0,0
BRDA:64,2,1,0
BRF:6
BRH:0
end_of_record
TN:
SF:client\src\core\di\index.ts
FNF:0
FNH:0
LF:0
LH:0
BRF:0
BRH:0
end_of_record
TN:
SF:client\src\core\errorHandling\SentryBreadcrumbs.tsx
FN:11,(anonymous_0)
FN:12,(anonymous_1)
FN:13,(anonymous_2)
FN:52,(anonymous_3)
FN:59,(anonymous_4)
FN:70,(anonymous_5)
FN:86,(anonymous_6)
FN:96,(anonymous_7)
FN:110,(anonymous_8)
FN:120,(anonymous_9)
FN:138,(anonymous_10)
FN:151,(anonymous_11)
FN:167,(anonymous_12)
FN:179,(anonymous_13)
FN:220,(anonymous_14)
FN:228,(anonymous_15)
FN:273,(anonymous_16)
FN:276,(anonymous_17)
FN:280,(anonymous_18)
FN:281,(anonymous_19)
FN:319,(anonymous_20)
FN:337,(anonymous_21)
FN:341,(anonymous_22)
FN:345,(anonymous_23)
FN:353,(anonymous_24)
FN:357,(anonymous_25)
FN:370,(anonymous_26)
FN:374,(anonymous_27)
FN:410,(anonymous_28)
FN:416,(anonymous_29)
FNF:30
FNH:0
FNDA:0,(anonymous_0)
FNDA:0,(anonymous_1)
FNDA:0,(anonymous_2)
FNDA:0,(anonymous_3)
FNDA:0,(anonymous_4)
FNDA:0,(anonymous_5)
FNDA:0,(anonymous_6)
FNDA:0,(anonymous_7)
FNDA:0,(anonymous_8)
FNDA:0,(anonymous_9)
FNDA:0,(anonymous_10)
FNDA:0,(anonymous_11)
FNDA:0,(anonymous_12)
FNDA:0,(anonymous_13)
FNDA:0,(anonymous_14)
FNDA:0,(anonymous_15)
FNDA:0,(anonymous_16)
FNDA:0,(anonymous_17)
FNDA:0,(anonymous_18)
FNDA:0,(anonymous_19)
FNDA:0,(anonymous_20)
FNDA:0,(anonymous_21)
FNDA:0,(anonymous_22)
FNDA:0,(anonymous_23)
FNDA:0,(anonymous_24)
FNDA:0,(anonymous_25)
FNDA:0,(anonymous_26)
FNDA:0,(anonymous_27)
FNDA:0,(anonymous_28)
FNDA:0,(anonymous_29)
DA:10,0
DA:11,0
DA:12,0
DA:13,0
DA:52,0
DA:53,0
DA:54,0
DA:55,0
DA:56,0
DA:59,0
DA:60,0
DA:69,0
DA:71,0
DA:86,0
DA:87,0
DA:96,0
DA:97,0
DA:110,0
DA:111,0
DA:120,0
DA:121,0
DA:122,0
DA:123,0
DA:124,0
DA:127,0
DA:133,0
DA:138,0
DA:139,0
DA:140,0
DA:151,0
DA:160,0
DA:162,0
DA:167,0
DA:169,0
DA:175,0
DA:179,0
DA:180,0
DA:186,0
DA:220,0
DA:225,0
DA:227,0
DA:230,0
DA:237,0
DA:238,0
DA:242,0
DA:260,0
DA:267,0
DA:273,0
DA:274,0
DA:276,0
DA:277,0
DA:280,0
DA:281,0
DA:283,0
DA:289,0
DA:290,0
DA:291,0
DA:297,0
DA:300,0
DA:319,0
DA:320,0
DA:321,0
DA:325,0
DA:328,0
DA:330,0
DA:337,0
DA:338,0
DA:341,0
DA:342,0
DA:345,0
DA:346,0
DA:347,0
DA:351,0
DA:353,0
DA:357,0
DA:358,0
DA:360,0
DA:361,0
DA:362,0
DA:365,0
DA:370,0
DA:371,0
DA:372,0
DA:374,0
DA:375,0
DA:376,0
DA:377,0
DA:378,0
DA:381,0
DA:382,0
DA:385,0
DA:386,0
DA:393,0
DA:397,0
DA:400,0
DA:410,0
DA:411,0
DA:414,0
DA:416,0
DA:417,0
DA:418,0
DA:420,0
DA:421,0
DA:423,0
DA:425,0
DA:426,0
DA:433,0
DA:435,0
DA:436,0
DA:437,0
LF:110
LH:0
BRDA:62,0,0,0
BRDA:62,0,1,0
BRDA:99,1,0,0
BRDA:99,1,1,0
BRDA:121,2,0,0
BRDA:121,2,1,0
BRDA:123,3,0,0
BRDA:123,3,1,0
BRDA:130,4,0,0
BRDA:130,4,1,0
BRDA:182,5,0,0
BRDA:182,5,1,0
BRDA:237,6,0,0
BRDA:237,6,1,0
BRDA:274,7,0,0
BRDA:274,7,1,0
BRDA:274,7,2,0
BRDA:290,8,0,0
BRDA:290,8,1,0
BRDA:290,9,0,0
BRDA:290,9,1,0
BRDA:320,10,0,0
BRDA:320,10,1,0
BRDA:360,11,0,0
BRDA:360,11,1,0
BRDA:381,12,0,0
BRDA:381,12,1,0
BRDA:385,13,0,0
BRDA:385,13,1,0
BRF:29
BRH:0
end_of_record
TN:
SF:client\src\core\errors\AppError.ts
FN:29,(anonymous_0)
FN:47,(anonymous_1)
FN:55,(anonymous_2)
FN:63,(anonymous_3)
FN:71,(anonymous_4)
FN:79,(anonymous_5)
FN:87,(anonymous_6)
FN:94,(anonymous_7)
FN:102,(anonymous_8)
FN:109,(anonymous_9)
FN:124,handleError
FN:146,withErrorHandling
FN:160,(anonymous_12)
FN:163,(anonymous_13)
FN:176,safeExecute
FN:189,(anonymous_15)
FN:195,(anonymous_16)
FNF:17
FNH:13
FNDA:4252,(anonymous_0)
FNDA:1002,(anonymous_1)
FNDA:1,(anonymous_2)
FNDA:1,(anonymous_3)
FNDA:6,(anonymous_4)
FNDA:1,(anonymous_5)
FNDA:1,(anonymous_6)
FNDA:1,(anonymous_7)
FNDA:1,(anonymous_8)
FNDA:2,(anonymous_9)
FNDA:2196,handleError
FNDA:2260,withErrorHandling
FNDA:0,(anonymous_12)
FNDA:1130,(anonymous_13)
FNDA:0,safeExecute
FNDA:0,(anonymous_15)
FNDA:0,(anonymous_16)
DA:30,4252
DA:31,4252
DA:32,4252
DA:33,4252
DA:34,4252
DA:35,4252
DA:39,4252
DA:42,4252
DA:43,4252
DA:48,1002
DA:56,1
DA:64,1
DA:72,6
DA:80,1
DA:88,1
DA:95,1
DA:103,1
DA:110,2
DA:125,2196
DA:126,4
DA:129,2192
DA:130,2127
DA:137,65
DA:150,2260
DA:151,2260
DA:153,1134
DA:155,1134
DA:156,4
DA:159,1130
DA:161,0
DA:165,1130
DA:169,1133
DA:181,0
DA:182,0
DA:183,0
DA:185,0
DA:188,0
DA:190,0
DA:196,0
DA:199,0
LF:40
LH:31
BRDA:42,0,0,4252
BRDA:42,0,1,0
BRDA:47,1,0,0
BRDA:55,2,0,0
BRDA:71,3,0,0
BRDA:79,4,0,0
BRDA:94,5,0,0
BRDA:102,6,0,0
BRDA:125,7,0,4
BRDA:125,7,1,2192
BRDA:129,8,0,2127
BRDA:129,8,1,65
BRDA:155,9,0,4
BRDA:155,9,1,1130
BRF:14
BRH:7
end_of_record
TN:
SF:client\src\core\errors\index.ts
FNF:0
FNH:0
LF:0
LH:0
BRF:0
BRH:0
end_of_record
TN:
SF:client\src\core\featureFlags\FeatureFlags.ts
FN:57,(anonymous_0)
FN:66,(anonymous_1)
FN:73,(anonymous_2)
FN:219,(anonymous_3)
FN:232,(anonymous_4)
FN:252,(anonymous_5)
FN:258,(anonymous_6)
FN:277,(anonymous_7)
FN:310,(anonymous_8)
FN:315,(anonymous_9)
FN:332,(anonymous_10)
FN:342,(anonymous_11)
FN:350,(anonymous_12)
FN:351,(anonymous_13)
FN:361,getHashForUser
FN:374,evaluateConditions
FN:375,(anonymous_16)
FN:400,evaluateStringCondition
FN:414,evaluateValueCondition
FN:428,evaluateVersionCondition
FN:443,evaluateDateCondition
FN:450,fetchFeatureFlagsFromRemote
FN:464,(anonymous_22)
FN:465,(anonymous_23)
FN:466,(anonymous_24)
FN:471,(anonymous_25)
FN:476,(anonymous_26)
FN:477,(anonymous_27)
FNF:28
FNH:0
FNDA:0,(anonymous_0)
FNDA:0,(anonymous_1)
FNDA:0,(anonymous_2)
FNDA:0,(anonymous_3)
FNDA:0,(anonymous_4)
FNDA:0,(anonymous_5)
FNDA:0,(anonymous_6)
FNDA:0,(anonymous_7)
FNDA:0,(anonymous_8)
FNDA:0,(anonymous_9)
FNDA:0,(anonymous_10)
FNDA:0,(anonymous_11)
FNDA:0,(anonymous_12)
FNDA:0,(anonymous_13)
FNDA:0,getHashForUser
FNDA:0,evaluateConditions
FNDA:0,(anonymous_16)
FNDA:0,evaluateStringCondition
FNDA:0,evaluateValueCondition
FNDA:0,evaluateVersionCondition
FNDA:0,evaluateDateCondition
FNDA:0,fetchFeatureFlagsFromRemote
FNDA:0,(anonymous_22)
FNDA:0,(anonymous_23)
FNDA:0,(anonymous_24)
FNDA:0,(anonymous_25)
FNDA:0,(anonymous_26)
FNDA:0,(anonymous_27)
DA:51,0
DA:56,0
DA:58,0
DA:59,0
DA:60,0
DA:62,0
DA:63,0
DA:67,0
DA:68,0
DA:70,0
DA:74,0
DA:75,0
DA:77,0
DA:83,0
DA:217,0
DA:219,0
DA:233,0
DA:235,0
DA:237,0
DA:240,0
DA:242,0
DA:244,0
DA:245,0
DA:247,0
DA:253,0
DA:254,0
DA:259,0
DA:260,0
DA:266,0
DA:273,0
DA:278,0
DA:279,0
DA:281,0
DA:282,0
DA:283,0
DA:287,0
DA:288,0
DA:292,0
DA:293,0
DA:294,0
DA:296,0
DA:297,0
DA:302,0
DA:303,0
DA:306,0
DA:311,0
DA:316,0
DA:319,0
DA:321,0
DA:322,0
DA:323,0
DA:326,0
DA:333,0
DA:338,0
DA:343,0
DA:350,0
DA:351,0
DA:362,0
DA:363,0
DA:365,0
DA:366,0
DA:367,0
DA:368,0
DA:371,0
DA:375,0
DA:376,0
DA:378,0
DA:381,0
DA:382,0
DA:385,0
DA:388,0
DA:391,0
DA:394,0
DA:395,0
DA:404,0
DA:406,0
DA:408,0
DA:410,0
DA:415,0
DA:417,0
DA:419,0
DA:420,0
DA:422,0
DA:424,0
DA:430,0
DA:431,0
DA:433,0
DA:435,0
DA:437,0
DA:439,0
DA:446,0
DA:451,0
DA:456,0
DA:458,0
DA:459,0
DA:464,0
DA:465,0
DA:466,0
DA:468,0
DA:471,0
DA:472,0
DA:474,0
DA:476,0
DA:477,0
LF:104
LH:0
BRDA:53,0,0,0
BRDA:53,0,1,0
BRDA:60,1,0,0
BRDA:60,1,1,0
BRDA:225,2,0,0
BRDA:225,2,1,0
BRDA:245,3,0,0
BRDA:245,3,1,0
BRDA:281,4,0,0
BRDA:281,4,1,0
BRDA:287,5,0,0
BRDA:287,5,1,0
BRDA:292,6,0,0
BRDA:292,6,1,0
BRDA:293,7,0,0
BRDA:293,7,1,0
BRDA:296,8,0,0
BRDA:296,8,1,0
BRDA:302,9,0,0
BRDA:302,9,1,0
BRDA:302,10,0,0
BRDA:302,10,1,0
BRDA:321,11,0,0
BRDA:321,11,1,0
BRDA:376,12,0,0
BRDA:376,12,1,0
BRDA:376,12,2,0
BRDA:376,12,3,0
BRDA:376,12,4,0
BRDA:376,12,5,0
BRDA:404,13,0,0
BRDA:404,13,1,0
BRDA:404,13,2,0
BRDA:408,14,0,0
BRDA:408,14,1,0
BRDA:415,15,0,0
BRDA:415,15,1,0
BRDA:415,15,2,0
BRDA:419,16,0,0
BRDA:419,16,1,0
BRDA:431,17,0,0
BRDA:431,17,1,0
BRDA:431,17,2,0
BRDA:431,17,3,0
BRF:44
BRH:0
end_of_record
TN:
SF:client\src\core\i18n\i18n.ts
FN:145,(anonymous_0)
FN:149,(anonymous_1)
FN:159,(anonymous_2)
FN:174,(anonymous_3)
FN:176,(anonymous_4)
FN:236,(anonymous_5)
FN:275,(anonymous_6)
FN:277,(anonymous_7)
FN:310,(anonymous_8)
FN:311,(anonymous_9)
FN:314,(anonymous_10)
FN:318,(anonymous_11)
FN:325,(anonymous_12)
FN:335,(anonymous_13)
FN:349,(anonymous_14)
FN:379,(anonymous_15)
FN:385,(anonymous_16)
FN:394,(anonymous_17)
FN:410,(anonymous_18)
FN:428,(anonymous_19)
FN:431,(anonymous_20)
FN:432,(anonymous_21)
FN:438,(anonymous_22)
FNF:23
FNH:0
FNDA:0,(anonymous_0)
FNDA:0,(anonymous_1)
FNDA:0,(anonymous_2)
FNDA:0,(anonymous_3)
FNDA:0,(anonymous_4)
FNDA:0,(anonymous_5)
FNDA:0,(anonymous_6)
FNDA:0,(anonymous_7)
FNDA:0,(anonymous_8)
FNDA:0,(anonymous_9)
FNDA:0,(anonymous_10)
FNDA:0,(anonymous_11)
FNDA:0,(anonymous_12)
FNDA:0,(anonymous_13)
FNDA:0,(anonymous_14)
FNDA:0,(anonymous_15)
FNDA:0,(anonymous_16)
FNDA:0,(anonymous_17)
FNDA:0,(anonymous_18)
FNDA:0,(anonymous_19)
FNDA:0,(anonymous_20)
FNDA:0,(anonymous_21)
FNDA:0,(anonymous_22)
DA:24,0
DA:145,0
DA:146,0
DA:148,0
DA:149,0
DA:150,0
DA:155,0
DA:157,0
DA:158,0
DA:159,0
DA:160,0
DA:161,0
DA:166,0
DA:168,0
DA:169,0
DA:174,0
DA:175,0
DA:176,0
DA:178,0
DA:180,0
DA:181,0
DA:182,0
DA:186,0
DA:188,0
DA:217,0
DA:220,0
DA:222,0
DA:228,0
DA:230,0
DA:231,0
DA:236,0
DA:237,0
DA:239,0
DA:240,0
DA:242,0
DA:244,0
DA:246,0
DA:247,0
DA:250,0
DA:251,0
DA:253,0
DA:256,0
DA:257,0
DA:258,0
DA:259,0
DA:261,0
DA:268,0
DA:271,0
DA:275,0
DA:276,0
DA:277,0
DA:278,0
DA:279,0
DA:283,0
DA:284,0
DA:287,0
DA:288,0
DA:293,0
DA:296,0
DA:298,0
DA:304,0
DA:305,0
DA:310,0
DA:311,0
DA:314,0
DA:315,0
DA:318,0
DA:319,0
DA:320,0
DA:322,0
DA:325,0
DA:326,0
DA:327,0
DA:329,0
DA:335,0
DA:336,0
DA:337,0
DA:339,0
DA:342,0
DA:343,0
DA:344,0
DA:346,0
DA:349,0
DA:350,0
DA:352,0
DA:353,0
DA:354,0
DA:355,0
DA:356,0
DA:357,0
DA:359,0
DA:360,0
DA:363,0
DA:364,0
DA:367,0
DA:368,0
DA:371,0
DA:372,0
DA:375,0
DA:379,0
DA:383,0
DA:385,0
DA:386,0
DA:388,0
DA:389,0
DA:391,0
DA:392,0
DA:393,0
DA:394,0
DA:395,0
DA:401,0
DA:406,0
DA:409,0
DA:410,0
DA:411,0
DA:416,0
DA:418,0
DA:428,0
DA:429,0
DA:431,0
DA:432,0
DA:433,0
DA:436,0
DA:438,0
DA:439,0
DA:443,0
LF:126
LH:0
BRDA:149,0,0,0
BRDA:149,0,1,0
BRDA:149,1,0,0
BRDA:149,1,1,0
BRDA:155,2,0,0
BRDA:155,2,1,0
BRDA:157,3,0,0
BRDA:157,3,1,0
BRDA:160,4,0,0
BRDA:160,4,1,0
BRDA:175,5,0,0
BRDA:175,5,1,0
BRDA:176,6,0,0
BRDA:176,6,1,0
BRDA:180,7,0,0
BRDA:180,7,1,0
BRDA:256,8,0,0
BRDA:256,8,1,0
BRDA:278,9,0,0
BRDA:278,9,1,0
BRDA:283,10,0,0
BRDA:283,10,1,0
BRDA:287,11,0,0
BRDA:287,11,1,0
BRDA:287,12,0,0
BRDA:287,12,1,0
BRDA:315,13,0,0
BRDA:315,13,1,0
BRDA:320,14,0,0
BRDA:320,14,1,0
BRDA:327,15,0,0
BRDA:327,15,1,0
BRDA:327,15,2,0
BRDA:337,16,0,0
BRDA:337,16,1,0
BRDA:337,16,2,0
BRDA:339,17,0,0
BRDA:339,17,1,0
BRDA:339,18,0,0
BRDA:339,18,1,0
BRDA:350,19,0,0
BRDA:350,19,1,0
BRDA:350,20,0,0
BRDA:350,20,1,0
BRDA:359,21,0,0
BRDA:359,21,1,0
BRDA:363,22,0,0
BRDA:363,22,1,0
BRDA:367,23,0,0
BRDA:367,23,1,0
BRDA:371,24,0,0
BRDA:371,24,1,0
BRDA:381,25,0,0
BRDA:386,26,0,0
BRDA:386,26,1,0
BRDA:388,27,0,0
BRDA:388,27,1,0
BRDA:388,28,0,0
BRDA:388,28,1,0
BRDA:393,29,0,0
BRDA:393,29,1,0
BRDA:395,30,0,0
BRDA:395,30,1,0
BRDA:396,31,0,0
BRDA:396,31,1,0
BRDA:396,31,2,0
BRDA:396,31,3,0
BRDA:409,32,0,0
BRDA:409,32,1,0
BRDA:409,33,0,0
BRDA:409,33,1,0
BRDA:411,34,0,0
BRDA:411,34,1,0
BRF:73
BRH:0
end_of_record
TN:
SF:client\src\core\logger\Logger.ts
FN:42,(anonymous_0)
FN:54,(anonymous_1)
FN:58,(anonymous_2)
FN:62,(anonymous_3)
FN:66,(anonymous_4)
FN:85,(anonymous_5)
FN:105,(anonymous_6)
FN:127,(anonymous_7)
FN:142,(anonymous_8)
FN:146,(anonymous_9)
FN:150,(anonymous_10)
FN:154,(anonymous_11)
FN:159,(anonymous_12)
FN:164,(anonymous_13)
FN:166,(anonymous_14)
FN:173,(anonymous_15)
FN:178,(anonymous_16)
FN:187,(anonymous_17)
FN:189,(anonymous_18)
FN:191,(anonymous_19)
FN:193,(anonymous_20)
FN:195,(anonymous_21)
FNF:22
FNH:21
FNDA:24,(anonymous_0)
FNDA:24,(anonymous_1)
FNDA:4,(anonymous_2)
FNDA:1443,(anonymous_3)
FNDA:1443,(anonymous_4)
FNDA:1443,(anonymous_5)
FNDA:1432,(anonymous_6)
FNDA:0,(anonymous_7)
FNDA:17,(anonymous_8)
FNDA:1384,(anonymous_9)
FNDA:12,(anonymous_10)
FNDA:23,(anonymous_11)
FNDA:7,(anonymous_12)
FNDA:2,(anonymous_13)
FNDA:1,(anonymous_14)
FNDA:2,(anonymous_15)
FNDA:2,(anonymous_16)
FNDA:1,(anonymous_17)
FNDA:2,(anonymous_18)
FNDA:1,(anonymous_19)
FNDA:1,(anonymous_20)
FNDA:1,(anonymous_21)
DA:28,12
DA:38,24
DA:43,24
DA:51,24
DA:55,24
DA:59,4
DA:63,1443
DA:73,1443
DA:86,1443
DA:89,1433
DA:90,1433
DA:91,923
DA:95,1433
DA:96,1432
DA:100,1433
DA:101,0
DA:106,1432
DA:107,1432
DA:108,1432
DA:110,1432
DA:112,13
DA:113,13
DA:115,1380
DA:116,1380
DA:118,10
DA:119,10
DA:122,29
DA:123,29
DA:128,0
DA:130,0
DA:131,0
DA:143,17
DA:147,1384
DA:151,12
DA:155,23
DA:156,23
DA:160,7
DA:165,2
DA:166,2
DA:167,1
DA:168,1
DA:174,2
DA:179,2
DA:184,12
DA:187,12
DA:188,1
DA:189,12
DA:190,2
DA:191,12
DA:192,1
DA:193,12
DA:194,1
DA:195,12
DA:196,1
LF:54
LH:50
BRDA:42,0,0,15
BRDA:44,1,0,14
BRDA:44,1,1,10
BRDA:86,2,0,10
BRDA:86,2,1,1433
BRDA:90,3,0,923
BRDA:90,3,1,510
BRDA:95,4,0,1432
BRDA:95,4,1,1
BRDA:100,5,0,0
BRDA:100,5,1,1433
BRDA:100,6,0,1433
BRDA:100,6,1,0
BRDA:107,7,0,1172
BRDA:107,7,1,260
BRDA:110,8,0,13
BRDA:110,8,1,1380
BRDA:110,8,2,10
BRDA:110,8,3,22
BRDA:110,8,4,29
BRDA:112,9,0,13
BRDA:112,9,1,12
BRDA:115,10,0,1380
BRDA:115,10,1,268
BRDA:118,11,0,10
BRDA:118,11,1,8
BRDA:122,12,0,29
BRDA:122,12,1,22
BRDA:122,13,0,29
BRDA:122,13,1,9
BRDA:128,14,0,0
BRDA:128,14,1,0
BRDA:155,15,0,17
BRDA:155,15,1,6
BRF:34
BRH:30
end_of_record
TN:
SF:client\src\core\logger\index.ts
FNF:0
FNH:0
LF:0
LH:0
BRF:0
BRH:0
end_of_record
TN:
SF:client\src\core\media\MediaPicker.ts
FN:32,(anonymous_0)
FN:51,(anonymous_1)
FN:79,(anonymous_2)
FN:134,(anonymous_3)
FN:159,(anonymous_4)
FN:181,(anonymous_5)
FN:183,(anonymous_6)
FN:190,(anonymous_7)
FN:192,(anonymous_8)
FN:199,(anonymous_9)
FN:210,(anonymous_10)
FN:217,(anonymous_11)
FN:224,(anonymous_12)
FN:231,(anonymous_13)
FNF:14
FNH:0
FNDA:0,(anonymous_0)
FNDA:0,(anonymous_1)
FNDA:0,(anonymous_2)
FNDA:0,(anonymous_3)
FNDA:0,(anonymous_4)
FNDA:0,(anonymous_5)
FNDA:0,(anonymous_6)
FNDA:0,(anonymous_7)
FNDA:0,(anonymous_8)
FNDA:0,(anonymous_9)
FNDA:0,(anonymous_10)
FNDA:0,(anonymous_11)
FNDA:0,(anonymous_12)
FNDA:0,(anonymous_13)
DA:22,0
DA:33,0
DA:34,0
DA:35,0
DA:36,0
DA:37,0
DA:38,0
DA:39,0
DA:41,0
DA:43,0
DA:44,0
DA:52,0
DA:53,0
DA:54,0
DA:57,0
DA:58,0
DA:65,0
DA:66,0
DA:69,0
DA:70,0
DA:72,0
DA:80,0
DA:82,0
DA:83,0
DA:84,0
DA:87,0
DA:88,0
DA:94,0
DA:102,0
DA:103,0
DA:106,0
DA:108,0
DA:109,0
DA:112,0
DA:113,0
DA:115,0
DA:118,0
DA:120,0
DA:125,0
DA:127,0
DA:135,0
DA:136,0
DA:142,0
DA:143,0
DA:146,0
DA:147,0
DA:152,0
DA:160,0
DA:161,0
DA:167,0
DA:168,0
DA:171,0
DA:172,0
DA:174,0
DA:182,0
DA:183,0
DA:191,0
DA:192,0
DA:200,0
DA:211,0
DA:218,0
DA:225,0
DA:232,0
DA:233,0
DA:234,0
DA:235,0
DA:236,0
DA:237,0
DA:238,0
DA:243,0
DA:244,0
DA:245,0
DA:246,0
DA:247,0
DA:248,0
DA:249,0
LF:76
LH:0
BRDA:34,0,0,0
BRDA:34,0,1,0
BRDA:37,1,0,0
BRDA:37,1,1,0
BRDA:51,2,0,0
BRDA:53,3,0,0
BRDA:53,3,1,0
BRDA:65,4,0,0
BRDA:65,4,1,0
BRDA:65,5,0,0
BRDA:65,5,1,0
BRDA:65,5,2,0
BRDA:79,6,0,0
BRDA:83,7,0,0
BRDA:83,7,1,0
BRDA:102,8,0,0
BRDA:102,8,1,0
BRDA:102,9,0,0
BRDA:102,9,1,0
BRDA:112,10,0,0
BRDA:112,10,1,0
BRDA:142,11,0,0
BRDA:142,11,1,0
BRDA:142,12,0,0
BRDA:142,12,1,0
BRDA:142,12,2,0
BRDA:149,13,0,0
BRDA:149,13,1,0
BRDA:167,14,0,0
BRDA:167,14,1,0
BRDA:167,15,0,0
BRDA:167,15,1,0
BRDA:167,15,2,0
BRDA:183,16,0,0
BRDA:183,16,1,0
BRDA:192,17,0,0
BRDA:192,17,1,0
BRDA:199,18,0,0
BRDA:232,19,0,0
BRDA:232,19,1,0
BRDA:233,20,0,0
BRDA:233,20,1,0
BRDA:234,21,0,0
BRDA:234,21,1,0
BRDA:235,22,0,0
BRDA:235,22,1,0
BRDA:236,23,0,0
BRDA:236,23,1,0
BRDA:236,24,0,0
BRDA:236,24,1,0
BRDA:237,25,0,0
BRDA:237,25,1,0
BRDA:237,26,0,0
BRDA:237,26,1,0
BRF:54
BRH:0
end_of_record
TN:
SF:client\src\core\media\MediaProcessor.ts
FN:52,(anonymous_0)
FN:82,(anonymous_1)
FN:107,(anonymous_2)
FN:135,(anonymous_3)
FN:165,(anonymous_4)
FN:173,(anonymous_5)
FN:190,(anonymous_6)
FN:203,(anonymous_7)
FN:212,(anonymous_8)
FN:231,(anonymous_9)
FN:242,(anonymous_10)
FNF:11
FNH:0
FNDA:0,(anonymous_0)
FNDA:0,(anonymous_1)
FNDA:0,(anonymous_2)
FNDA:0,(anonymous_3)
FNDA:0,(anonymous_4)
FNDA:0,(anonymous_5)
FNDA:0,(anonymous_6)
FNDA:0,(anonymous_7)
FNDA:0,(anonymous_8)
FNDA:0,(anonymous_9)
FNDA:0,(anonymous_10)
DA:37,0
DA:44,0
DA:45,0
DA:46,0
DA:56,0
DA:57,0
DA:61,0
DA:63,0
DA:75,0
DA:83,0
DA:86,0
DA:88,0
DA:100,0
DA:108,0
DA:109,0
DA:112,0
DA:113,0
DA:116,0
DA:128,0
DA:136,0
DA:137,0
DA:140,0
DA:141,0
DA:144,0
DA:146,0
DA:158,0
DA:167,0
DA:174,0
DA:181,0
DA:182,0
DA:183,0
DA:191,0
DA:192,0
DA:193,0
DA:194,0
DA:196,0
DA:204,0
DA:205,0
DA:206,0
DA:213,0
DA:225,0
DA:232,0
DA:233,0
DA:234,0
DA:235,0
DA:236,0
DA:245,0
LF:47
LH:0
BRDA:54,0,0,0
BRDA:67,1,0,0
BRDA:67,1,1,0
BRDA:68,2,0,0
BRDA:68,2,1,0
BRDA:112,3,0,0
BRDA:112,3,1,0
BRDA:140,4,0,0
BRDA:140,4,1,0
BRDA:165,5,0,0
BRDA:181,6,0,0
BRDA:181,6,1,0
BRDA:225,7,0,0
BRDA:225,7,1,0
BRDA:232,8,0,0
BRDA:232,8,1,0
BRF:16
BRH:0
end_of_record
TN:
SF:client\src\core\media\MediaUploader.ts
FN:45,(anonymous_0)
FN:99,(anonymous_1)
FN:106,(anonymous_2)
FN:118,(anonymous_3)
FN:131,(anonymous_4)
FN:132,(anonymous_5)
FN:141,(anonymous_6)
FN:148,(anonymous_7)
FN:153,(anonymous_8)
FN:157,(anonymous_9)
FN:168,(anonymous_10)
FN:185,(anonymous_11)
FN:186,(anonymous_12)
FN:187,(anonymous_13)
FN:201,(anonymous_14)
FN:210,(anonymous_15)
FN:218,(anonymous_16)
FN:226,(anonymous_17)
FNF:18
FNH:0
FNDA:0,(anonymous_0)
FNDA:0,(anonymous_1)
FNDA:0,(anonymous_2)
FNDA:0,(anonymous_3)
FNDA:0,(anonymous_4)
FNDA:0,(anonymous_5)
FNDA:0,(anonymous_6)
FNDA:0,(anonymous_7)
FNDA:0,(anonymous_8)
FNDA:0,(anonymous_9)
FNDA:0,(anonymous_10)
FNDA:0,(anonymous_11)
FNDA:0,(anonymous_12)
FNDA:0,(anonymous_13)
FNDA:0,(anonymous_14)
FNDA:0,(anonymous_15)
FNDA:0,(anonymous_16)
FNDA:0,(anonymous_17)
DA:36,0
DA:37,0
DA:40,0
DA:46,0
DA:48,0
DA:50,0
DA:53,0
DA:54,0
DA:55,0
DA:56,0
DA:58,0
DA:59,0
DA:60,0
DA:63,0
DA:64,0
DA:65,0
DA:68,0
DA:70,0
DA:77,0
DA:80,0
DA:82,0
DA:84,0
DA:86,0
DA:88,0
DA:89,0
DA:92,0
DA:103,0
DA:105,0
DA:106,0
DA:107,0
DA:109,0
DA:112,0
DA:119,0
DA:120,0
DA:121,0
DA:122,0
DA:123,0
DA:125,0
DA:132,0
DA:133,0
DA:135,0
DA:142,0
DA:153,0
DA:154,0
DA:157,0
DA:158,0
DA:159,0
DA:164,0
DA:168,0
DA:169,0
DA:170,0
DA:171,0
DA:172,0
DA:178,0
DA:181,0
DA:185,0
DA:186,0
DA:187,0
DA:189,0
DA:190,0
DA:193,0
DA:194,0
DA:195,0
DA:198,0
DA:201,0
DA:202,0
DA:211,0
DA:212,0
DA:220,0
DA:227,0
DA:232,0
LF:71
LH:0
BRDA:36,0,0,0
BRDA:36,0,1,0
BRDA:58,1,0,0
BRDA:58,1,1,0
BRDA:59,2,0,0
BRDA:59,2,1,0
BRDA:60,3,0,0
BRDA:60,3,1,0
BRDA:63,4,0,0
BRDA:63,4,1,0
BRDA:88,5,0,0
BRDA:88,5,1,0
BRDA:88,6,0,0
BRDA:88,6,1,0
BRDA:120,7,0,0
BRDA:120,7,1,0
BRDA:158,8,0,0
BRDA:158,8,1,0
BRDA:158,9,0,0
BRDA:158,9,1,0
BRDA:169,10,0,0
BRDA:169,10,1,0
BRDA:169,11,0,0
BRDA:169,11,1,0
BRDA:194,12,0,0
BRDA:194,12,1,0
BRF:26
BRH:0
end_of_record
TN:
SF:client\src\core\media\VoiceRecorder.ts
FN:47,(anonymous_0)
FN:49,(anonymous_1)
FN:59,(anonymous_2)
FN:76,(anonymous_3)
FN:124,(anonymous_4)
FN:146,(anonymous_5)
FN:168,(anonymous_6)
FN:224,(anonymous_7)
FN:254,(anonymous_8)
FN:275,(anonymous_9)
FN:288,(anonymous_10)
FN:303,(anonymous_11)
FN:314,(anonymous_12)
FN:328,(anonymous_13)
FN:346,(anonymous_14)
FN:347,(anonymous_15)
FN:365,(anonymous_16)
FN:375,(anonymous_17)
FN:382,(anonymous_18)
FN:394,(anonymous_19)
FN:403,(anonymous_20)
FNF:21
FNH:0
FNDA:0,(anonymous_0)
FNDA:0,(anonymous_1)
FNDA:0,(anonymous_2)
FNDA:0,(anonymous_3)
FNDA:0,(anonymous_4)
FNDA:0,(anonymous_5)
FNDA:0,(anonymous_6)
FNDA:0,(anonymous_7)
FNDA:0,(anonymous_8)
FNDA:0,(anonymous_9)
FNDA:0,(anonymous_10)
FNDA:0,(anonymous_11)
FNDA:0,(anonymous_12)
FNDA:0,(anonymous_13)
FNDA:0,(anonymous_14)
FNDA:0,(anonymous_15)
FNDA:0,(anonymous_16)
FNDA:0,(anonymous_17)
FNDA:0,(anonymous_18)
FNDA:0,(anonymous_19)
FNDA:0,(anonymous_20)
DA:28,0
DA:34,0
DA:38,0
DA:39,0
DA:40,0
DA:41,0
DA:42,0
DA:43,0
DA:44,0
DA:45,0
DA:50,0
DA:51,0
DA:53,0
DA:60,0
DA:66,0
DA:68,0
DA:69,0
DA:77,0
DA:78,0
DA:81,0
DA:82,0
DA:83,0
DA:86,0
DA:87,0
DA:88,0
DA:89,0
DA:90,0
DA:92,0
DA:99,0
DA:100,0
DA:101,0
DA:104,0
DA:111,0
DA:113,0
DA:114,0
DA:116,0
DA:117,0
DA:125,0
DA:126,0
DA:129,0
DA:130,0
DA:131,0
DA:132,0
DA:137,0
DA:139,0
DA:147,0
DA:148,0
DA:151,0
DA:152,0
DA:153,0
DA:154,0
DA:159,0
DA:161,0
DA:169,0
DA:170,0
DA:173,0
DA:174,0
DA:175,0
DA:176,0
DA:178,0
DA:179,0
DA:186,0
DA:187,0
DA:190,0
DA:192,0
DA:204,0
DA:207,0
DA:209,0
DA:214,0
DA:216,0
DA:217,0
DA:225,0
DA:226,0
DA:229,0
DA:230,0
DA:231,0
DA:232,0
DA:238,0
DA:239,0
DA:242,0
DA:244,0
DA:246,0
DA:247,0
DA:260,0
DA:264,0
DA:276,0
DA:277,0
DA:278,0
DA:280,0
DA:281,0
DA:289,0
DA:290,0
DA:291,0
DA:293,0
DA:294,0
DA:295,0
DA:296,0
DA:297,0
DA:302,0
DA:303,0
DA:306,0
DA:307,0
DA:315,0
DA:316,0
DA:317,0
DA:318,0
DA:320,0
DA:321,0
DA:329,0
DA:347,0
DA:348,0
DA:350,0
DA:351,0
DA:354,0
DA:356,0
DA:366,0
DA:367,0
DA:368,0
DA:376,0
DA:383,0
DA:384,0
DA:385,0
DA:386,0
DA:387,0
DA:388,0
DA:395,0
DA:396,0
DA:397,0
DA:404,0
DA:405,0
DA:406,0
DA:407,0
DA:408,0
DA:413,0
DA:416,0
DA:417,0
DA:418,0
DA:419,0
DA:420,0
DA:421,0
LF:140
LH:0
BRDA:50,0,0,0
BRDA:50,0,1,0
BRDA:76,1,0,0
BRDA:77,2,0,0
BRDA:77,2,1,0
BRDA:82,3,0,0
BRDA:82,3,1,0
BRDA:125,4,0,0
BRDA:125,4,1,0
BRDA:125,5,0,0
BRDA:125,5,1,0
BRDA:147,6,0,0
BRDA:147,6,1,0
BRDA:147,7,0,0
BRDA:147,7,1,0
BRDA:169,8,0,0
BRDA:169,8,1,0
BRDA:169,9,0,0
BRDA:169,9,1,0
BRDA:225,10,0,0
BRDA:225,10,1,0
BRDA:238,11,0,0
BRDA:238,11,1,0
BRDA:260,12,0,0
BRDA:260,12,1,0
BRDA:278,13,0,0
BRDA:278,13,1,0
BRDA:294,14,0,0
BRDA:294,14,1,0
BRDA:296,15,0,0
BRDA:296,15,1,0
BRDA:348,16,0,0
BRDA:348,16,1,0
BRDA:348,17,0,0
BRDA:348,17,1,0
BRDA:354,18,0,0
BRDA:354,18,1,0
BRDA:366,19,0,0
BRDA:366,19,1,0
BRDA:404,20,0,0
BRDA:404,20,1,0
BRF:41
BRH:0
end_of_record
TN:
SF:client\src\core\media\index.ts
FNF:0
FNH:0
LF:0
LH:0
BRF:0
BRH:0
end_of_record
TN:
SF:client\src\core\media\useMedia.ts
FN:29,useMedia
FN:40,(anonymous_1)
FN:41,(anonymous_2)
FN:44,(anonymous_3)
FN:45,(anonymous_4)
FN:48,(anonymous_5)
FN:49,(anonymous_6)
FN:52,(anonymous_7)
FN:53,(anonymous_8)
FN:59,(anonymous_9)
FN:80,(anonymous_10)
FN:102,(anonymous_11)
FN:122,(anonymous_12)
FN:143,(anonymous_13)
FN:166,(anonymous_14)
FN:175,(anonymous_15)
FN:199,(anonymous_16)
FN:212,(anonymous_17)
FN:236,(anonymous_18)
FN:248,(anonymous_19)
FN:259,(anonymous_20)
FN:287,useChatMedia
FN:291,(anonymous_22)
FNF:23
FNH:0
FNDA:0,useMedia
FNDA:0,(anonymous_1)
FNDA:0,(anonymous_2)
FNDA:0,(anonymous_3)
FNDA:0,(anonymous_4)
FNDA:0,(anonymous_5)
FNDA:0,(anonymous_6)
FNDA:0,(anonymous_7)
FNDA:0,(anonymous_8)
FNDA:0,(anonymous_9)
FNDA:0,(anonymous_10)
FNDA:0,(anonymous_11)
FNDA:0,(anonymous_12)
FNDA:0,(anonymous_13)
FNDA:0,(anonymous_14)
FNDA:0,(anonymous_15)
FNDA:0,(anonymous_16)
FNDA:0,(anonymous_17)
FNDA:0,(anonymous_18)
FNDA:0,(anonymous_19)
FNDA:0,(anonymous_20)
FNDA:0,useChatMedia
FNDA:0,(anonymous_22)
DA:30,0
DA:31,0
DA:38,0
DA:40,0
DA:41,0
DA:44,0
DA:45,0
DA:48,0
DA:49,0
DA:52,0
DA:53,0
DA:59,0
DA:60,0
DA:61,0
DA:63,0
DA:64,0
DA:65,0
DA:67,0
DA:68,0
DA:69,0
DA:70,0
DA:72,0
DA:79,0
DA:81,0
DA:82,0
DA:84,0
DA:85,0
DA:86,0
DA:88,0
DA:89,0
DA:90,0
DA:91,0
DA:93,0
DA:102,0
DA:103,0
DA:104,0
DA:106,0
DA:107,0
DA:108,0
DA:110,0
DA:111,0
DA:112,0
DA:113,0
DA:115,0
DA:122,0
DA:123,0
DA:124,0
DA:126,0
DA:127,0
DA:128,0
DA:130,0
DA:131,0
DA:132,0
DA:133,0
DA:135,0
DA:142,0
DA:144,0
DA:145,0
DA:147,0
DA:148,0
DA:149,0
DA:151,0
DA:152,0
DA:153,0
DA:154,0
DA:156,0
DA:165,0
DA:167,0
DA:168,0
DA:169,0
DA:171,0
DA:173,0
DA:174,0
DA:175,0
DA:176,0
DA:177,0
DA:180,0
DA:181,0
DA:183,0
DA:184,0
DA:185,0
DA:186,0
DA:188,0
DA:189,0
DA:198,0
DA:203,0
DA:204,0
DA:206,0
DA:208,0
DA:209,0
DA:211,0
DA:212,0
DA:213,0
DA:214,0
DA:216,0
DA:219,0
DA:221,0
DA:222,0
DA:223,0
DA:224,0
DA:226,0
DA:235,0
DA:237,0
DA:238,0
DA:240,0
DA:248,0
DA:249,0
DA:250,0
DA:251,0
DA:253,0
DA:259,0
DA:260,0
DA:268,0
DA:288,0
DA:290,0
DA:293,0
DA:295,0
DA:297,0
DA:298,0
DA:300,0
DA:301,0
DA:303,0
DA:304,0
DA:307,0
DA:308,0
DA:311,0
DA:312,0
DA:316,0
DA:317,0
DA:322,0
LF:130
LH:0
BRDA:29,0,0,0
BRDA:67,1,0,0
BRDA:67,1,1,0
BRDA:88,2,0,0
BRDA:88,2,1,0
BRDA:110,3,0,0
BRDA:110,3,1,0
BRDA:130,4,0,0
BRDA:130,4,1,0
BRDA:151,5,0,0
BRDA:151,5,1,0
BRDA:183,6,0,0
BRDA:183,6,1,0
BRDA:221,7,0,0
BRDA:221,7,1,0
BRDA:238,8,0,0
BRDA:238,8,1,0
BRDA:249,9,0,0
BRDA:249,9,1,0
BRDA:295,10,0,0
BRDA:295,10,1,0
BRDA:295,10,2,0
BRDA:295,10,3,0
BRDA:311,11,0,0
BRDA:311,11,1,0
BRF:25
BRH:0
end_of_record
TN:
SF:client\src\core\network\CancellationToken.ts
FN:7,(anonymous_0)
FN:18,(anonymous_1)
FN:22,(anonymous_2)
FN:29,(anonymous_3)
FN:36,(anonymous_4)
FN:50,(anonymous_5)
FN:59,(anonymous_6)
FN:62,(anonymous_7)
FN:67,(anonymous_8)
FN:75,(anonymous_9)
FN:78,(anonymous_10)
FN:79,(anonymous_11)
FN:91,withTimeout
FN:94,(anonymous_13)
FN:99,(anonymous_14)
FN:109,withCancellation
FN:115,(anonymous_16)
FN:116,(anonymous_17)
FN:121,(anonymous_18)
FN:125,(anonymous_19)
FN:135,useCancellationToken
FN:143,(anonymous_21)
FNF:22
FNH:0
FNDA:0,(anonymous_0)
FNDA:0,(anonymous_1)
FNDA:0,(anonymous_2)
FNDA:0,(anonymous_3)
FNDA:0,(anonymous_4)
FNDA:0,(anonymous_5)
FNDA:0,(anonymous_6)
FNDA:0,(anonymous_7)
FNDA:0,(anonymous_8)
FNDA:0,(anonymous_9)
FNDA:0,(anonymous_10)
FNDA:0,(anonymous_11)
FNDA:0,withTimeout
FNDA:0,(anonymous_13)
FNDA:0,(anonymous_14)
FNDA:0,withCancellation
FNDA:0,(anonymous_16)
FNDA:0,(anonymous_17)
FNDA:0,(anonymous_18)
FNDA:0,(anonymous_19)
FNDA:0,useCancellationToken
FNDA:0,(anonymous_21)
DA:8,0
DA:9,0
DA:14,0
DA:16,0
DA:19,0
DA:23,0
DA:30,0
DA:32,0
DA:33,0
DA:36,0
DA:37,0
DA:38,0
DA:44,0
DA:51,0
DA:52,0
DA:60,0
DA:61,0
DA:62,0
DA:65,0
DA:67,0
DA:68,0
DA:76,0
DA:78,0
DA:79,0
DA:80,0
DA:84,0
DA:92,0
DA:94,0
DA:95,0
DA:99,0
DA:100,0
DA:103,0
DA:113,0
DA:115,0
DA:116,0
DA:117,0
DA:120,0
DA:122,0
DA:123,0
DA:126,0
DA:127,0
DA:139,0
DA:141,0
DA:143,0
LF:44
LH:0
BRDA:7,0,0,0
BRDA:30,1,0,0
BRDA:30,1,1,0
BRDA:51,2,0,0
BRDA:51,2,1,0
BRDA:60,3,0,0
BRDA:60,3,1,0
BRDA:80,4,0,0
BRDA:80,4,1,0
BRDA:91,5,0,0
BRF:10
BRH:0
end_of_record
TN:
SF:client\src\core\network\RetryPolicy.ts
FN:37,(anonymous_0)
FN:44,(anonymous_1)
FN:96,(anonymous_2)
FN:107,(anonymous_3)
FN:113,(anonymous_4)
FN:131,(anonymous_5)
FN:132,(anonymous_6)
FN:140,withRetry
FNF:8
FNH:0
FNDA:0,(anonymous_0)
FNDA:0,(anonymous_1)
FNDA:0,(anonymous_2)
FNDA:0,(anonymous_3)
FNDA:0,(anonymous_4)
FNDA:0,(anonymous_5)
FNDA:0,(anonymous_6)
FNDA:0,withRetry
DA:17,0
DA:38,0
DA:45,0
DA:50,0
DA:51,0
DA:53,0
DA:54,0
DA:56,0
DA:57,0
DA:63,0
DA:65,0
DA:67,0
DA:69,0
DA:70,0
DA:76,0
DA:79,0
DA:81,0
DA:86,0
DA:90,0
DA:97,0
DA:98,0
DA:101,0
DA:102,0
DA:106,0
DA:107,0
DA:116,0
DA:119,0
DA:122,0
DA:123,0
DA:125,0
DA:132,0
DA:137,0
DA:145,0
DA:146,0
LF:34
LH:0
BRDA:37,0,0,0
BRDA:56,1,0,0
BRDA:56,1,1,0
BRDA:65,2,0,0
BRDA:65,2,1,0
BRDA:69,3,0,0
BRDA:69,3,1,0
BRDA:90,4,0,0
BRDA:90,4,1,0
BRDA:97,5,0,0
BRDA:97,5,1,0
BRDA:101,6,0,0
BRDA:101,6,1,0
BRDA:145,7,0,0
BRDA:145,7,1,0
BRF:15
BRH:0
end_of_record
TN:
SF:client\src\core\network\index.ts
FNF:0
FNH:0
LF:0
LH:0
BRF:0
BRH:0
end_of_record
TN:
SF:client\src\core\networking\chatService.ts
FN:15,resolveDefaultWebSocketUrl
FN:53,(anonymous_1)
FN:55,(anonymous_2)
FN:60,(anonymous_3)
FN:74,(anonymous_4)
FN:94,(anonymous_5)
FN:108,(anonymous_6)
FN:116,(anonymous_7)
FN:137,(anonymous_8)
FN:142,(anonymous_9)
FN:160,(anonymous_10)
FN:169,(anonymous_11)
FN:202,(anonymous_12)
FN:206,(anonymous_13)
FN:210,(anonymous_14)
FN:219,(anonymous_15)
FN:232,(anonymous_16)
FNF:17
FNH:15
FNDA:0,resolveDefaultWebSocketUrl
FNDA:27,(anonymous_1)
FNDA:48,(anonymous_2)
FNDA:3,(anonymous_3)
FNDA:8,(anonymous_4)
FNDA:6,(anonymous_5)
FNDA:2,(anonymous_6)
FNDA:2,(anonymous_7)
FNDA:12,(anonymous_8)
FNDA:1,(anonymous_9)
FNDA:45,(anonymous_10)
FNDA:8,(anonymous_11)
FNDA:9,(anonymous_12)
FNDA:4,(anonymous_13)
FNDA:12,(anonymous_14)
FNDA:11,(anonymous_15)
FNDA:0,(anonymous_16)
DA:8,1
DA:16,0
DA:17,0
DA:18,0
DA:20,0
DA:21,0
DA:23,0
DA:24,0
DA:26,0
DA:47,27
DA:48,27
DA:49,27
DA:50,27
DA:51,27
DA:56,48
DA:57,48
DA:58,48
DA:60,47
DA:61,3
DA:62,3
DA:65,3
DA:74,47
DA:75,8
DA:76,8
DA:78,7
DA:79,5
DA:87,5
DA:94,5
DA:95,6
DA:96,6
DA:98,1
DA:103,2
DA:104,1
DA:108,1
DA:109,2
DA:116,2
DA:117,2
DA:118,2
DA:120,0
DA:128,1
DA:129,1
DA:137,47
DA:138,12
DA:139,12
DA:142,47
DA:143,1
DA:144,1
DA:151,1
DA:152,1
DA:161,45
DA:162,45
DA:163,35
DA:164,35
DA:166,45
DA:170,8
DA:171,7
DA:179,7
DA:180,7
DA:181,7
DA:186,0
DA:187,0
DA:194,1
DA:203,9
DA:207,4
DA:211,12
DA:212,11
DA:213,11
DA:219,11
DA:220,11
DA:223,1
DA:232,1
DA:233,0
LF:72
LH:60
BRDA:17,0,0,0
BRDA:17,0,1,0
BRDA:18,1,0,0
BRDA:18,1,1,0
BRDA:20,2,0,0
BRDA:20,2,1,0
BRDA:23,3,0,0
BRDA:23,3,1,0
BRDA:78,4,0,5
BRDA:78,4,1,2
BRDA:103,5,0,1
BRDA:103,5,1,1
BRDA:105,6,0,1
BRDA:105,6,1,0
BRDA:162,7,0,35
BRDA:162,7,1,10
BRDA:170,8,0,7
BRDA:170,8,1,1
BRDA:170,9,0,8
BRDA:170,9,1,8
BRDA:211,10,0,11
BRDA:211,10,1,1
BRDA:233,11,0,0
BRDA:233,11,1,0
BRF:24
BRH:13
end_of_record
TN:
SF:client\src\core\readReceipts\ReadReceiptsManager.ts
FN:35,(anonymous_0)
FN:42,(anonymous_1)
FN:100,(anonymous_2)
FN:111,(anonymous_3)
FN:116,(anonymous_4)
FN:129,(anonymous_5)
FN:171,(anonymous_6)
FN:194,(anonymous_7)
FN:210,(anonymous_8)
FN:212,(anonymous_9)
FN:232,(anonymous_10)
FN:246,(anonymous_11)
FN:270,(anonymous_12)
FN:274,(anonymous_13)
FN:280,(anonymous_14)
FN:288,(anonymous_15)
FN:297,(anonymous_16)
FN:309,(anonymous_17)
FN:321,(anonymous_18)
FN:332,(anonymous_19)
FN:339,(anonymous_20)
FN:350,(anonymous_21)
FN:360,getReadReceiptsManager
FN:367,resetReadReceiptsManager
FN:375,(anonymous_24)
FN:378,(anonymous_25)
FN:381,(anonymous_26)
FN:384,(anonymous_27)
FNF:28
FNH:7
FNDA:2,(anonymous_0)
FNDA:1,(anonymous_1)
FNDA:0,(anonymous_2)
FNDA:0,(anonymous_3)
FNDA:0,(anonymous_4)
FNDA:0,(anonymous_5)
FNDA:0,(anonymous_6)
FNDA:0,(anonymous_7)
FNDA:0,(anonymous_8)
FNDA:0,(anonymous_9)
FNDA:0,(anonymous_10)
FNDA:0,(anonymous_11)
FNDA:0,(anonymous_12)
FNDA:0,(anonymous_13)
FNDA:0,(anonymous_14)
FNDA:0,(anonymous_15)
FNDA:0,(anonymous_16)
FNDA:0,(anonymous_17)
FNDA:0,(anonymous_18)
FNDA:1,(anonymous_19)
FNDA:4,(anonymous_20)
FNDA:4,(anonymous_21)
FNDA:2,getReadReceiptsManager
FNDA:4,resetReadReceiptsManager
FNDA:0,(anonymous_24)
FNDA:0,(anonymous_25)
FNDA:0,(anonymous_26)
FNDA:0,(anonymous_27)
DA:24,1
DA:32,2
DA:33,2
DA:36,2
DA:43,1
DA:44,0
DA:47,1
DA:48,1
DA:49,1
DA:51,1
DA:52,1
DA:53,1
DA:57,0
DA:58,0
DA:62,0
DA:63,0
DA:67,0
DA:70,0
DA:78,0
DA:81,0
DA:82,0
DA:83,0
DA:90,0
DA:92,0
DA:93,0
DA:101,0
DA:102,0
DA:105,0
DA:106,0
DA:107,0
DA:110,0
DA:111,0
DA:115,0
DA:116,0
DA:119,0
DA:120,0
DA:124,0
DA:125,0
DA:129,0
DA:137,0
DA:140,0
DA:141,0
DA:142,0
DA:143,0
DA:144,0
DA:148,0
DA:149,0
DA:150,0
DA:158,0
DA:163,0
DA:164,0
DA:172,0
DA:173,0
DA:176,0
DA:177,0
DA:178,0
DA:181,0
DA:182,0
DA:183,0
DA:187,0
DA:188,0
DA:192,0
DA:193,0
DA:194,0
DA:197,0
DA:198,0
DA:202,0
DA:205,0
DA:206,0
DA:210,0
DA:211,0
DA:212,0
DA:215,0
DA:218,0
DA:220,0
DA:225,0
DA:233,0
DA:234,0
DA:236,0
DA:237,0
DA:238,0
DA:239,0
DA:251,0
DA:252,0
DA:254,0
DA:255,0
DA:260,0
DA:271,0
DA:272,0
DA:274,0
DA:281,0
DA:282,0
DA:284,0
DA:285,0
DA:286,0
DA:287,0
DA:288,0
DA:291,0
DA:300,0
DA:312,0
DA:322,0
DA:323,0
DA:333,1
DA:340,4
DA:341,0
DA:343,4
DA:344,4
DA:351,4
DA:352,4
DA:353,4
DA:358,1
DA:361,2
DA:362,2
DA:364,2
DA:368,4
DA:369,2
DA:370,2
DA:375,1
DA:376,0
DA:378,1
DA:379,0
DA:381,1
DA:382,0
DA:384,1
DA:385,0
LF:125
LH:29
BRDA:35,0,0,2
BRDA:43,1,0,0
BRDA:43,1,1,1
BRDA:43,2,0,1
BRDA:43,2,1,1
BRDA:51,3,0,1
BRDA:51,3,1,0
BRDA:57,4,0,0
BRDA:57,4,1,0
BRDA:62,5,0,0
BRDA:62,5,1,0
BRDA:101,6,0,0
BRDA:101,6,1,0
BRDA:101,7,0,0
BRDA:101,7,1,0
BRDA:116,8,0,0
BRDA:116,8,1,0
BRDA:119,9,0,0
BRDA:119,9,1,0
BRDA:143,10,0,0
BRDA:143,10,1,0
BRDA:143,11,0,0
BRDA:143,11,1,0
BRDA:172,12,0,0
BRDA:172,12,1,0
BRDA:172,13,0,0
BRDA:172,13,1,0
BRDA:182,14,0,0
BRDA:182,14,1,0
BRDA:187,15,0,0
BRDA:187,15,1,0
BRDA:194,16,0,0
BRDA:194,16,1,0
BRDA:197,17,0,0
BRDA:197,17,1,0
BRDA:205,18,0,0
BRDA:205,18,1,0
BRDA:236,19,0,0
BRDA:236,19,1,0
BRDA:254,20,0,0
BRDA:254,20,1,0
BRDA:262,21,0,0
BRDA:262,21,1,0
BRDA:263,22,0,0
BRDA:263,22,1,0
BRDA:274,23,0,0
BRDA:274,23,1,0
BRDA:288,24,0,0
BRDA:288,24,1,0
BRDA:361,25,0,2
BRDA:361,25,1,0
BRDA:368,26,0,2
BRDA:368,26,1,2
BRF:53
BRH:8
end_of_record
TN:
SF:client\src\core\sync\NetworkMonitor.ts
FN:16,(anonymous_0)
FN:20,(anonymous_1)
FN:21,(anonymous_2)
FN:31,(anonymous_3)
FN:32,(anonymous_4)
FN:44,(anonymous_5)
FN:54,(anonymous_6)
FN:62,(anonymous_7)
FN:69,(anonymous_8)
FN:76,(anonymous_9)
FN:84,(anonymous_10)
FN:98,getNetworkMonitor
FN:105,resetNetworkMonitor
FNF:13
FNH:13
FNDA:27,(anonymous_0)
FNDA:27,(anonymous_1)
FNDA:41,(anonymous_2)
FNDA:9,(anonymous_3)
FNDA:6,(anonymous_4)
FNDA:11,(anonymous_5)
FNDA:1,(anonymous_6)
FNDA:9,(anonymous_7)
FNDA:10,(anonymous_8)
FNDA:2,(anonymous_9)
FNDA:8,(anonymous_10)
FNDA:6,getNetworkMonitor
FNDA:23,resetNetworkMonitor
DA:12,27
DA:13,27
DA:14,27
DA:17,27
DA:21,27
DA:22,41
DA:24,41
DA:25,9
DA:26,9
DA:32,9
DA:33,6
DA:34,6
DA:36,1
DA:45,11
DA:48,11
DA:49,11
DA:51,1
DA:54,11
DA:55,1
DA:63,9
DA:70,10
DA:77,2
DA:78,1
DA:85,8
DA:86,8
DA:87,8
DA:89,8
DA:91,8
DA:96,1
DA:99,6
DA:100,5
DA:102,6
DA:106,23
DA:107,5
DA:108,5
LF:35
LH:35
BRDA:22,0,0,41
BRDA:22,0,1,0
BRDA:24,1,0,9
BRDA:24,1,1,32
BRDA:77,2,0,1
BRDA:77,2,1,1
BRDA:85,3,0,8
BRDA:85,3,1,0
BRDA:99,4,0,5
BRDA:99,4,1,1
BRDA:106,5,0,5
BRDA:106,5,1,18
BRF:12
BRH:10
end_of_record
TN:
SF:client\src\core\sync\SyncEngine.ts
FN:35,(anonymous_0)
FN:41,(anonymous_1)
FN:42,(anonymous_2)
FN:57,(anonymous_3)
FN:64,(anonymous_4)
FN:74,(anonymous_5)
FN:90,(anonymous_6)
FN:99,(anonymous_7)
FN:118,(anonymous_8)
FN:175,(anonymous_9)
FN:201,(anonymous_10)
FN:238,(anonymous_11)
FN:252,(anonymous_12)
FN:259,(anonymous_13)
FN:267,getSyncEngine
FN:274,resetSyncEngine
FNF:16
FNH:14
FNDA:34,(anonymous_0)
FNDA:34,(anonymous_1)
FNDA:2,(anonymous_2)
FNDA:7,(anonymous_3)
FNDA:0,(anonymous_4)
FNDA:45,(anonymous_5)
FNDA:5,(anonymous_6)
FNDA:1,(anonymous_7)
FNDA:16,(anonymous_8)
FNDA:1,(anonymous_9)
FNDA:3,(anonymous_10)
FNDA:1,(anonymous_11)
FNDA:6,(anonymous_12)
FNDA:0,(anonymous_13)
FNDA:4,getSyncEngine
FNDA:30,resetSyncEngine
DA:21,1
DA:30,34
DA:31,34
DA:32,34
DA:33,34
DA:36,34
DA:37,34
DA:38,34
DA:42,34
DA:43,2
DA:45,2
DA:46,1
DA:47,1
DA:49,1
DA:58,7
DA:59,0
DA:62,7
DA:64,7
DA:65,0
DA:66,0
DA:75,45
DA:76,7
DA:77,7
DA:81,45
DA:82,2
DA:84,45
DA:91,5
DA:92,5
DA:93,5
DA:100,1
DA:101,1
DA:104,1
DA:107,1
DA:110,1
DA:111,1
DA:119,16
DA:120,4
DA:123,12
DA:124,12
DA:125,12
DA:126,12
DA:128,12
DA:129,12
DA:131,12
DA:132,12
DA:134,12
DA:135,9
DA:137,9
DA:138,1
DA:139,1
DA:143,8
DA:144,1
DA:145,1
DA:148,7
DA:150,7
DA:153,7
DA:156,4
DA:162,4
DA:164,3
DA:167,3
DA:169,3
DA:171,1
DA:172,1
DA:175,2
DA:176,1
DA:177,1
DA:180,2
DA:186,12
DA:187,12
DA:189,0
DA:190,0
DA:191,0
DA:193,12
DA:194,12
DA:202,3
DA:203,1
DA:206,2
DA:207,2
DA:208,2
DA:210,2
DA:212,2
DA:213,2
DA:216,2
DA:219,1
DA:220,0
DA:223,1
DA:224,0
DA:227,1
DA:228,1
DA:230,1
DA:231,1
DA:239,1
DA:240,1
DA:242,1
DA:243,2
DA:246,1
DA:253,6
DA:260,0
DA:265,1
DA:268,4
DA:269,3
DA:271,4
DA:275,30
DA:276,3
DA:277,3
LF:105
LH:96
BRDA:35,0,0,4
BRDA:45,1,0,1
BRDA:45,1,1,1
BRDA:58,2,0,0
BRDA:58,2,1,7
BRDA:65,3,0,0
BRDA:65,3,1,0
BRDA:75,4,0,7
BRDA:75,4,1,38
BRDA:110,5,0,1
BRDA:110,5,1,0
BRDA:119,6,0,4
BRDA:119,6,1,12
BRDA:119,7,0,16
BRDA:119,7,1,15
BRDA:119,7,2,13
BRDA:137,8,0,1
BRDA:137,8,1,8
BRDA:143,9,0,1
BRDA:143,9,1,7
BRDA:143,10,0,8
BRDA:143,10,1,7
BRDA:169,11,0,1
BRDA:169,11,1,2
BRDA:176,12,0,1
BRDA:176,12,1,0
BRDA:191,13,0,0
BRDA:191,13,1,0
BRDA:202,14,0,1
BRDA:202,14,1,2
BRDA:202,15,0,3
BRDA:202,15,1,3
BRDA:216,16,0,2
BRDA:216,16,1,2
BRDA:268,17,0,3
BRDA:268,17,1,1
BRDA:275,18,0,3
BRDA:275,18,1,27
BRF:38
BRH:31
end_of_record
TN:
SF:client\src\core\sync\index.ts
FNF:0
FNH:0
LF:0
LH:0
BRF:0
BRH:0
end_of_record
TN:
SF:client\src\core\typingIndicators\TypingIndicatorsManager.ts
FN:48,(anonymous_0)
FN:56,(anonymous_1)
FN:75,(anonymous_2)
FN:90,(anonymous_3)
FN:121,(anonymous_4)
FN:153,(anonymous_5)
FN:178,(anonymous_6)
FN:184,(anonymous_7)
FN:190,(anonymous_8)
FN:203,(anonymous_9)
FN:211,(anonymous_10)
FN:219,(anonymous_11)
FN:226,(anonymous_12)
FN:240,(anonymous_13)
FN:260,(anonymous_14)
FN:272,(anonymous_15)
FN:302,(anonymous_16)
FN:322,(anonymous_17)
FN:352,(anonymous_18)
FN:363,(anonymous_19)
FN:370,(anonymous_20)
FN:399,getTypingIndicatorsManager
FN:415,resetTypingIndicatorsManager
FN:423,(anonymous_23)
FN:428,(anonymous_24)
FN:433,(anonymous_25)
FNF:26
FNH:11
FNDA:3,(anonymous_0)
FNDA:0,(anonymous_1)
FNDA:0,(anonymous_2)
FNDA:0,(anonymous_3)
FNDA:3,(anonymous_4)
FNDA:0,(anonymous_5)
FNDA:9,(anonymous_6)
FNDA:12,(anonymous_7)
FNDA:5,(anonymous_8)
FNDA:4,(anonymous_9)
FNDA:0,(anonymous_10)
FNDA:0,(anonymous_11)
FNDA:0,(anonymous_12)
FNDA:0,(anonymous_13)
FNDA:0,(anonymous_14)
FNDA:0,(anonymous_15)
FNDA:3,(anonymous_16)
FNDA:0,(anonymous_17)
FNDA:0,(anonymous_18)
FNDA:1,(anonymous_19)
FNDA:6,(anonymous_20)
FNDA:3,getTypingIndicatorsManager
FNDA:6,resetTypingIndicatorsManager
FNDA:0,(anonymous_23)
FNDA:0,(anonymous_24)
FNDA:0,(anonymous_25)
DA:32,1
DA:41,3
DA:42,3
DA:43,3
DA:44,3
DA:45,3
DA:49,3
DA:50,3
DA:57,0
DA:58,0
DA:61,0
DA:63,0
DA:64,0
DA:65,0
DA:69,0
DA:70,0
DA:71,0
DA:75,0
DA:76,0
DA:79,0
DA:81,0
DA:83,0
DA:91,0
DA:92,0
DA:95,0
DA:97,0
DA:98,0
DA:99,0
DA:100,0
DA:104,0
DA:105,0
DA:106,0
DA:107,0
DA:110,0
DA:112,0
DA:114,0
DA:122,3
DA:123,0
DA:127,3
DA:128,0
DA:131,3
DA:132,3
DA:134,3
DA:136,3
DA:143,3
DA:144,3
DA:147,3
DA:148,3
DA:149,3
DA:150,0
DA:153,3
DA:154,0
DA:157,3
DA:159,3
DA:165,0
DA:169,3
DA:171,0
DA:179,9
DA:180,9
DA:181,0
DA:184,12
DA:191,5
DA:193,5
DA:194,0
DA:197,5
DA:198,3
DA:199,3
DA:202,2
DA:203,4
DA:204,2
DA:208,0
DA:209,0
DA:211,0
DA:213,0
DA:220,0
DA:227,0
DA:228,0
DA:236,0
DA:239,0
DA:240,0
DA:241,0
DA:242,0
DA:245,0
DA:248,0
DA:253,0
DA:263,0
DA:273,0
DA:274,0
DA:275,0
DA:277,0
DA:278,0
DA:283,0
DA:284,0
DA:285,0
DA:286,0
DA:287,0
DA:291,0
DA:293,0
DA:303,3
DA:304,3
DA:306,3
DA:307,3
DA:313,3
DA:323,0
DA:324,0
DA:325,0
DA:326,0
DA:331,0
DA:332,0
DA:333,0
DA:334,0
DA:338,0
DA:339,0
DA:340,0
DA:341,0
DA:343,0
DA:346,0
DA:353,0
DA:354,0
DA:364,1
DA:371,6
DA:374,6
DA:375,0
DA:377,6
DA:379,6
DA:380,0
DA:382,6
DA:384,6
DA:385,3
DA:387,6
DA:390,6
DA:392,6
DA:397,1
DA:403,3
DA:407,3
DA:408,0
DA:410,3
DA:412,3
DA:416,6
DA:417,3
DA:418,3
DA:423,1
DA:424,0
DA:425,0
DA:428,1
DA:429,0
DA:430,0
DA:433,1
DA:434,0
DA:435,0
LF:150
LH:61
BRDA:48,0,0,3
BRDA:57,1,0,0
BRDA:57,1,1,0
BRDA:57,2,0,0
BRDA:57,2,1,0
BRDA:64,3,0,0
BRDA:64,3,1,0
BRDA:70,4,0,0
BRDA:70,4,1,0
BRDA:91,5,0,0
BRDA:91,5,1,0
BRDA:91,6,0,0
BRDA:91,6,1,0
BRDA:98,7,0,0
BRDA:98,7,1,0
BRDA:105,8,0,0
BRDA:105,8,1,0
BRDA:122,9,0,0
BRDA:122,9,1,3
BRDA:122,10,0,3
BRDA:122,10,1,3
BRDA:127,11,0,0
BRDA:127,11,1,3
BRDA:132,12,0,3
BRDA:132,12,1,2
BRDA:134,13,0,3
BRDA:134,13,1,0
BRDA:149,14,0,0
BRDA:149,14,1,3
BRDA:180,15,0,0
BRDA:180,15,1,9
BRDA:193,16,0,0
BRDA:193,16,1,5
BRDA:197,17,0,3
BRDA:197,17,1,2
BRDA:198,18,0,3
BRDA:198,18,1,0
BRDA:202,19,0,2
BRDA:202,19,1,0
BRDA:203,20,0,4
BRDA:203,20,1,0
BRDA:211,21,0,0
BRDA:211,21,1,0
BRDA:239,22,0,0
BRDA:239,22,1,0
BRDA:249,23,0,0
BRDA:249,23,1,0
BRDA:264,24,0,0
BRDA:264,24,1,0
BRDA:274,25,0,0
BRDA:274,25,1,0
BRDA:277,26,0,0
BRDA:277,26,1,0
BRDA:285,27,0,0
BRDA:285,27,1,0
BRDA:324,28,0,0
BRDA:324,28,1,0
BRDA:333,29,0,0
BRDA:333,29,1,0
BRDA:340,30,0,0
BRDA:340,30,1,0
BRDA:403,31,0,3
BRDA:403,31,1,0
BRDA:404,32,0,3
BRDA:404,32,1,0
BRDA:407,33,0,0
BRDA:407,33,1,3
BRDA:416,34,0,3
BRDA:416,34,1,3
BRF:69
BRH:21
end_of_record
TN:
SF:client\src\data\index.ts
FNF:0
FNH:0
LF:0
LH:0
BRF:0
BRH:0
end_of_record
TN:
SF:client\src\data\datasources\LocalStorageDataSource.ts
FN:23,messageKey
FN:30,(anonymous_1)
FN:34,(anonymous_2)
FN:44,(anonymous_3)
FN:54,(anonymous_4)
FN:62,(anonymous_5)
FN:65,(anonymous_6)
FN:71,(anonymous_7)
FN:74,(anonymous_8)
FN:88,(anonymous_9)
FN:91,(anonymous_10)
FN:99,(anonymous_11)
FN:110,(anonymous_12)
FN:114,(anonymous_13)
FN:123,(anonymous_14)
FN:127,(anonymous_15)
FN:141,(anonymous_16)
FN:144,(anonymous_17)
FN:151,(anonymous_18)
FN:161,(anonymous_19)
FN:171,(anonymous_20)
FN:174,(anonymous_21)
FN:180,(anonymous_22)
FN:183,(anonymous_23)
FN:197,(anonymous_24)
FN:206,(anonymous_25)
FN:215,(anonymous_26)
FN:228,(anonymous_27)
FN:237,(anonymous_28)
FN:246,(anonymous_29)
FN:255,(anonymous_30)
FN:264,(anonymous_31)
FN:273,(anonymous_32)
FNF:33
FNH:30
FNDA:12,messageKey
FNDA:46,(anonymous_1)
FNDA:31,(anonymous_2)
FNDA:16,(anonymous_3)
FNDA:8,(anonymous_4)
FNDA:4,(anonymous_5)
FNDA:4,(anonymous_6)
FNDA:4,(anonymous_7)
FNDA:3,(anonymous_8)
FNDA:2,(anonymous_9)
FNDA:2,(anonymous_10)
FNDA:7,(anonymous_11)
FNDA:2,(anonymous_12)
FNDA:4,(anonymous_13)
FNDA:2,(anonymous_14)
FNDA:1,(anonymous_15)
FNDA:1,(anonymous_16)
FNDA:2,(anonymous_17)
FNDA:1,(anonymous_18)
FNDA:4,(anonymous_19)
FNDA:2,(anonymous_20)
FNDA:2,(anonymous_21)
FNDA:1,(anonymous_22)
FNDA:0,(anonymous_23)
FNDA:1,(anonymous_24)
FNDA:2,(anonymous_25)
FNDA:2,(anonymous_26)
FNDA:2,(anonymous_27)
FNDA:1,(anonymous_28)
FNDA:2,(anonymous_29)
FNDA:1,(anonymous_30)
FNDA:0,(anonymous_31)
FNDA:0,(anonymous_32)
DA:11,3
DA:13,3
DA:21,3
DA:24,12
DA:31,46
DA:35,31
DA:36,25
DA:37,25
DA:39,2
DA:45,16
DA:46,16
DA:47,14
DA:48,14
DA:50,2
DA:55,8
DA:56,8
DA:58,2
DA:63,4
DA:64,4
DA:65,4
DA:67,0
DA:72,4
DA:73,4
DA:74,4
DA:76,4
DA:77,3
DA:79,1
DA:82,4
DA:84,0
DA:89,2
DA:90,2
DA:91,2
DA:92,1
DA:94,1
DA:100,7
DA:101,7
DA:102,7
DA:103,7
DA:104,7
DA:106,0
DA:111,2
DA:115,4
DA:116,4
DA:117,4
DA:119,0
DA:124,2
DA:125,2
DA:126,2
DA:127,2
DA:129,2
DA:130,1
DA:132,1
DA:135,2
DA:137,0
DA:142,1
DA:143,1
DA:144,2
DA:145,1
DA:147,0
DA:152,1
DA:153,1
DA:154,1
DA:156,0
DA:162,4
DA:163,4
DA:164,4
DA:165,4
DA:167,0
DA:172,2
DA:173,2
DA:174,2
DA:176,0
DA:181,1
DA:182,1
DA:183,1
DA:185,1
DA:186,0
DA:188,1
DA:191,1
DA:193,0
DA:198,1
DA:199,1
DA:201,0
DA:207,2
DA:208,2
DA:209,2
DA:211,0
DA:216,2
DA:217,2
DA:218,1
DA:220,1
DA:223,0
DA:229,2
DA:230,2
DA:231,2
DA:233,0
DA:238,1
DA:239,1
DA:241,0
DA:247,2
DA:248,2
DA:249,2
DA:251,0
DA:256,1
DA:257,1
DA:259,0
DA:265,0
DA:266,0
DA:268,0
DA:274,0
DA:279,3
LF:111
LH:89
BRDA:35,0,0,6
BRDA:35,0,1,25
BRDA:48,1,0,14
BRDA:48,1,1,3
BRDA:65,2,0,4
BRDA:65,2,1,1
BRDA:76,3,0,3
BRDA:76,3,1,1
BRDA:104,4,0,7
BRDA:104,4,1,2
BRDA:129,5,0,1
BRDA:129,5,1,1
BRDA:165,6,0,4
BRDA:165,6,1,0
BRDA:174,7,0,2
BRDA:174,7,1,1
BRDA:185,8,0,0
BRDA:185,8,1,1
BRDA:217,9,0,1
BRDA:217,9,1,1
BRF:20
BRH:18
end_of_record
TN:
SF:client\src\data\datasources\RemoteApiDataSource.ts
FN:20,(anonymous_0)
FN:24,(anonymous_1)
FN:28,(anonymous_2)
FN:77,(anonymous_3)
FN:85,(anonymous_4)
FN:92,(anonymous_5)
FN:99,(anonymous_6)
FN:106,(anonymous_7)
FN:110,(anonymous_8)
FN:114,(anonymous_9)
FN:121,(anonymous_10)
FN:128,(anonymous_11)
FN:136,(anonymous_12)
FN:140,(anonymous_13)
FN:144,(anonymous_14)
FN:151,(anonymous_15)
FN:158,(anonymous_16)
FN:165,(anonymous_17)
FN:172,(anonymous_18)
FN:179,(anonymous_19)
FN:185,(anonymous_20)
FN:192,(anonymous_21)
FN:199,(anonymous_22)
FN:210,(anonymous_23)
FN:217,(anonymous_24)
FN:224,(anonymous_25)
FN:230,(anonymous_26)
FN:238,(anonymous_27)
FN:247,(anonymous_28)
FN:255,(anonymous_29)
FN:263,(anonymous_30)
FN:270,(anonymous_31)
FNF:32
FNH:21
FNDA:44,(anonymous_0)
FNDA:1,(anonymous_1)
FNDA:235,(anonymous_2)
FNDA:3,(anonymous_3)
FNDA:1,(anonymous_4)
FNDA:2,(anonymous_5)
FNDA:1,(anonymous_6)
FNDA:2,(anonymous_7)
FNDA:211,(anonymous_8)
FNDA:2,(anonymous_9)
FNDA:1,(anonymous_10)
FNDA:3,(anonymous_11)
FNDA:1,(anonymous_12)
FNDA:1,(anonymous_13)
FNDA:1,(anonymous_14)
FNDA:1,(anonymous_15)
FNDA:0,(anonymous_16)
FNDA:0,(anonymous_17)
FNDA:1,(anonymous_18)
FNDA:0,(anonymous_19)
FNDA:0,(anonymous_20)
FNDA:0,(anonymous_21)
FNDA:1,(anonymous_22)
FNDA:1,(anonymous_23)
FNDA:1,(anonymous_24)
FNDA:1,(anonymous_25)
FNDA:0,(anonymous_26)
FNDA:0,(anonymous_27)
FNDA:0,(anonymous_28)
FNDA:0,(anonymous_29)
FNDA:0,(anonymous_30)
FNDA:0,(anonymous_31)
DA:8,9
DA:18,44
DA:21,44
DA:25,1
DA:29,235
DA:31,235
DA:36,235
DA:37,1
DA:41,235
DA:42,235
DA:49,4
DA:52,231
DA:53,231
DA:54,231
DA:55,0
DA:56,0
DA:62,231
DA:63,1
DA:64,1
DA:69,230
DA:70,230
DA:71,0
DA:73,230
DA:78,3
DA:82,1
DA:86,1
DA:93,2
DA:96,1
DA:100,1
DA:107,2
DA:111,211
DA:115,2
DA:122,1
DA:129,3
DA:137,1
DA:141,1
DA:145,1
DA:152,1
DA:159,0
DA:166,0
DA:173,1
DA:180,0
DA:186,0
DA:193,0
DA:203,1
DA:204,1
DA:205,1
DA:207,1
DA:211,1
DA:218,1
DA:225,1
DA:231,0
DA:243,0
DA:244,0
DA:248,0
DA:256,0
DA:264,0
DA:271,0
DA:278,9
LF:59
LH:44
BRDA:8,0,0,9
BRDA:8,0,1,9
BRDA:20,1,0,44
BRDA:28,2,0,216
BRDA:33,3,0,235
BRDA:33,3,1,235
BRDA:36,4,0,1
BRDA:36,4,1,234
BRDA:49,5,0,4
BRDA:49,5,1,0
BRDA:55,6,0,0
BRDA:55,6,1,0
BRDA:62,7,0,1
BRDA:62,7,1,230
BRDA:65,8,0,1
BRDA:65,8,1,1
BRDA:65,8,2,1
BRDA:70,9,0,0
BRDA:70,9,1,230
BRDA:70,10,0,230
BRDA:70,10,1,0
BRDA:70,10,2,0
BRDA:204,11,0,0
BRDA:204,11,1,1
BRDA:205,12,0,0
BRDA:205,12,1,1
BRDA:243,13,0,0
BRDA:243,13,1,0
BRF:28
BRH:18
end_of_record
TN:
SF:client\src\data\datasources\index.ts
FNF:0
FNH:0
LF:0
LH:0
BRF:0
BRH:0
end_of_record
TN:
SF:client\src\data\mappers\ChatMapper.ts
FN:11,(anonymous_0)
FN:40,(anonymous_1)
FN:71,(anonymous_2)
FNF:3
FNH:2
FNDA:13,(anonymous_0)
FNDA:10,(anonymous_1)
FNDA:0,(anonymous_2)
DA:12,13
DA:25,13
DA:26,6
DA:37,7
DA:41,10
DA:42,10
DA:56,10
DA:57,8
DA:58,8
DA:68,2
DA:72,0
LF:11
LH:10
BRDA:16,0,0,0
BRDA:16,0,1,13
BRDA:25,1,0,6
BRDA:25,1,1,7
BRDA:29,2,0,6
BRDA:29,2,1,5
BRDA:32,3,0,6
BRDA:32,3,1,6
BRDA:33,4,0,6
BRDA:33,4,1,6
BRDA:41,5,0,10
BRDA:41,5,1,8
BRDA:46,6,0,0
BRDA:46,6,1,10
BRDA:56,7,0,8
BRDA:56,7,1,2
BRF:16
BRH:14
end_of_record
TN:
SF:client\src\data\mappers\MessageMapper.ts
FN:19,(anonymous_0)
FN:30,(anonymous_1)
FN:39,(anonymous_2)
FN:52,(anonymous_3)
FN:61,(anonymous_4)
FN:65,(anonymous_5)
FN:79,(anonymous_6)
FN:93,(anonymous_7)
FN:101,(anonymous_8)
FNF:9
FNH:1
FNDA:1,(anonymous_0)
FNDA:0,(anonymous_1)
FNDA:0,(anonymous_2)
FNDA:0,(anonymous_3)
FNDA:0,(anonymous_4)
FNDA:0,(anonymous_5)
FNDA:0,(anonymous_6)
FNDA:0,(anonymous_7)
FNDA:0,(anonymous_8)
DA:20,1
DA:30,0
DA:40,0
DA:52,0
DA:62,0
DA:66,0
DA:80,0
DA:94,0
DA:102,0
LF:9
LH:1
BRDA:26,0,0,0
BRDA:26,0,1,1
BRDA:32,1,0,0
BRDA:32,1,1,1
BRDA:46,2,0,0
BRDA:46,2,1,0
BRF:6
BRH:2
end_of_record
TN:
SF:client\src\data\mappers\UserMapper.ts
FN:10,(anonymous_0)
FN:24,(anonymous_1)
FN:38,(anonymous_2)
FNF:3
FNH:2
FNDA:209,(anonymous_0)
FNDA:6,(anonymous_1)
FNDA:0,(anonymous_2)
DA:11,209
DA:25,6
DA:39,0
LF:3
LH:2
BRDA:17,0,0,0
BRDA:17,0,1,206
BRF:2
BRH:1
end_of_record
TN:
SF:client\src\data\mappers\index.ts
FNF:0
FNH:0
LF:0
LH:0
BRF:0
BRH:0
end_of_record
TN:
SF:client\src\data\models\MessageModel.ts
FNF:0
FNH:0
LF:0
LH:0
BRF:0
BRH:0
end_of_record
TN:
SF:client\src\data\repositories\ChatRepositoryImpl.ts
FN:19,(anonymous_0)
FN:25,(anonymous_1)
FN:27,(anonymous_2)
FN:30,(anonymous_3)
FN:35,(anonymous_4)
FN:38,(anonymous_5)
FN:43,(anonymous_6)
FN:46,(anonymous_7)
FN:56,(anonymous_8)
FN:58,(anonymous_9)
FN:62,(anonymous_10)
FN:74,(anonymous_11)
FN:87,(anonymous_12)
FN:92,(anonymous_13)
FN:102,(anonymous_14)
FN:112,(anonymous_15)
FN:135,(anonymous_16)
FN:152,(anonymous_17)
FN:156,(anonymous_18)
FN:157,(anonymous_19)
FN:168,(anonymous_20)
FN:185,(anonymous_21)
FN:189,(anonymous_22)
FN:200,(anonymous_23)
FN:209,(anonymous_24)
FN:218,(anonymous_25)
FN:227,(anonymous_26)
FN:236,(anonymous_27)
FN:245,(anonymous_28)
FN:254,(anonymous_29)
FN:263,(anonymous_30)
FN:273,(anonymous_31)
FN:284,(anonymous_32)
FN:301,(anonymous_33)
FN:302,(anonymous_34)
FNF:35
FNH:15
FNDA:26,(anonymous_0)
FNDA:4,(anonymous_1)
FNDA:6,(anonymous_2)
FNDA:8,(anonymous_3)
FNDA:0,(anonymous_4)
FNDA:0,(anonymous_5)
FNDA:0,(anonymous_6)
FNDA:0,(anonymous_7)
FNDA:2,(anonymous_8)
FNDA:4,(anonymous_9)
FNDA:10,(anonymous_10)
FNDA:0,(anonymous_11)
FNDA:0,(anonymous_12)
FNDA:0,(anonymous_13)
FNDA:0,(anonymous_14)
FNDA:2,(anonymous_15)
FNDA:3,(anonymous_16)
FNDA:2,(anonymous_17)
FNDA:5,(anonymous_18)
FNDA:0,(anonymous_19)
FNDA:0,(anonymous_20)
FNDA:0,(anonymous_21)
FNDA:0,(anonymous_22)
FNDA:0,(anonymous_23)
FNDA:0,(anonymous_24)
FNDA:0,(anonymous_25)
FNDA:0,(anonymous_26)
FNDA:0,(anonymous_27)
FNDA:0,(anonymous_28)
FNDA:0,(anonymous_29)
FNDA:2,(anonymous_30)
FNDA:0,(anonymous_31)
FNDA:3,(anonymous_32)
FNDA:1,(anonymous_33)
FNDA:1,(anonymous_34)
DA:20,26
DA:21,26
DA:26,4
DA:27,6
DA:31,8
DA:32,7
DA:36,0
DA:38,0
DA:41,0
DA:42,0
DA:43,0
DA:45,0
DA:46,0
DA:48,0
DA:49,0
DA:53,0
DA:57,2
DA:58,4
DA:63,10
DA:64,10
DA:67,9
DA:68,9
DA:75,0
DA:76,0
DA:79,0
DA:80,0
DA:81,0
DA:82,0
DA:83,0
DA:88,0
DA:89,0
DA:93,0
DA:95,0
DA:96,0
DA:103,0
DA:104,0
DA:105,0
DA:106,0
DA:107,0
DA:114,2
DA:115,2
DA:118,2
DA:119,2
DA:121,0
DA:122,0
DA:123,0
DA:124,0
DA:125,0
DA:129,2
DA:132,2
DA:136,3
DA:137,3
DA:138,2
DA:139,2
DA:140,1
DA:141,1
DA:145,3
DA:146,3
DA:153,2
DA:154,2
DA:155,2
DA:156,5
DA:157,2
DA:158,2
DA:161,2
DA:162,2
DA:169,0
DA:170,0
DA:171,0
DA:172,0
DA:173,0
DA:174,0
DA:178,0
DA:179,0
DA:186,0
DA:187,0
DA:188,0
DA:189,0
DA:190,0
DA:193,0
DA:194,0
DA:201,0
DA:202,0
DA:203,0
DA:204,0
DA:210,0
DA:211,0
DA:212,0
DA:213,0
DA:214,0
DA:219,0
DA:220,0
DA:221,0
DA:222,0
DA:223,0
DA:228,0
DA:229,0
DA:230,0
DA:231,0
DA:232,0
DA:237,0
DA:238,0
DA:239,0
DA:240,0
DA:241,0
DA:246,0
DA:247,0
DA:248,0
DA:249,0
DA:250,0
DA:255,0
DA:256,0
DA:257,0
DA:258,0
DA:259,0
DA:264,2
DA:266,1
DA:267,1
DA:274,0
DA:276,0
DA:277,0
DA:278,0
DA:279,0
DA:289,3
DA:292,2
DA:293,1
DA:296,2
DA:297,1
DA:300,2
DA:301,1
DA:302,1
DA:309,1
LF:132
LH:46
BRDA:32,0,0,6
BRDA:32,0,1,1
BRDA:41,1,0,0
BRDA:41,1,1,0
BRDA:42,2,0,0
BRDA:42,2,1,0
BRDA:45,3,0,0
BRDA:45,3,1,0
BRDA:48,4,0,0
BRDA:48,4,1,0
BRDA:80,5,0,0
BRDA:80,5,1,0
BRDA:104,6,0,0
BRDA:104,6,1,0
BRDA:121,7,0,0
BRDA:121,7,1,0
BRDA:137,8,0,2
BRDA:137,8,1,1
BRDA:139,9,0,1
BRDA:139,9,1,1
BRDA:154,10,0,2
BRDA:154,10,1,0
BRDA:170,11,0,0
BRDA:170,11,1,0
BRDA:172,12,0,0
BRDA:172,12,1,0
BRDA:187,13,0,0
BRDA:187,13,1,0
BRDA:202,14,0,0
BRDA:202,14,1,0
BRDA:211,15,0,0
BRDA:211,15,1,0
BRDA:220,16,0,0
BRDA:220,16,1,0
BRDA:229,17,0,0
BRDA:229,17,1,0
BRDA:238,18,0,0
BRDA:238,18,1,0
BRDA:247,19,0,0
BRDA:247,19,1,0
BRDA:256,20,0,0
BRDA:256,20,1,0
BRDA:277,21,0,0
BRDA:277,21,1,0
BRF:44
BRH:7
end_of_record
TN:
SF:client\src\data\repositories\UserRepositoryImpl.ts
FN:17,(anonymous_0)
FN:23,(anonymous_1)
FN:40,(anonymous_2)
FN:42,(anonymous_3)
FN:46,(anonymous_4)
FN:59,(anonymous_5)
FN:65,(anonymous_6)
FN:70,(anonymous_7)
FN:76,(anonymous_8)
FN:95,(anonymous_9)
FN:101,(anonymous_10)
FN:109,(anonymous_11)
FN:118,(anonymous_12)
FN:122,(anonymous_13)
FN:142,(anonymous_14)
FN:147,(anonymous_15)
FN:153,(anonymous_16)
FN:161,(anonymous_17)
FNF:18
FNH:8
FNDA:22,(anonymous_0)
FNDA:211,(anonymous_1)
FNDA:3,(anonymous_2)
FNDA:1,(anonymous_3)
FNDA:4,(anonymous_4)
FNDA:0,(anonymous_5)
FNDA:6,(anonymous_6)
FNDA:0,(anonymous_7)
FNDA:1,(anonymous_8)
FNDA:1,(anonymous_9)
FNDA:0,(anonymous_10)
FNDA:0,(anonymous_11)
FNDA:0,(anonymous_12)
FNDA:0,(anonymous_13)
FNDA:0,(anonymous_14)
FNDA:0,(anonymous_15)
FNDA:0,(anonymous_16)
FNDA:0,(anonymous_17)
DA:18,22
DA:19,22
DA:25,211
DA:26,210
DA:27,204
DA:31,6
DA:32,6
DA:33,4
DA:34,4
DA:36,5
DA:41,3
DA:42,3
DA:43,3
DA:47,4
DA:49,4
DA:50,104
DA:51,104
DA:52,102
DA:56,4
DA:60,0
DA:61,0
DA:66,6
DA:67,6
DA:71,0
DA:72,0
DA:73,0
DA:77,1
DA:78,1
DA:80,1
DA:81,1
DA:84,1
DA:85,1
DA:96,1
DA:97,1
DA:98,1
DA:102,0
DA:103,0
DA:104,0
DA:105,0
DA:110,0
DA:111,0
DA:112,0
DA:113,0
DA:119,0
DA:125,0
DA:126,0
DA:135,0
DA:136,0
DA:139,0
DA:143,0
DA:144,0
DA:148,0
DA:149,0
DA:154,0
DA:155,0
DA:156,0
DA:157,0
DA:162,0
DA:163,0
DA:164,0
DA:165,0
DA:166,0
DA:172,1
LF:63
LH:31
BRDA:26,0,0,204
BRDA:26,0,1,6
BRDA:43,1,0,1
BRDA:43,1,1,2
BRDA:51,2,0,102
BRDA:51,2,1,2
BRDA:61,3,0,0
BRDA:61,3,1,0
BRDA:78,4,0,1
BRDA:78,4,1,0
BRDA:103,5,0,0
BRDA:103,5,1,0
BRDA:111,6,0,0
BRDA:111,6,1,0
BRDA:125,7,0,0
BRDA:125,7,1,0
BRDA:155,8,0,0
BRDA:155,8,1,0
BRDA:163,9,0,0
BRDA:163,9,1,0
BRF:20
BRH:7
end_of_record
TN:
SF:client\src\data\repositories\index.ts
FNF:0
FNH:0
LF:0
LH:0
BRF:0
BRH:0
end_of_record
TN:
SF:client\src\domain\index.ts
FNF:0
FNH:0
LF:0
LH:0
BRF:0
BRH:0
end_of_record
TN:
SF:client\src\domain\entities\Call.ts
FNF:0
FNH:0
LF:0
LH:0
BRF:0
BRH:0
end_of_record
TN:
SF:client\src\domain\entities\Chat.ts
FN:74,(anonymous_0)
FN:102,(anonymous_1)
FN:118,(anonymous_2)
FN:142,(anonymous_3)
FN:148,(anonymous_4)
FN:153,(anonymous_5)
FN:158,(anonymous_6)
FN:163,(anonymous_7)
FN:168,(anonymous_8)
FN:173,(anonymous_9)
FN:178,(anonymous_10)
FN:183,(anonymous_11)
FN:188,(anonymous_12)
FN:192,(anonymous_13)
FN:196,(anonymous_14)
FN:198,(anonymous_15)
FN:203,(anonymous_16)
FNF:17
FNH:3
FNDA:5,(anonymous_0)
FNDA:3,(anonymous_1)
FNDA:2,(anonymous_2)
FNDA:0,(anonymous_3)
FNDA:0,(anonymous_4)
FNDA:0,(anonymous_5)
FNDA:0,(anonymous_6)
FNDA:0,(anonymous_7)
FNDA:0,(anonymous_8)
FNDA:0,(anonymous_9)
FNDA:0,(anonymous_10)
FNDA:0,(anonymous_11)
FNDA:0,(anonymous_12)
FNDA:0,(anonymous_13)
FNDA:0,(anonymous_14)
FNDA:0,(anonymous_15)
FNDA:0,(anonymous_16)
DA:75,5
DA:76,5
DA:77,5
DA:78,5
DA:79,5
DA:80,5
DA:81,5
DA:82,5
DA:83,5
DA:84,5
DA:85,5
DA:86,5
DA:88,5
DA:89,1
DA:90,1
DA:91,1
DA:92,1
DA:93,1
DA:94,1
DA:96,4
DA:98,4
DA:103,3
DA:104,3
DA:123,2
DA:124,2
DA:143,0
DA:144,0
DA:145,0
DA:149,0
DA:150,0
DA:154,0
DA:155,0
DA:159,0
DA:160,0
DA:164,0
DA:165,0
DA:169,0
DA:170,0
DA:174,0
DA:175,0
DA:179,0
DA:180,0
DA:184,0
DA:185,0
DA:189,0
DA:193,0
DA:197,0
DA:198,0
DA:200,0
DA:204,0
DA:205,0
DA:206,0
LF:52
LH:25
BRDA:79,0,0,5
BRDA:79,0,1,2
BRDA:80,1,0,5
BRDA:80,1,1,2
BRDA:81,2,0,5
BRDA:81,2,1,2
BRDA:82,3,0,5
BRDA:82,3,1,2
BRDA:83,4,0,5
BRDA:83,4,1,2
BRDA:84,5,0,5
BRDA:84,5,1,0
BRDA:85,6,0,5
BRDA:85,6,1,0
BRDA:88,7,0,1
BRDA:88,7,1,4
BRDA:93,8,0,1
BRDA:93,8,1,1
BRDA:94,9,0,1
BRDA:94,9,1,1
BRDA:98,10,0,4
BRDA:98,10,1,4
BRDA:197,11,0,0
BRDA:197,11,1,0
BRDA:204,12,0,0
BRDA:204,12,1,0
BRDA:205,13,0,0
BRDA:205,13,1,0
BRF:28
BRH:20
end_of_record
TN:
SF:client\src\domain\entities\Message.ts
FN:129,(anonymous_0)
FN:140,(anonymous_1)
FN:156,(anonymous_2)
FN:174,(anonymous_3)
FN:178,(anonymous_4)
FN:182,(anonymous_5)
FN:186,(anonymous_6)
FN:190,(anonymous_7)
FN:194,(anonymous_8)
FN:198,(anonymous_9)
FN:202,(anonymous_10)
FN:206,(anonymous_11)
FN:210,(anonymous_12)
FN:214,(anonymous_13)
FN:218,(anonymous_14)
FN:222,(anonymous_15)
FN:226,(anonymous_16)
FN:227,(anonymous_17)
FN:234,(anonymous_18)
FN:240,(anonymous_19)
FN:245,(anonymous_20)
FN:256,(anonymous_21)
FN:269,(anonymous_22)
FN:273,(anonymous_23)
FN:277,(anonymous_24)
FN:281,(anonymous_25)
FN:282,(anonymous_26)
FN:290,(anonymous_27)
FN:291,(anonymous_28)
FN:294,(anonymous_29)
FN:299,(anonymous_30)
FN:303,(anonymous_31)
FN:307,(anonymous_32)
FN:311,(anonymous_33)
FN:315,(anonymous_34)
FN:321,(anonymous_35)
FNF:36
FNH:22
FNDA:35,(anonymous_0)
FNDA:1002,(anonymous_1)
FNDA:1,(anonymous_2)
FNDA:2,(anonymous_3)
FNDA:2,(anonymous_4)
FNDA:2,(anonymous_5)
FNDA:2,(anonymous_6)
FNDA:1,(anonymous_7)
FNDA:1,(anonymous_8)
FNDA:1,(anonymous_9)
FNDA:1,(anonymous_10)
FNDA:4,(anonymous_11)
FNDA:4,(anonymous_12)
FNDA:4,(anonymous_13)
FNDA:4,(anonymous_14)
FNDA:2,(anonymous_15)
FNDA:1,(anonymous_16)
FNDA:501,(anonymous_17)
FNDA:3,(anonymous_18)
FNDA:1,(anonymous_19)
FNDA:4,(anonymous_20)
FNDA:0,(anonymous_21)
FNDA:0,(anonymous_22)
FNDA:0,(anonymous_23)
FNDA:0,(anonymous_24)
FNDA:0,(anonymous_25)
FNDA:0,(anonymous_26)
FNDA:0,(anonymous_27)
FNDA:0,(anonymous_28)
FNDA:0,(anonymous_29)
FNDA:0,(anonymous_30)
FNDA:0,(anonymous_31)
FNDA:0,(anonymous_32)
FNDA:0,(anonymous_33)
FNDA:0,(anonymous_34)
FNDA:1,(anonymous_35)
DA:130,35
DA:131,35
DA:132,35
DA:133,35
DA:134,35
DA:135,35
DA:136,35
DA:138,35
DA:139,35
DA:140,1002
DA:144,35
DA:145,35
DA:151,35
DA:152,35
DA:153,35
DA:157,1
DA:175,2
DA:179,2
DA:183,2
DA:187,2
DA:191,1
DA:195,1
DA:199,1
DA:203,1
DA:207,4
DA:211,4
DA:215,4
DA:219,4
DA:223,2
DA:227,501
DA:235,3
DA:236,3
DA:241,1
DA:246,4
DA:256,0
DA:270,0
DA:274,0
DA:278,0
DA:282,0
DA:283,0
DA:284,0
DA:286,0
DA:291,0
DA:295,0
DA:296,0
DA:300,0
DA:304,0
DA:308,0
DA:312,0
DA:316,0
DA:317,0
DA:318,0
DA:322,1
DA:323,0
DA:324,0
DA:332,0
DA:334,0
LF:57
LH:35
BRDA:137,0,0,35
BRDA:137,0,1,0
BRDA:137,1,0,0
BRDA:137,1,1,0
BRDA:138,2,0,35
BRDA:138,2,1,0
BRDA:140,3,0,35
BRDA:140,3,1,30
BRDA:142,4,0,1002
BRDA:142,4,1,0
BRDA:144,5,0,35
BRDA:144,5,1,32
BRDA:146,6,0,2
BRDA:146,6,1,33
BRDA:148,7,0,0
BRDA:148,7,1,33
BRDA:152,8,0,35
BRDA:152,8,1,0
BRDA:153,9,0,35
[...]
FNDA:0,formatRelativeTime
FNDA:0,formatCalendarTime
FNDA:10,formatDuration
FNDA:13,formatFileSize
FNDA:0,formatPhoneNumber
FNDA:0,truncateText
FNDA:0,formatNumber
FNDA:0,getInitials
FNDA:0,(anonymous_13)
DA:20,1
DA:36,1033
DA:37,1026
DA:39,7
DA:40,4
DA:42,3
DA:43,3
DA:51,11
DA:52,11
DA:53,4
DA:56,7
DA:57,7
DA:58,7
DA:59,7
DA:61,7
DA:70,1022
DA:71,1022
DA:72,4
DA:75,1018
DA:89,0
DA:91,0
DA:92,0
DA:95,0
DA:96,0
DA:99,0
DA:100,0
DA:103,0
DA:104,0
DA:107,0
DA:115,0
DA:116,0
DA:123,0
DA:124,0
DA:131,0
DA:133,0
DA:134,0
DA:137,0
DA:138,0
DA:141,0
DA:153,10
DA:154,2
DA:157,8
DA:158,8
DA:159,8
DA:160,8
DA:161,8
DA:162,8
DA:165,8
DA:166,8
DA:167,8
DA:175,13
DA:176,2
DA:179,11
DA:180,2
DA:183,9
DA:184,9
DA:185,9
DA:187,9
DA:188,24
DA:189,24
DA:192,9
DA:193,9
DA:194,7
DA:197,9
DA:204,0
DA:206,0
DA:207,0
DA:210,0
DA:211,0
DA:214,0
DA:221,0
DA:222,0
DA:229,0
DA:236,0
DA:238,0
LF:75
LH:44
BRDA:36,0,0,1026
BRDA:36,0,1,7
BRDA:37,1,0,2
BRDA:37,1,1,1024
BRDA:39,2,0,4
BRDA:39,2,1,3
BRDA:39,3,0,7
BRDA:39,3,1,5
BRDA:43,4,0,2
BRDA:43,4,1,1
BRDA:52,5,0,4
BRDA:52,5,1,7
BRDA:58,6,0,4
BRDA:58,6,1,3
BRDA:59,7,0,5
BRDA:59,7,1,2
BRDA:71,8,0,4
BRDA:71,8,1,1018
BRDA:89,9,0,0
BRDA:89,9,1,0
BRDA:91,10,0,0
BRDA:91,10,1,0
BRDA:95,11,0,0
BRDA:95,11,1,0
BRDA:99,12,0,0
BRDA:99,12,1,0
BRDA:103,13,0,0
BRDA:103,13,1,0
BRDA:115,14,0,0
BRDA:115,14,1,0
BRDA:123,15,0,0
BRDA:123,15,1,0
BRDA:131,16,0,0
BRDA:131,16,1,0
BRDA:133,17,0,0
BRDA:133,17,1,0
BRDA:137,18,0,0
BRDA:137,18,1,0
BRDA:153,19,0,2
BRDA:153,19,1,8
BRDA:153,20,0,10
BRDA:153,20,1,9
BRDA:153,20,2,8
BRDA:157,21,0,1
BRDA:157,21,1,7
BRDA:165,22,0,8
BRDA:165,22,1,4
BRDA:166,23,0,5
BRDA:166,23,1,3
BRDA:167,24,0,5
BRDA:167,24,1,3
BRDA:175,25,0,2
BRDA:175,25,1,11
BRDA:175,26,0,13
BRDA:175,26,1,12
BRDA:175,26,2,11
BRDA:179,27,0,2
BRDA:179,27,1,9
BRDA:187,28,0,33
BRDA:187,28,1,24
BRDA:193,29,0,7
BRDA:193,29,1,2
BRDA:206,30,0,0
BRDA:206,30,1,0
BRDA:210,31,0,0
BRDA:210,31,1,0
BRDA:221,32,0,0
BRDA:221,32,1,0
BRF:68
BRH:42
end_of_record
TN:
SF:client\src\shared\utils\index.ts
FNF:0
FNH:0
LF:0
LH:0
BRF:0
BRH:0
end_of_record
TN:
SF:client\src\shared\utils\validation.ts
FN:35,validatePhone
FN:57,validateEmail
FN:79,validatePassword
FN:145,validateUsername
FN:170,sanitizeInput
FNF:5
FNH:5
FNDA:36,validatePhone
FNDA:1030,validateEmail
FNDA:24,validatePassword
FNDA:24,validateUsername
FNDA:35,sanitizeInput
DA:28,1
DA:36,36
DA:37,7
DA:40,29
DA:42,29
DA:43,9
DA:46,20
DA:47,1
DA:50,19
DA:51,19
DA:58,1030
DA:59,7
DA:62,1023
DA:63,1023
DA:64,8
DA:68,1015
DA:69,1
DA:72,1014
DA:89,24
DA:90,7
DA:97,17
DA:98,17
DA:99,17
DA:100,17
DA:101,17
DA:103,17
DA:104,17
DA:105,17
DA:106,17
DA:107,17
DA:109,17
DA:118,17
DA:120,17
DA:121,6
DA:122,11
DA:123,3
DA:127,17
DA:133,17
DA:146,24
DA:147,7
DA:150,17
DA:152,17
DA:153,5
DA:159,12
DA:160,1
DA:163,11
DA:171,35
DA:172,2
DA:175,33
LF:49
LH:49
BRDA:36,0,0,7
BRDA:36,0,1,29
BRDA:36,1,0,36
BRDA:36,1,1,30
BRDA:36,1,2,30
BRDA:42,2,0,9
BRDA:42,2,1,20
BRDA:46,3,0,1
BRDA:46,3,1,19
BRDA:58,4,0,7
BRDA:58,4,1,1023
BRDA:58,5,0,1030
BRDA:58,5,1,1024
BRDA:58,5,2,1024
BRDA:63,6,0,8
BRDA:63,6,1,1015
BRDA:68,7,0,1
BRDA:68,7,1,1014
BRDA:89,8,0,7
BRDA:89,8,1,17
BRDA:89,9,0,24
BRDA:89,9,1,18
BRDA:89,9,2,18
BRDA:97,10,0,17
BRDA:97,10,1,15
BRDA:98,11,0,17
BRDA:98,11,1,15
BRDA:99,12,0,17
BRDA:99,12,1,15
BRDA:100,13,0,17
BRDA:100,13,1,15
BRDA:101,14,0,17
BRDA:101,14,1,15
BRDA:120,15,0,6
BRDA:120,15,1,11
BRDA:120,16,0,17
BRDA:120,16,1,11
BRDA:120,16,2,6
BRDA:120,16,3,6
BRDA:120,16,4,6
BRDA:122,17,0,3
BRDA:122,17,1,8
BRDA:122,18,0,11
BRDA:122,18,1,5
BRDA:122,18,2,5
BRDA:122,18,3,2
BRDA:127,19,0,17
BRDA:127,19,1,11
BRDA:127,19,2,11
BRDA:127,19,3,6
BRDA:127,19,4,6
BRDA:127,19,5,6
BRDA:127,19,6,6
BRDA:127,19,7,6
BRDA:127,19,8,6
BRDA:135,20,0,6
BRDA:135,20,1,11
BRDA:146,21,0,7
BRDA:146,21,1,17
BRDA:146,22,0,24
BRDA:146,22,1,18
BRDA:146,22,2,18
BRDA:152,23,0,5
BRDA:152,23,1,12
BRDA:159,24,0,1
BRDA:159,24,1,11
BRDA:171,25,0,2
BRDA:171,25,1,33
BRDA:171,26,0,35
BRDA:171,26,1,33
BRF:70
BRH:70
end_of_record
TN:
SF:client\src\stores\featureFlagsStore.ts
FN:131,(anonymous_0)
FN:152,(anonymous_1)
FN:164,(anonymous_2)
FN:166,(anonymous_3)
FN:170,(anonymous_4)
FN:181,(anonymous_5)
FN:190,(anonymous_6)
FN:213,(anonymous_7)
FN:244,(anonymous_8)
FN:259,(anonymous_9)
FN:274,(anonymous_10)
FN:285,(anonymous_11)
FN:287,(anonymous_12)
FN:293,(anonymous_13)
FN:305,(anonymous_14)
FN:317,(anonymous_15)
FN:321,(anonymous_16)
FN:332,(anonymous_17)
FN:339,(anonymous_18)
FN:340,(anonymous_19)
FN:342,(anonymous_20)
FN:342,(anonymous_21)
FN:344,(anonymous_22)
FN:345,(anonymous_23)
FNF:24
FNH:17
FNDA:2,(anonymous_0)
FNDA:2,(anonymous_1)
FNDA:2,(anonymous_2)
FNDA:2,(anonymous_3)
FNDA:20,(anonymous_4)
FNDA:0,(anonymous_5)
FNDA:2,(anonymous_6)
FNDA:2,(anonymous_7)
FNDA:109,(anonymous_8)
FNDA:10,(anonymous_9)
FNDA:1,(anonymous_10)
FNDA:28,(anonymous_11)
FNDA:280,(anonymous_12)
FNDA:280,(anonymous_13)
FNDA:14,(anonymous_14)
FNDA:3,(anonymous_15)
FNDA:30,(anonymous_16)
FNDA:12,(anonymous_17)
FNDA:0,(anonymous_18)
FNDA:0,(anonymous_19)
FNDA:0,(anonymous_20)
FNDA:0,(anonymous_21)
FNDA:0,(anonymous_22)
FNDA:0,(anonymous_23)
DA:23,2
DA:107,2
DA:131,2
DA:132,2
DA:134,2
DA:137,2
DA:138,2
DA:139,28
DA:140,28
DA:141,28
DA:144,2
DA:147,0
DA:152,2
DA:153,2
DA:154,2
DA:156,2
DA:157,2
DA:158,2
DA:160,2
DA:164,2
DA:166,2
DA:167,2
DA:169,2
DA:170,2
DA:171,20
DA:172,20
DA:173,10
DA:175,10
DA:179,0
DA:181,0
DA:182,0
DA:186,2
DA:190,2
DA:191,2
DA:193,2
DA:194,2
DA:195,2
DA:196,0
DA:197,0
DA:200,0
DA:203,2
DA:206,2
DA:214,2
DA:216,2
DA:217,2
DA:220,2
DA:222,2
DA:223,0
DA:227,2
DA:228,2
DA:229,2
DA:232,2
DA:236,0
DA:238,2
DA:239,2
DA:245,109
DA:246,109
DA:249,109
DA:250,109
DA:252,103
DA:255,109
DA:260,10
DA:261,10
DA:264,10
DA:265,10
DA:267,2
DA:270,10
DA:275,1
DA:276,1
DA:278,0
DA:281,1
DA:286,28
DA:287,28
DA:288,280
DA:292,28
DA:293,28
DA:294,280
DA:296,28
DA:298,0
DA:301,28
DA:306,14
DA:309,14
DA:310,4
DA:313,10
DA:318,3
DA:319,3
DA:321,3
DA:322,30
DA:328,3
DA:333,12
DA:339,2
DA:340,0
DA:342,2
DA:344,2
DA:345,0
LF:95
LH:82
BRDA:153,0,0,0
BRDA:153,0,1,2
BRDA:154,1,0,0
BRDA:154,1,1,2
BRDA:157,2,0,2
BRDA:157,2,1,0
BRDA:172,3,0,10
BRDA:172,3,1,10
BRDA:195,4,0,0
BRDA:195,4,1,2
BRDA:222,5,0,0
BRDA:222,5,1,2
BRDA:227,6,0,2
BRDA:227,6,1,0
BRDA:309,7,0,4
BRDA:309,7,1,10
BRDA:313,8,0,10
BRDA:313,8,1,5
BRDA:313,8,2,5
BRDA:323,9,0,0
BRDA:323,9,1,30
BRDA:325,10,0,30
BRDA:325,10,1,12
BRDA:325,10,2,12
BRF:24
BRH:17
end_of_record
TN:
SF:client\src\test-utils\i18nMock.ts
FN:3,(anonymous_0)
FN:4,(anonymous_1)
FN:5,(anonymous_2)
FN:63,(anonymous_3)
FN:73,(anonymous_4)
FN:75,(anonymous_5)
FN:78,(anonymous_6)
FN:82,(anonymous_7)
FN:83,(anonymous_8)
FN:95,(anonymous_9)
FN:109,(anonymous_10)
FN:110,(anonymous_11)
FN:111,(anonymous_12)
FN:112,(anonymous_13)
FN:113,(anonymous_14)
FN:114,(anonymous_15)
FN:115,(anonymous_16)
FN:116,(anonymous_17)
FN:120,(anonymous_18)
FN:121,(anonymous_19)
FN:122,(anonymous_20)
FN:123,(anonymous_21)
FN:124,(anonymous_22)
FN:125,(anonymous_23)
FN:126,(anonymous_24)
FN:130,(anonymous_25)
FN:133,(anonymous_26)
FN:135,(anonymous_27)
FN:136,(anonymous_28)
FNF:29
FNH:2
FNDA:1,(anonymous_0)
FNDA:11,(anonymous_1)
FNDA:0,(anonymous_2)
FNDA:0,(anonymous_3)
FNDA:0,(anonymous_4)
FNDA:0,(anonymous_5)
FNDA:0,(anonymous_6)
FNDA:0,(anonymous_7)
FNDA:0,(anonymous_8)
FNDA:0,(anonymous_9)
FNDA:0,(anonymous_10)
FNDA:0,(anonymous_11)
FNDA:0,(anonymous_12)
FNDA:0,(anonymous_13)
FNDA:0,(anonymous_14)
FNDA:0,(anonymous_15)
FNDA:0,(anonymous_16)
FNDA:0,(anonymous_17)
FNDA:0,(anonymous_18)
FNDA:0,(anonymous_19)
FNDA:0,(anonymous_20)
FNDA:0,(anonymous_21)
FNDA:0,(anonymous_22)
FNDA:0,(anonymous_23)
FNDA:0,(anonymous_24)
FNDA:0,(anonymous_25)
FNDA:0,(anonymous_26)
FNDA:0,(anonymous_27)
FNDA:0,(anonymous_28)
DA:3,2
DA:4,11
DA:7,0
DA:53,0
DA:54,0
DA:55,0
DA:56,0
DA:61,0
DA:62,0
DA:63,0
DA:64,0
DA:66,0
DA:69,0
DA:73,0
DA:75,0
DA:78,0
DA:82,2
DA:83,0
DA:95,2
DA:109,2
DA:110,0
DA:111,0
DA:112,0
DA:113,0
DA:114,0
DA:115,0
DA:116,0
DA:120,2
DA:121,0
DA:122,0
DA:123,0
DA:124,0
DA:125,0
DA:126,0
DA:130,2
DA:133,0
DA:135,0
DA:136,0
LF:38
LH:7
BRDA:53,0,0,0
BRDA:53,0,1,0
BRDA:53,1,0,0
BRDA:53,1,1,0
BRDA:54,2,0,0
BRDA:54,2,1,0
BRDA:55,3,0,0
BRDA:55,3,1,0
BRDA:61,4,0,0
BRDA:61,4,1,0
BRDA:61,5,0,0
BRDA:61,5,1,0
BRDA:62,6,0,0
BRDA:62,6,1,0
BRDA:69,7,0,0
BRDA:69,7,1,0
BRDA:123,8,0,0
BRDA:123,8,1,0
BRF:18
BRH:0
end_of_record
TN:
SF:client\src\test-utils\reactNativeMocks.ts
FN:9,(anonymous_0)
FN:13,(anonymous_1)
FN:21,(anonymous_2)
FN:25,(anonymous_3)
FN:28,(anonymous_4)
FN:29,(anonymous_5)
FN:35,(anonymous_6)
FN:50,(anonymous_7)
FN:51,(anonymous_8)
FN:62,(anonymous_9)
FN:73,(anonymous_10)
FN:80,(anonymous_11)
FN:81,(anonymous_12)
FN:86,(anonymous_13)
FN:87,(anonymous_14)
FN:89,(anonymous_15)
FN:95,(anonymous_16)
FN:99,(anonymous_17)
FN:100,(anonymous_18)
FN:106,(anonymous_19)
FN:110,(anonymous_20)
FN:113,(anonymous_21)
FN:113,(anonymous_22)
FN:117,(anonymous_23)
FN:117,(anonymous_24)
FN:118,(anonymous_25)
FN:119,(anonymous_26)
FN:128,(anonymous_27)
FN:142,(anonymous_28)
FN:143,(anonymous_29)
FN:144,(anonymous_30)
FN:153,(anonymous_31)
FN:158,(anonymous_32)
FN:159,(anonymous_33)
FNF:34
FNH:0
FNDA:0,(anonymous_0)
FNDA:0,(anonymous_1)
FNDA:0,(anonymous_2)
FNDA:0,(anonymous_3)
FNDA:0,(anonymous_4)
FNDA:0,(anonymous_5)
FNDA:0,(anonymous_6)
FNDA:0,(anonymous_7)
FNDA:0,(anonymous_8)
FNDA:0,(anonymous_9)
FNDA:0,(anonymous_10)
FNDA:0,(anonymous_11)
FNDA:0,(anonymous_12)
FNDA:0,(anonymous_13)
FNDA:0,(anonymous_14)
FNDA:0,(anonymous_15)
FNDA:0,(anonymous_16)
FNDA:0,(anonymous_17)
FNDA:0,(anonymous_18)
FNDA:0,(anonymous_19)
FNDA:0,(anonymous_20)
FNDA:0,(anonymous_21)
FNDA:0,(anonymous_22)
FNDA:0,(anonymous_23)
FNDA:0,(anonymous_24)
FNDA:0,(anonymous_25)
FNDA:0,(anonymous_26)
FNDA:0,(anonymous_27)
FNDA:0,(anonymous_28)
FNDA:0,(anonymous_29)
FNDA:0,(anonymous_30)
FNDA:0,(anonymous_31)
FNDA:0,(anonymous_32)
FNDA:0,(anonymous_33)
DA:9,0
DA:10,0
DA:11,0
DA:13,0
DA:21,0
DA:25,0
DA:28,0
DA:29,0
DA:35,0
DA:50,0
DA:51,0
DA:62,0
DA:73,0
DA:80,0
DA:81,0
DA:86,0
DA:87,0
DA:89,0
DA:95,0
DA:99,0
DA:100,0
DA:106,0
DA:110,0
DA:113,0
DA:117,0
DA:118,0
DA:119,0
DA:128,0
DA:142,0
DA:143,0
DA:144,0
DA:153,0
DA:158,0
DA:159,0
LF:34
LH:0
BRDA:119,0,0,0
BRDA:119,0,1,0
BRF:2
BRH:0
end_of_record
TN:
SF:client\src\test-utils\securityMocks.ts
FN:102,(anonymous_0)
FN:107,(anonymous_1)
FN:113,(anonymous_2)
FN:121,(anonymous_3)
FN:131,(anonymous_4)
FN:218,(anonymous_5)
FN:291,(anonymous_6)
FN:306,(anonymous_7)
FN:320,(anonymous_8)
FN:324,(anonymous_9)
FNF:10
FNH:0
FNDA:0,(anonymous_0)
FNDA:0,(anonymous_1)
FNDA:0,(anonymous_2)
FNDA:0,(anonymous_3)
FNDA:0,(anonymous_4)
FNDA:0,(anonymous_5)
FNDA:0,(anonymous_6)
FNDA:0,(anonymous_7)
FNDA:0,(anonymous_8)
FNDA:0,(anonymous_9)
DA:7,0
DA:18,0
DA:19,0
DA:20,0
DA:21,0
DA:22,0
DA:23,0
DA:24,0
DA:25,0
DA:28,0
DA:35,0
DA:36,0
DA:37,0
DA:38,0
DA:39,0
DA:40,0
DA:43,0
DA:44,0
DA:45,0
DA:46,0
DA:49,0
DA:50,0
DA:51,0
DA:52,0
DA:53,0
DA:54,0
DA:55,0
DA:56,0
DA:57,0
DA:60,0
DA:74,0
DA:75,0
DA:76,0
DA:77,0
DA:78,0
DA:81,0
DA:102,0
DA:107,0
DA:113,0
DA:121,0
DA:131,0
DA:133,0
DA:137,0
DA:138,0
DA:140,0
DA:141,0
DA:142,0
DA:143,0
DA:144,0
DA:145,0
DA:146,0
DA:147,0
DA:150,0
DA:157,0
DA:164,0
DA:165,0
DA:166,0
DA:167,0
DA:168,0
DA:170,0
DA:171,0
DA:172,0
DA:173,0
DA:176,0
DA:177,0
DA:178,0
DA:179,0
DA:180,0
DA:181,0
DA:182,0
DA:183,0
DA:184,0
DA:187,0
DA:188,0
DA:189,0
DA:191,0
DA:192,0
DA:193,0
DA:194,0
DA:195,0
DA:198,0
DA:199,0
DA:200,0
DA:201,0
DA:202,0
DA:203,0
DA:204,0
DA:205,0
DA:206,0
DA:207,0
DA:208,0
DA:209,0
DA:210,0
DA:211,0
DA:212,0
DA:213,0
DA:214,0
DA:218,0
DA:220,0
DA:221,0
DA:222,0
DA:224,0
DA:225,0
DA:226,0
DA:227,0
DA:228,0
DA:229,0
DA:230,0
DA:231,0
DA:234,0
DA:236,0
DA:237,0
DA:238,0
DA:239,0
DA:240,0
DA:241,0
DA:243,0
DA:244,0
DA:245,0
DA:246,0
DA:249,0
DA:250,0
DA:251,0
DA:252,0
DA:253,0
DA:254,0
DA:255,0
DA:256,0
DA:257,0
DA:260,0
DA:261,0
DA:262,0
DA:264,0
DA:265,0
DA:266,0
DA:267,0
DA:268,0
DA:271,0
DA:272,0
DA:273,0
DA:274,0
DA:275,0
DA:276,0
DA:277,0
DA:278,0
DA:279,0
DA:280,0
DA:281,0
DA:282,0
DA:283,0
DA:284,0
DA:285,0
DA:286,0
DA:287,0
DA:291,0
DA:292,0
DA:301,0
DA:302,0
DA:306,0
DA:307,0
DA:315,0
DA:316,0
DA:320,0
DA:321,0
DA:324,0
DA:325,0
LF:166
LH:0
BRDA:301,0,0,0
BRDA:301,0,1,0
BRDA:315,1,0,0
BRDA:315,1,1,0
BRF:4
BRH:0
end_of_record
TN:
SF:client\src\test-utils\sentryMock.ts
FN:38,(anonymous_0)
FN:39,(anonymous_1)
FN:58,(anonymous_2)
FN:67,(anonymous_3)
FN:75,(anonymous_4)
FNF:5
FNH:0
FNDA:0,(anonymous_0)
FNDA:0,(anonymous_1)
FNDA:0,(anonymous_2)
FNDA:0,(anonymous_3)
FNDA:0,(anonymous_4)
DA:8,0
DA:25,0
DA:27,0
DA:28,0
DA:29,0
DA:30,0
DA:31,0
DA:32,0
DA:33,0
DA:34,0
DA:35,0
DA:36,0
DA:38,0
DA:39,0
DA:40,0
DA:41,0
DA:45,0
DA:46,0
DA:47,0
DA:48,0
DA:49,0
DA:50,0
DA:51,0
DA:52,0
DA:53,0
DA:54,0
DA:55,0
DA:58,0
DA:59,0
DA:67,0
DA:68,0
DA:69,0
DA:71,0
DA:75,0
DA:76,0
DA:77,0
DA:79,0
LF:37
LH:0
BRDA:40,0,0,0
BRDA:40,0,1,0
BRDA:68,1,0,0
BRDA:68,1,1,0
BRDA:76,2,0,0
BRDA:76,2,1,0
BRF:6
BRH:0
end_of_record
TN:
SF:client\src\test-utils\mocks\deviceInfoMock.ts
FN:7,(anonymous_0)
FN:8,(anonymous_1)
FN:9,(anonymous_2)
FN:10,(anonymous_3)
FN:11,(anonymous_4)
FN:12,(anonymous_5)
FN:13,(anonymous_6)
FN:14,(anonymous_7)
FN:15,(anonymous_8)
FN:16,(anonymous_9)
FN:17,(anonymous_10)
FN:18,(anonymous_11)
FN:19,(anonymous_12)
FN:20,(anonymous_13)
FN:21,(anonymous_14)
FN:22,(anonymous_15)
FNF:16
FNH:0
FNDA:0,(anonymous_0)
FNDA:0,(anonymous_1)
FNDA:0,(anonymous_2)
FNDA:0,(anonymous_3)
FNDA:0,(anonymous_4)
FNDA:0,(anonymous_5)
FNDA:0,(anonymous_6)
FNDA:0,(anonymous_7)
FNDA:0,(anonymous_8)
FNDA:0,(anonymous_9)
FNDA:0,(anonymous_10)
FNDA:0,(anonymous_11)
FNDA:0,(anonymous_12)
FNDA:0,(anonymous_13)
FNDA:0,(anonymous_14)
FNDA:0,(anonymous_15)
DA:6,0
DA:7,0
DA:8,0
DA:9,0
DA:10,0
DA:11,0
DA:12,0
DA:13,0
DA:14,0
DA:15,0
DA:16,0
DA:17,0
DA:18,0
DA:19,0
DA:20,0
DA:21,0
DA:22,0
LF:17
LH:0
BRF:0
BRH:0
end_of_record
TN:
SF:client\src\test-utils\mocks\keychainMock.ts
FN:2,(anonymous_0)
FN:5,(anonymous_1)
FN:6,(anonymous_2)
FN:32,(anonymous_3)
FNF:4
FNH:0
FNDA:0,(anonymous_0)
FNDA:0,(anonymous_1)
FNDA:0,(anonymous_2)
FNDA:0,(anonymous_3)
DA:1,0
DA:2,0
DA:3,0
DA:5,0
DA:6,0
DA:8,0
DA:14,0
DA:20,0
DA:26,0
DA:32,0
LF:10
LH:0
BRF:0
BRH:0
end_of_record
TN:
SF:client\src\test-utils\mocks\mmkvMock.ts
FN:1,(anonymous_0)
FN:6,(anonymous_1)
FNF:2
FNH:0
FNDA:0,(anonymous_0)
FNDA:0,(anonymous_1)
DA:1,0
DA:6,0
DA:14,0
LF:3
LH:0
BRF:0
BRH:0
end_of_record
TN:
SF:client\src\theme\colors.ts
FNF:0
FNH:0
DA:6,1
DA:43,1
DA:80,1
LF:3
LH:3
BRF:0
BRH:0
end_of_record
TN:
SF:client\src\theme\index.ts
FNF:0
FNH:0
LF:0
LH:0
BRF:0
BRH:0
end_of_record
TN:
SF:client\src\theme\tokens.ts
FNF:0
FNH:0
DA:6,1
DA:19,1
DA:53,1
DA:64,1
DA:102,1
LF:5
LH:5
BRF:0
BRH:0
end_of_record
TN:
SF:client\src\utils\formatTime.ts
FN:12,toDate
FN:33,formatUtc12Hour
FN:41,startOfUtcDay
FN:45,utcDaysAgo
FN:51,formatUtcShortDate
FN:58,formatMessageTime
FN:66,formatChatListTime
FN:89,formatLastSeen
FN:110,formatStatusTime
FN:127,formatCallDuration
FNF:10
FNH:9
FNDA:3083,toDate
FNDA:2034,formatUtc12Hour
FNDA:4042,startOfUtcDay
FNDA:2021,utcDaysAgo
FNDA:2016,formatUtcShortDate
FNDA:1036,formatMessageTime
FNDA:1024,formatChatListTime
FNDA:1023,formatLastSeen
FNDA:0,formatStatusTime
FNDA:1038,formatCallDuration
DA:10,1
DA:13,3083
DA:14,0
DA:16,3083
DA:17,3
DA:18,3
DA:20,3080
DA:21,21
DA:24,3059
DA:25,3059
DA:27,4
DA:29,3059
DA:34,2034
DA:35,2034
DA:36,2034
DA:37,2034
DA:38,2034
DA:42,4042
DA:46,2021
DA:47,2021
DA:52,2016
DA:53,2016
DA:54,2016
DA:55,2016
DA:59,1036
DA:60,1036
DA:61,13
DA:63,1023
DA:67,1024
DA:68,1024
DA:69,13
DA:72,1011
DA:74,1011
DA:75,1
DA:78,1010
DA:79,1
DA:82,1009
DA:83,1
DA:86,1008
DA:90,1023
DA:91,1023
DA:92,13
DA:95,1010
DA:96,1010
DA:98,1010
DA:99,1
DA:102,1009
DA:103,1
DA:106,1008
DA:111,0
DA:112,0
DA:113,0
DA:115,0
DA:129,1038
DA:130,1030
DA:132,8
DA:133,8
DA:135,1
DA:137,7
DA:138,4
DA:144,1033
DA:145,1033
DA:146,1033
LF:63
LH:58
BRDA:13,0,0,0
BRDA:13,0,1,3083
BRDA:14,1,0,0
BRDA:14,1,1,0
BRDA:16,2,0,3
BRDA:16,2,1,3080
BRDA:16,3,0,3083
BRDA:16,3,1,3
BRDA:18,4,0,0
BRDA:18,4,1,3
BRDA:20,5,0,21
BRDA:20,5,1,3059
BRDA:20,6,0,3080
BRDA:20,6,1,3062
BRDA:25,7,0,4
BRDA:25,7,1,3055
BRDA:25,8,0,3059
BRDA:25,8,1,22
BRDA:29,9,0,18
BRDA:29,9,1,3041
BRDA:36,10,0,2024
BRDA:36,10,1,10
BRDA:37,11,0,7
BRDA:37,11,1,2027
BRDA:60,12,0,13
BRDA:60,12,1,1023
BRDA:68,13,0,13
BRDA:68,13,1,1011
BRDA:74,14,0,1
BRDA:74,14,1,1010
BRDA:78,15,0,1
BRDA:78,15,1,1009
BRDA:82,16,0,1
BRDA:82,16,1,1008
BRDA:91,17,0,13
BRDA:91,17,1,1010
BRDA:98,18,0,1
BRDA:98,18,1,1009
BRDA:102,19,0,1
BRDA:102,19,1,1008
BRDA:112,20,0,0
BRDA:112,20,1,0
BRDA:129,21,0,1030
BRDA:129,21,1,8
BRDA:129,22,0,1038
BRDA:129,22,1,1031
BRDA:137,23,0,4
BRDA:137,23,1,3
BRF:48
BRH:42
end_of_record
TN:
SF:client\src\utils\logger.ts
FN:30,(anonymous_0)
FN:40,(anonymous_1)
FN:47,(anonymous_2)
FN:59,(anonymous_3)
FN:82,(anonymous_4)
FN:103,(anonymous_5)
FN:124,(anonymous_6)
FN:150,(anonymous_7)
FN:182,(anonymous_8)
FN:214,(anonymous_9)
FN:225,(anonymous_10)
FN:232,(anonymous_11)
FN:233,(anonymous_12)
FN:239,(anonymous_13)
FN:240,(anonymous_14)
FN:246,(anonymous_15)
FN:253,(anonymous_16)
FN:260,(anonymous_17)
FN:270,(anonymous_18)
FN:278,(anonymous_19)
FN:289,(anonymous_20)
FN:308,(anonymous_21)
FN:323,(anonymous_22)
FN:341,(anonymous_23)
FN:343,(anonymous_24)
FN:345,(anonymous_25)
FN:347,(anonymous_26)
FN:349,(anonymous_27)
FN:353,(anonymous_28)
FN:355,(anonymous_29)
FN:356,(anonymous_30)
FN:357,(anonymous_31)
FN:363,(anonymous_32)
FN:365,(anonymous_33)
FNF:34
FNH:6
FNDA:2,(anonymous_0)
FNDA:0,(anonymous_1)
FNDA:105,(anonymous_2)
FNDA:105,(anonymous_3)
FNDA:0,(anonymous_4)
FNDA:0,(anonymous_5)
FNDA:105,(anonymous_6)
FNDA:0,(anonymous_7)
FNDA:0,(anonymous_8)
FNDA:105,(anonymous_9)
FNDA:0,(anonymous_10)
FNDA:0,(anonymous_11)
FNDA:0,(anonymous_12)
FNDA:0,(anonymous_13)
FNDA:0,(anonymous_14)
FNDA:0,(anonymous_15)
FNDA:0,(anonymous_16)
FNDA:0,(anonymous_17)
FNDA:0,(anonymous_18)
FNDA:0,(anonymous_19)
FNDA:0,(anonymous_20)
FNDA:0,(anonymous_21)
FNDA:0,(anonymous_22)
FNDA:0,(anonymous_23)
FNDA:0,(anonymous_24)
FNDA:105,(anonymous_25)
FNDA:0,(anonymous_26)
FNDA:0,(anonymous_27)
FNDA:0,(anonymous_28)
FNDA:0,(anonymous_29)
FNDA:0,(anonymous_30)
FNDA:0,(anonymous_31)
FNDA:0,(anonymous_32)
FNDA:0,(anonymous_33)
DA:31,2
DA:32,2
DA:33,2
DA:34,2
DA:41,0
DA:48,105
DA:51,105
DA:52,0
DA:60,105
DA:61,105
DA:62,105
DA:64,105
DA:66,105
DA:67,105
DA:69,105
DA:70,105
DA:72,0
DA:76,105
DA:83,0
DA:84,0
DA:92,0
DA:94,0
DA:95,0
DA:104,0
DA:105,0
DA:113,0
DA:115,0
DA:116,0
DA:125,105
DA:126,105
DA:134,105
DA:137,105
DA:138,0
DA:141,105
DA:142,105
DA:151,0
DA:152,0
DA:160,0
DA:163,0
DA:164,0
DA:170,0
DA:173,0
DA:174,0
DA:183,0
DA:184,0
DA:192,0
DA:195,0
DA:196,0
DA:202,0
DA:205,0
DA:206,0
DA:215,105
DA:216,105
DA:217,105
DA:219,105
DA:226,0
DA:233,0
DA:240,0
DA:247,0
DA:254,0
DA:261,0
DA:271,0
DA:272,0
DA:275,0
DA:279,0
DA:280,0
DA:283,0
DA:290,0
DA:291,0
DA:298,0
DA:299,0
DA:301,0
DA:309,0
DA:310,0
DA:316,0
DA:317,0
DA:324,0
DA:327,0
DA:330,0
DA:338,2
DA:341,2
DA:342,0
DA:343,2
DA:344,0
DA:345,2
DA:346,105
DA:347,2
DA:348,0
DA:349,2
DA:350,0
DA:353,2
DA:354,0
DA:355,2
DA:356,2
DA:357,2
DA:362,0
DA:363,2
DA:364,0
DA:365,2
LF:99
LH:38
BRDA:32,0,0,2
BRDA:32,0,1,0
BRDA:51,1,0,0
BRDA:51,1,1,105
BRDA:62,2,0,105
BRDA:62,2,1,0
BRDA:66,3,0,105
BRDA:66,3,1,0
BRDA:69,4,0,0
BRDA:69,4,1,105
BRDA:83,5,0,0
BRDA:83,5,1,0
BRDA:94,6,0,0
BRDA:94,6,1,0
BRDA:104,7,0,0
BRDA:104,7,1,0
BRDA:115,8,0,0
BRDA:115,8,1,0
BRDA:125,9,0,105
BRDA:125,9,1,0
BRDA:137,10,0,0
BRDA:137,10,1,105
BRDA:141,11,0,105
BRDA:141,11,1,0
BRDA:151,12,0,0
BRDA:151,12,1,0
BRDA:163,13,0,0
BRDA:163,13,1,0
BRDA:166,14,0,0
BRDA:166,14,1,0
BRDA:173,15,0,0
BRDA:173,15,1,0
BRDA:183,16,0,0
BRDA:183,16,1,0
BRDA:195,17,0,0
BRDA:195,17,1,0
BRDA:198,18,0,0
BRDA:198,18,1,0
BRDA:205,19,0,0
BRDA:205,19,1,0
BRDA:225,20,0,0
BRDA:262,21,0,0
BRDA:262,21,1,0
BRDA:271,22,0,0
BRDA:271,22,1,0
BRDA:279,23,0,0
BRDA:279,23,1,0
BRDA:298,24,0,0
BRDA:298,24,1,0
BRDA:298,25,0,0
BRDA:298,25,1,0
BRF:51
BRH:8
end_of_record
TN:
SF:client\src\utils\validation.ts
FNF:0
FNH:0
DA:8,0
DA:14,0
DA:19,0
DA:25,0
LF:4
LH:0
BRF:0
BRH:0
end_of_record
